RDK_STARTED:5558
GST_CLEANUP_START:6111
GST_CLEANUP_COMPLETE:6315
IP_ACQUISTION_COMPLETED:eth0:0:7827
SEND_DHCP_REQUEST:9931
RECV_DHCP_RESPONSE:10114
WPE_FRAMEWORK_START:14353
RESIDENTAPP_LOAD_START:23752
PLUI_LAUNCH_START:24695
RESIDENTAPP_LAUNCH_START:25667
PLUI_LAUNCH_START:27398
RESIDENTAPP_LAUNCH_COMPLETE:28845
HIDE_SPLASH_SCREEN:34418
HIDE_SPLASH_SCREEN:35170
RESIDENTAPP_LAUNCH_COMPLETE:35175
CONNECT_TO_NTP_SERVER:46523
CONNECT_TO_XCONF_CDL:182354
HIDE_SPLASH_SCREEN:568591
WPE_FRAMEWORK_START:573955
HIDE_SPLASH_SCREEN:581629
RESIDENTAPP_LAUNCH_START:584228
RESIDENTAPP_LAUNCH_COMPLETE:588571
RESIDENTAPP_LOAD_START:617867
PLUI_LAUNCH_START:618790
PLUI_LAUNCH_START:620464
HIDE_SPLASH_SCREEN:627320
RESIDENTAPP_LAUNCH_COMPLETE:627325
CONNECT_TO_XCONF_CDL:727059
