2023 Jun 15 07:23:11.710688 [ssm_cri_data.sh#11396]: /usr/bin/cridataparser

**********************************************************************
*** White Balance - Colour Temperature from [cri_data](sd3 flash data)
**********************************************************************


 ................[ Std]         [Warm]         [Cold]
 1)HDMI
 ............................................................
 ...........en = [   1]( -  ) - [   1]( -  ) - [   1]( -  )
 .r_pre_offset = [   0]( -  ) - [   0]( -  ) - [   0]( -  )
 .g_pre_offset = [   0]( -  ) - [   0]( -  ) - [   0]( -  )
 .b_pre_offset = [   0]( -  ) - [   0]( -  ) - [   0]( -  )
 .......r_gain = [1024](1024) - [1024](1024) - [1024](1024)
 .......g_gain = [1024](1024) - [1024](1024) - [1024](1024)
 .......b_gain = [1024](1024) - [1024](1024) - [1024](1024)
 r_post_offset = [   0](   0) - [   0](   0) - [   0](   0)
 g_post_offset = [   0](   0) - [   0](   0) - [   0](   0)
 b_post_offset = [   0](   0) - [   0](   0) - [   0](   0)
 ............................................................
 2)TV
 ............................................................
 ...........en = [   0]( -  ) - [   0]( -  ) - [   0]( -  )
 .r_pre_offset = [   0]( -  ) - [   0]( -  ) - [   0]( -  )
 .g_pre_offset = [   0]( -  ) - [   0]( -  ) - [   0]( -  )
 .b_pre_offset = [   0]( -  ) - [   0]( -  ) - [   0]( -  )
 .......r_gain = [   0](   0) - [   0](   0) - [   0](   0)
 .......g_gain = [   0](   0) - [   0](   0) - [   0](   0)
 .......b_gain = [   0](   0) - [   0](   0) - [   0](   0)
 r_post_offset = [   0](   0) - [   0](   0) - [   0](   0)
 g_post_offset = [   0](   0) - [   0](   0) - [   0](   0)
 b_post_offset = [   0](   0) - [   0](   0) - [   0](   0)
 ............................................................
 3)AV
 ............................................................
 ...........en = [   0]( -  ) - [   0]( -  ) - [   0]( -  )
 .r_pre_offset = [   0]( -  ) - [   0]( -  ) - [   0]( -  )
 .g_pre_offset = [   0]( -  ) - [   0]( -  ) - [   0]( -  )
 .b_pre_offset = [   0]( -  ) - [   0]( -  ) - [   0]( -  )
 .......r_gain = [   0](   0) - [   0](   0) - [   0](   0)
 .......g_gain = [   0](   0) - [   0](   0) - [   0](   0)
 .......b_gain = [   0](   0) - [   0](   0) - [   0](   0)
 r_post_offset = [   0](   0) - [   0](   0) - [   0](   0)
 g_post_offset = [   0](   0) - [   0](   0) - [   0](   0)
 b_post_offset = [   0](   0) - [   0](   0) - [   0](   0)
 ............................................................

 where,
 [x] - cri_data values
 (y) - sd3 values (calibrated)
_______________________
cridataparer v [0.1] 


