2023 Jun 15 07:22:34.712762 sh[5755]:  Start Mediarite
2023 Jun 15 07:22:35.139069 sh[5755]:  FUTARQUE_IDENTITY from ifconfig is:'A8:4A:63:1E:5A:DE'
2023 Jun 15 07:22:35.139197 sh[5755]:  FUTARQUE_SERIALNO_UINT64 from FUTARQUE_IDENTITY is:'0xA84A631E5ADE'
2023 Jun 15 07:22:35.139257 sh[5755]:  NETWORK_IDENTITY from /tmp/.model_number is:'ELTE11MWR'
2023 Jun 15 07:22:35.139314 sh[5755]:  SOC from /etc/device.properties is:'AMLOGIC'
2023 Jun 15 07:22:35.139371 sh[5755]:  BUILD_TYPE from /etc/device.properties is:'vbn'
2023 Jun 15 07:22:35.139438 sh[5755]:  FRIENDLY_ID from /etc/device.properties is:''
2023 Jun 15 07:22:35.139523 sh[5755]:  GDPR_LOCALE from /etc/device.properties is:''
2023 Jun 15 07:22:35.139583 sh[5755]:  MODEL_NUM from /etc/device.properties is:'ELTE11MWR'
2023 Jun 15 07:22:35.270529 sh[5755]:  Configuring environments for Amlogic
2023 Jun 15 07:22:35.368413 sh[5755]:  export AML_SET_DECODER_ERROR_POLICY="1"
2023 Jun 15 07:22:35.368530 sh[5755]:  export BUILD_TYPE="vbn"
2023 Jun 15 07:22:35.368666 sh[5755]:  export CORE_CLOCK_TRACK_CHANGE_MODE="2"
2023 Jun 15 07:22:35.368730 sh[5755]:  export DEBUGINIFILE="/etc/debug.ini"
2023 Jun 15 07:22:35.368799 sh[5755]:  export DV_BIN_FILE="/vendor/etc/tvconfig/panel/dv_config_3_55_02.bin"
2023 Jun 15 07:22:35.368857 sh[5755]:  export DV_BIN_LDC_ON_FILE="/vendor/etc/tvconfig/panel/dv_config_ldc_on.bin"
2023 Jun 15 07:22:35.368915 sh[5755]:  export DV_CFG_FILE="/vendor/etc/tvconfig/panel/Amlogic_dv_3_55_02.cfg"
2023 Jun 15 07:22:35.368973 sh[5755]:  export DV_CFG_LDC_ON_FILE="/vendor/etc/tvconfig/panel/Amlogic_dv_ldc_on.cfg"
2023 Jun 15 07:22:35.369051 sh[5755]:  export FRIENDLY_ID=""
2023 Jun 15 07:22:35.369111 sh[5755]:  export FUTARQUE_IDENTITY="A8:4A:63:1E:5A:DE"
2023 Jun 15 07:22:35.369322 sh[5755]:  export FUTARQUE_SERIALNO_UINT64="0xA84A631E5ADE"
2023 Jun 15 07:22:35.369389 sh[5755]:  export GDPR_LOCALE=""
2023 Jun 15 07:22:35.369461 sh[5755]:  export GST_AUDIO_SINK="amlhalasink"
2023 Jun 15 07:22:35.369520 sh[5755]:  export GST_HW_AV_SYNC="1"
2023 Jun 15 07:22:35.369579 sh[5755]:  export GST_UNMAPPED_BUFFER_TIME_STAMPS="1"
2023 Jun 15 07:22:35.369637 sh[5755]:  export GST_USE_PCR_SINK="1"
2023 Jun 15 07:22:35.369696 sh[5755]:  export GST_WESTEROS_SINK_VIDEO_RES="1920,1080"
2023 Jun 15 07:22:35.369766 sh[5755]:  export LD_PRELOAD="/usr/lib/mediarite/libSafeSetenv.so.10.0"
2023 Jun 15 07:22:35.369853 sh[5755]:  export LOGNAME="root"
2023 Jun 15 07:22:35.369926 sh[5755]:  export MODEL_NUM="ELTE11MWR"
2023 Jun 15 07:22:35.369996 sh[5755]:  export MS12_AUDIO_PROFILE="/etc/ds/ms12_audio_profiles_3_55_02.ini"
2023 Jun 15 07:22:35.370088 sh[5755]:  export MS12_TUNING_DAT="/vendor/etc/ms12_tuning_3_55_02.dat"
2023 Jun 15 07:22:35.370152 sh[5755]:  export NETSRVMGRINIFILE="/etc/netsrvmgr.conf"
2023 Jun 15 07:22:35.370211 sh[5755]:  export NETWORK_IDENTITY="ELTE11MWR"
2023 Jun 15 07:22:35.370270 sh[5755]:  export NOTIFY_SOCKET="/run/systemd/notify"
2023 Jun 15 07:22:35.370328 sh[5755]:  export OLDPWD
2023 Jun 15 07:22:35.370387 sh[5755]:  export PATH="/usr/local/sbin:/usr/local/bin:/usr/sbin:/usr/bin:/sbin:/bin"
2023 Jun 15 07:22:35.370458 sh[5755]:  export PLATFORM="ele"
2023 Jun 15 07:22:35.370518 sh[5755]:  export PLAYERSINKBIN_USE_WESTEROSSINK="1"
2023 Jun 15 07:22:35.370588 sh[5755]:  export PQ_DB_FILE="/vendor/etc/tvconfig/pq/pq_3_55_02.db"
2023 Jun 15 07:22:35.370660 sh[5755]:  export PWD="/"
2023 Jun 15 07:22:35.370726 sh[5755]:  export RMFCONFIGINIFILE="/etc/rmfconfig.ini"
2023 Jun 15 07:22:35.370803 sh[5755]:  export SHLVL="1"
2023 Jun 15 07:22:35.370863 sh[5755]:  export SOC="AMLOGIC"
2023 Jun 15 07:22:35.370922 sh[5755]:  export USER="root"
2023 Jun 15 07:22:35.370984 sh[5755]:  export VOLUME_TABLE="/etc/ds/ds_vol_map_3_55_02.ini"
2023 Jun 15 07:22:35.371047 sh[5755]:  export WA_FRONTEND_REOPEN_ON_ERROR="1"
2023 Jun 15 07:22:35.371113 sh[5755]:  export WA_GST_ADJUST_VIDEO_POSITION="1"
2023 Jun 15 07:22:35.371173 sh[5755]:  export WA_GST_AUDIO_DISABLE_XRUN="1"
2023 Jun 15 07:22:35.371232 sh[5755]:  export WA_GST_AUDIO_MUTE_PULSE_MS="250"
2023 Jun 15 07:22:35.371293 sh[5755]:  export WA_GST_MANAGE_PIPELINE_CLOCK="1"
2023 Jun 15 07:22:35.371379 sh[5755]:  export WA_GST_RESTART_STALLED="3"
2023 Jun 15 07:22:35.371441 sh[5755]:  export WA_GST_SHUTDOWN_BEFORE_NEW_PLAYBIN="1"
2023 Jun 15 07:22:35.371501 sh[5755]:  export WA_GST_USE_LAST_SAMPLE="0"
2023 Jun 15 07:22:35.371561 sh[5755]:  export WEBPANOTIFYINCFG="/etc/notify_webpa_cfg.json"
2023 Jun 15 07:22:35.371619 sh[5755]:  export WESTEROS_SINK_ALLOW_4K_ZOOM="1"
2023 Jun 15 07:22:35.371684 sh[5755]:  export WESTEROS_SINK_AMLOGIC_USE_DMABUF="1"
2023 Jun 15 07:22:35.371762 sh[5755]:  export WESTEROS_SINK_USE_ESSRMGR="1"
2023 Jun 15 07:22:35.371834 sh[5755]:  export WESTEROS_SINK_USE_FREERUN="1"
2023 Jun 15 07:22:35.371903 sh[5755]:  export XDG_RUNTIME_DIR="/run"
2023 Jun 15 07:22:35.371985 sh[5755]:  export YOCTO_MACHINE="element-teone"
2023 Jun 15 07:22:35.372057 sh[5755]:  export YOCTO_PRODUCT=""
2023 Jun 15 07:22:35.372122 sh[5755]:  export tv_model_name="3_55_02"
2023 Jun 15 07:22:37.966550 sh[5755]:  + cd /usr/share/mediarite
2023 Jun 15 07:22:37.966665 sh[5755]:  + killall -q -9 MediaRite
2023 Jun 15 07:22:38.027323 sh[5755]:  + exec /usr/share/mediarite/MediaRite --enable-stdout=0 --thread-mon=0
2023 Jun 15 07:22:38.449187 MediaRite[5755]:  Config File /etc/mediarite/mediarite.cfg - loaded
2023 Jun 15 07:22:38.449945 MediaRite[5755]:  Config File //opt/persistent/mediarite/mediarite.cfg - not found
2023 Jun 15 07:22:38.450505 MediaRite[5755]:  Loading BasicDvbStringInterface
2023 Jun 15 07:22:38.451171 MediaRite[5755]:  Looking for plugin pluginFileName=//usr/lib/mediarite/plugins//libBasicDvbStringPlugin.so.10.0
2023 Jun 15 07:22:38.452729 MediaRite[5755]:  Loaded plugin pluginFileName=//usr/lib/mediarite/plugins//libBasicDvbStringPlugin.so.10.0
2023 Jun 15 07:22:38.453339 MediaRite[5755]:  Found Plugin Done...
2023 Jun 15 07:22:39.556740 MediaRite[5755]:  MRT_INFO_FILESYSTEM_STATS: size=-1, free=466300928, total=528424960, loc=//opt/persistent/mediarite
2023 Jun 15 07:22:39.557466 MediaRite[5755]:  MRT_INFO_FILESYSTEM_STATS: size=-1, free=2261790720, total=3170648064, loc=//media/apps/mediarite
2023 Jun 15 07:22:39.564188 sh[5755]:  -=========================-
2023 Jun 15 07:22:39.564339 sh[5755]:  -=       MediaRite       =-
2023 Jun 15 07:22:39.564440 sh[5755]:  -= Sky Labs Aalborg A/S  =-
2023 Jun 15 07:22:39.564521 sh[5755]:  -=========================-
2023 Jun 15 07:22:39.564657 sh[5755]:   Product          : 8200-element_teone-release
2023 Jun 15 07:22:39.564740 sh[5755]:   Software Version : 10.0.9.0
2023 Jun 15 07:22:39.564831 sh[5755]:   Date             : 20230615
2023 Jun 15 07:22:39.565531 MediaRite[5755]:  MRT_INFO_FILESYSTEM_STATS: size=-1, free=0, total=0, loc=//tmp/mediarite
2023 Jun 15 07:22:39.575223 MediaRite[5755]:   gregfile=//opt/persistent/mediarite/gstreamer_1000090099.reg
2023 Jun 15 07:22:39.618096 MediaRite[5755]:   *smpBlockdeviceConfig={mBlockdevice=[1] {{mBlockdevId=0, mBlockdevType=3, mpBlockdevName=/dev/mmcblk0, mPartition=[3] {{mPartId=0, mFstype=6, mUsage=3, mpMountPoint=, mpPartDevname=/dev/mmcblk0p1, mUseItForSettings=false, mUseItForBulk=false, mBulkProjectId=0, mpBulkSubDir=, mUseItForTemp=false, mpTempSubDir=, mTempLimit=0}, {mPartId=1, mFstype=5, mUsage=4, mpMountPoint=/boot-sw, mpPartDevname=/dev/mmcblk0p2, mUseItForSettings=false, mUseItForBulk=false, mBulkProjectId=0, mpBulkSubDir=, mUseItForTemp=false, mpTempSubDir=, mTempLimit=0}, {mPartId=2, mFstype=3, mUsage=5, mpMountPoint=/media/data0-2, mpPartDevname=/dev/mmcblk0p3, mUseItForSettings=true, mUseItForBulk=false, mBulkProjectId=0, mpBulkSubDir=, mUseItForTemp=true, mpTempSubDir=/temp, mTempLimit=2147483648}}}}, smpBlockdeviceConfig=0x7e26cd90}
2023 Jun 15 07:22:39.636462 MediaRite[5755]:  Opening 2 i2c busses
2023 Jun 15 07:22:39.663979 MediaRite[5755]:  Looking for plugin pluginFileName=//usr/lib/mediarite/plugins//libHalKeysPlugin.so.10.0
2023 Jun 15 07:22:39.665345 MediaRite[5755]:  Loaded plugin pluginFileName=//usr/lib/mediarite/plugins//libHalKeysPlugin.so.10.0
2023 Jun 15 07:22:39.665862 MediaRite[5755]:  Found Plugin Done...
2023 Jun 15 07:22:40.029313 MediaRite[5755]:  SettingsDB - resetit 0
2023 Jun 15 07:22:40.029923 MediaRite[5755]:  oldVersion 60, desiredSettingsDBVersion 60
2023 Jun 15 07:22:40.031083 MediaRite[5755]:  settingsdb filesize 157696
2023 Jun 15 07:22:40.050180 MediaRite[5755]:  DynDB - resetit 0
2023 Jun 15 07:22:40.055543 MediaRite[5755]:  oldDynVersion 1, DYNDB_DATABASE_VERSION 1
2023 Jun 15 07:22:40.056162 MediaRite[5755]:  PermDB - resetit 0
2023 Jun 15 07:22:40.056807 MediaRite[5755]:  oldPermVersion 2, PERMDB_DATABASE_VERSION 2
2023 Jun 15 07:22:40.156484 MediaRite[5755]:  oldVersion 6, FDBUS_SETTINGS_MIGRATION_TRANSACTION_NUM 6
2023 Jun 15 07:22:40.267614 MediaRite[5755]:  Loading mo file /usr/share/mediarite/resources/locale/en.mo
2023 Jun 15 07:22:40.303777 MediaRite[5755]:  VidDecoderCaps mCombinedVideoFormats=<FVF_MPEG1 FVF_MPEG2 FVF_MPEG4_AVC FVF_MPEG4_HEVC>
2023 Jun 15 07:22:40.312210 MediaRite[5755]:  Unable to write data  dev=/dev/i2c-0, mAddress=0xc0, mSubAddress(0)=<>, buf(1)=<00>, ret=-1, errno=6(No such device or address), retry=0, 2=2
2023 Jun 15 07:22:40.312856 MediaRite[5755]:  Detected originalFrontEnd=0, detectedConfigs.size()=0, frontEndSubIndex=1, pConfig->mHwDetect=i2c:/dev/i2c/0/0xC6?w=0x00
2023 Jun 15 07:22:40.313396 MediaRite[5755]:  ----- TunerFrontEndConfig -----
2023 Jun 15 07:22:40.313923 MediaRite[5755]:   mTunerNumber=0
2023 Jun 15 07:22:40.314437 MediaRite[5755]:   mSubTunerNumber=0
2023 Jun 15 07:22:40.314926 MediaRite[5755]:   mOrgSubTunerNumber=1
2023 Jun 15 07:22:40.318858 MediaRite[5755]:   mSwitchPioPins=0
2023 Jun 15 07:22:40.319555 MediaRite[5755]:   mSwitchPin[0]=
2023 Jun 15 07:22:40.320162 MediaRite[5755]:   mSwitchPin[1]=
2023 Jun 15 07:22:40.321703 MediaRite[5755]:   mDriverType=2
2023 Jun 15 07:22:40.322364 MediaRite[5755]:   mTsIn=2
2023 Jun 15 07:22:40.322887 MediaRite[5755]:   mCarrierTypeBits=33695
2023 Jun 15 07:22:40.323447 MediaRite[5755]:   mRFLevelConnected=false
2023 Jun 15 07:22:40.333599 MediaRite[5755]:   mTunerType=0
2023 Jun 15 07:22:40.349013 MediaRite[5755]:   mPLLI2CAddress=
2023 Jun 15 07:22:40.349590 sh[5755]:  IARM_Init group name = com.comcast.rdk.iarm.bus member name = Mediarite
2023 Jun 15 07:22:40.360726 MediaRite[5755]:   mSecondPLLI2CAddress=
2023 Jun 15 07:22:40.361077 sh[5755]:  setting init done
2023 Jun 15 07:22:40.361215 sh[5755]:  Registering Mediarite
2023 Jun 15 07:22:40.361737 MediaRite[5755]:   mDemodI2CAddress=
2023 Jun 15 07:22:40.362455 MediaRite[5755]:   mTsMode=0
2023 Jun 15 07:22:40.363096 MediaRite[5755]:   mUsesRepeater=false
2023 Jun 15 07:22:40.363651 MediaRite[5755]:   mDemodResetPin=
2023 Jun 15 07:22:40.369030 MediaRite[5755]:   mLnbControl=0
2023 Jun 15 07:22:40.374292 MediaRite[5755]:   mLnbI2CAddress=
2023 Jun 15 07:22:40.379639 MediaRite[5755]:   mPolarityPin=
2023 Jun 15 07:22:40.384781 MediaRite[5755]:   mLineLengthPin=
2023 Jun 15 07:22:40.388173 MediaRite[5755]:   mLnbEnablePin=
2023 Jun 15 07:22:40.394027 MediaRite[5755]:   mResetBeforeHwDetect=false
2023 Jun 15 07:22:40.395595 MediaRite[5755]:   mHwDetect=i2c:/dev/i2c/0/0xC6?w=0x00
2023 Jun 15 07:22:40.402017 MediaRite[5755]:   mMaxAgc=0
2023 Jun 15 07:22:40.402678 MediaRite[5755]:   mMaxBitErrorRate=0
2023 Jun 15 07:22:40.403871 MediaRite[5755]:   mMaxSignalNoiseRatio=0
2023 Jun 15 07:22:40.405243 MediaRite[5755]:  Returning  len=10, oValue=1290
2023 Jun 15 07:22:40.413625 MediaRite[5755]:  CheckTuner[0] Open(4196611)
2023 Jun 15 07:22:40.417875 MediaRite[5755]:  DBOnlineRestore - //media/apps/mediarite/epg_sched.bak[main] -> InMem_EpgSched[main]
2023 Jun 15 07:22:40.418488 MediaRite[5755]:  Restore Progress 29/29   100 %
2023 Jun 15 07:22:40.473203 MediaRite[5755]:   oCaps=[1] {{mSupportedFrontEndTypes=<FFE_DVB_C FFE_ATSC FFE_DTMB FFE_QAMB>, mFrontEndType=FFE_UNKNOWN, mMinFrequency=0, mMaxFrequency=0, mMinSymbolRate=4294967295, mMaxSymbolRate=0, mMinFrequencySweepStep=0, mMaxFrequencySweepStep=4294967295, mTrustActualFrequencyFeedback=false, mSignalIndicatorsAreNordigCompliant=false, mCiSwitchCapability=false, mTsSwitchCapability=false, mAutoSymbolRate=false, mSweepSupport=false}}
2023 Jun 15 07:22:40.473851 MediaRite[5755]:  Found: Name=Internal, CAPS=<FFE_DVB_C FFE_ATSC FFE_QAMB>
2023 Jun 15 07:22:42.001726 MediaRite[5755]:  MediaRiteApiManagerInit()
2023 Jun 15 07:22:42.010197 MediaRite[5755]:  Creating SettingsManager
2023 Jun 15 07:22:42.051355 MediaRite[5755]:  Creating PlayerManager
2023 Jun 15 07:22:42.052371 MediaRite[5755]:  Creating TunerManager
2023 Jun 15 07:22:42.091368 MediaRite[5755]:  Listening to tcp:40660 pro 2 fd:44
2023 Jun 15 07:22:42.093295 MediaRite[5755]:  Listening to tcp=40660, protocol=eJson, fd=44, usage=MAPI
2023 Jun 15 07:22:42.094161 MediaRite[5755]:  Listening to unix=/tmp/mediarite_mapi, protocol=eJson, fd=47
2023 Jun 15 07:22:42.094736 MediaRite[5755]:  MediaRiteApiRpcLooper-Listening on  mLocalSocket=/tmp/mediarite_mapi, mTcpPort=40660, mRemoteAccessEnabled=true
2023 Jun 15 07:22:42.110506 MediaRite[5755]:  Core ENV override:  env=CORE_CLOCK_TRACK_CHANGE_MODE, env_value=2
2023 Jun 15 07:22:42.111191 MediaRite[5755]:  MRT_INFO_CR_SET_STATE: playerId=MainPlayer, grace=MIN, time=MIN, eventChange=false, restriction={}
2023 Jun 15 07:22:42.111701 MediaRite[5755]:  SetContentRestrictionsState  playerId=MainPlayer, iContentRestrictionsState={mContentRating={}, mDoApplyNewRatingOnEpgChange=false, mContentRatingToApplyOnEpgChange={}, mTimeNowNs=0, mGraceTimeoutNs=0, mUnlockTimeoutNs=0}
2023 Jun 15 07:22:42.116723 MediaRite[5755]:  MRT_INFO_CR_SET_STATE: playerId=AsPlayer, grace=MIN, time=MIN, eventChange=false, restriction={}
2023 Jun 15 07:22:42.117397 MediaRite[5755]:  SetContentRestrictionsState  playerId=AsPlayer, iContentRestrictionsState={mContentRating={}, mDoApplyNewRatingOnEpgChange=false, mContentRatingToApplyOnEpgChange={}, mTimeNowNs=0, mGraceTimeoutNs=0, mUnlockTimeoutNs=0}
2023 Jun 15 07:22:42.128869 MediaRite[5755]:  Core ENV override:  env=CORE_CLOCK_TRACK_CHANGE_MODE, env_value=2
2023 Jun 15 07:22:42.357362 MediaRite[5755]:  MRT_INFO_CR_SET_STATE: playerId=Maintenance, grace=MIN, time=MIN, eventChange=false, restriction={}
2023 Jun 15 07:22:42.358521 MediaRite[5755]:  SetContentRestrictionsState  playerId=Maintenance, iContentRestrictionsState={mContentRating={}, mDoApplyNewRatingOnEpgChange=false, mContentRatingToApplyOnEpgChange={}, mTimeNowNs=0, mGraceTimeoutNs=0, mUnlockTimeoutNs=0}
2023 Jun 15 07:22:43.039514 MediaRite[5755]:  SetTimeController: Created
2023 Jun 15 07:22:43.046955 MediaRite[5755]:  Tune: type=StreamType_ATSC, freq_kHz=57000, bw=FFE_BANDWIDTH_6_MHZ, retry=0
2023 Jun 15 07:22:44.449071 MediaRite[5755]:  MRT_INFO_TUNER_TUNE_SUCCESS: mode=normal, time=1404, freq=57000
2023 Jun 15 07:22:44.451785 MediaRite[5755]:  /usr/src/debug/mediarite-base/10.0.9.0-r0/dev-kit/mediarite/Source/Hal/FrontEnd/SuperFrontEndTsi/LinuxDvbAml/LinuxDvbAmlTsiHandler.cpp:Changing '/sys/class/stb/demux0_source' to 'ts2'' from ''
2023 Jun 15 07:22:44.452429 MediaRite[5755]:  /usr/src/debug/mediarite-base/10.0.9.0-r0/dev-kit/mediarite/Source/Hal/FrontEnd/SuperFrontEndTsi/LinuxDvbAml/LinuxDvbAmlTsiHandler.cpp:Changing '/sys/class/stb/asyncfifo0_source' to 'dmx0'' from ''
2023 Jun 15 07:22:44.453051 MediaRite[5755]:  /usr/src/debug/mediarite-base/10.0.9.0-r0/dev-kit/mediarite/Source/Hal/FrontEnd/SuperFrontEndTsi/LinuxDvbAml/LinuxDvbAmlTsiHandler.cpp:Changing '/sys/class/stb/asyncfifo0_flush_size' to '32768'' from '262144'
2023 Jun 15 07:22:44.455413 MediaRite[5755]:  /usr/src/debug/mediarite-base/10.0.9.0-r0/dev-kit/mediarite/Source/Hal/FrontEnd/SuperFrontEndTsi/LinuxDvbAml/LinuxDvbAmlTsiHandler.cpp:Changing '/sys/class/stb/dvr0_mode' to 'ts'' from 'pid'
2023 Jun 15 07:22:44.814503 MediaRite[5755]:  NetworkTunerManager::NotifyNetworkReady(bool networkReady=1 mNetworkReady=0 mInternalTunerReady=0)
2023 Jun 15 07:22:44.815037 MediaRite[5755]:  Sending NetworkReady ioctl to tuner fd 4196611 ready 1
2023 Jun 15 07:22:44.968682 MediaRite[5755]:  SetTimeController: SetTimeSuccess
2023 Jun 15 07:22:45.045209 MediaRite[5755]:  SetTimeController: Released
2023 Jun 15 07:22:52.510640 MediaRite[5755]:  Powermode prechange: STANDBY -> ON
2023 Jun 15 07:22:52.553125 MediaRite[5755]:  Powermode changed: STANDBY -> ON
2023 Jun 15 07:22:52.557053 MediaRite[5755]:  NotifyPowerStateChanged iPowerStateChanged={mCurrentState=LIGHT_SLEEP, mNewState=ON}
2023 Jun 15 07:23:03.921472 MediaRite[5755]:  MRT_INFO_NUMBER_OF_SERVICES: tv=93, radio=0, data=0
2023 Jun 15 07:23:03.922512 MediaRite[5755]:  MRT_INFO_NUMBER_OF_SERVICES_ON_CARRIER: dvbt=0, dvbc=0, dvbs=0, atsc=93, isdbt=0
2023 Jun 15 07:23:03.924426 MediaRite[5755]:  MRT_INFO_NUMBER_OF_TV_SERVICES: sd=93, hd=0, uhd=0
2023 Jun 15 07:23:03.925264 MediaRite[5755]:  MRT_INFO_NUMBER_OF_MUXES: muxes=15
2023 Jun 15 07:27:04.411692 MediaRite[5755]:  MRT_INFO_CR_SET_STATE: playerId=ChannelSearch, grace=MIN, time=MIN, eventChange=false, restriction={}
2023 Jun 15 07:27:04.412246 MediaRite[5755]:  SetContentRestrictionsState  playerId=ChannelSearch, iContentRestrictionsState={mContentRating={}, mDoApplyNewRatingOnEpgChange=false, mContentRatingToApplyOnEpgChange={}, mTimeNowNs=0, mGraceTimeoutNs=0, mUnlockTimeoutNs=0}
2023 Jun 15 07:27:04.415642 MediaRite[5755]:  MRT_INFO_CHANNEL_SCAN_INITIATED: type=CSMT_LOCATION, fta=0, nlpk=80
2023 Jun 15 07:27:04.419095 MediaRite[5755]:  Tune: type=StreamType_ATSC, freq_kHz=57000, bw=FFE_BANDWIDTH_6_MHZ, retry=0
2023 Jun 15 07:27:05.729496 MediaRite[5755]:  MRT_INFO_TUNER_TUNE_SUCCESS: mode=scan, time=1312, freq=57000
2023 Jun 15 07:27:05.730104 MediaRite[5755]:  /usr/src/debug/mediarite-base/10.0.9.0-r0/dev-kit/mediarite/Source/Hal/FrontEnd/SuperFrontEndTsi/LinuxDvbAml/LinuxDvbAmlTsiHandler.cpp:Changing '/sys/class/stb/demux0_source' to 'ts2'' from 'ts2'
2023 Jun 15 07:27:05.730659 MediaRite[5755]:  /usr/src/debug/mediarite-base/10.0.9.0-r0/dev-kit/mediarite/Source/Hal/FrontEnd/SuperFrontEndTsi/LinuxDvbAml/LinuxDvbAmlTsiHandler.cpp:Changing '/sys/class/stb/asyncfifo0_source' to 'dmx0'' from 'dmx0'
2023 Jun 15 07:27:05.731090 MediaRite[5755]:  /usr/src/debug/mediarite-base/10.0.9.0-r0/dev-kit/mediarite/Source/Hal/FrontEnd/SuperFrontEndTsi/LinuxDvbAml/LinuxDvbAmlTsiHandler.cpp:Changing '/sys/class/stb/asyncfifo0_flush_size' to '32768'' from '32768'
2023 Jun 15 07:27:05.732295 MediaRite[5755]:  /usr/src/debug/mediarite-base/10.0.9.0-r0/dev-kit/mediarite/Source/Hal/FrontEnd/SuperFrontEndTsi/LinuxDvbAml/LinuxDvbAmlTsiHandler.cpp:Changing '/sys/class/stb/dvr0_mode' to 'ts'' from 'ts'
2023 Jun 15 07:27:05.737796 MediaRite[5755]:  MRT_INFO_TUNER_SIGNAL_INFO: freq=57000, ssi=58, sqi=31, ber=0, snr=31, rfl=0, unc=49
2023 Jun 15 07:27:05.976554 MediaRite[5755]:  Tune: type=StreamType_ATSC, freq_kHz=63000, bw=FFE_BANDWIDTH_6_MHZ, retry=0
2023 Jun 15 07:27:06.624568 MediaRite[5755]:  MRT_WARN_TUNER_TUNE_FAILED: mode=scan, time=649, freq=63000
2023 Jun 15 07:27:06.625737 MediaRite[5755]:  MRT_INFO_TUNER_SIGNAL_INFO: freq=63000, ssi=6, sqi=0, ber=0, snr=0, rfl=0, unc=0
2023 Jun 15 07:27:06.629747 MediaRite[5755]:  Tune: type=StreamType_ATSC, freq_kHz=69000, bw=FFE_BANDWIDTH_6_MHZ, retry=0
2023 Jun 15 07:27:09.262411 MediaRite[5755]:  MRT_WARN_TUNER_TUNE_FAILED: mode=scan, time=2634, freq=69000
2023 Jun 15 07:27:09.263592 MediaRite[5755]:  MRT_INFO_TUNER_SIGNAL_INFO: freq=69000, ssi=13, sqi=0, ber=0, snr=0, rfl=0, unc=0
2023 Jun 15 07:27:09.267958 MediaRite[5755]:  Tune: type=StreamType_ATSC, freq_kHz=79000, bw=FFE_BANDWIDTH_6_MHZ, retry=0
2023 Jun 15 07:27:09.665068 MediaRite[5755]:  MRT_WARN_TUNER_TUNE_FAILED: mode=scan, time=399, freq=79000
2023 Jun 15 07:27:09.666353 MediaRite[5755]:  MRT_INFO_TUNER_SIGNAL_INFO: freq=79000, ssi=6, sqi=0, ber=0, snr=0, rfl=0, unc=0
2023 Jun 15 07:27:09.670278 MediaRite[5755]:  Tune: type=StreamType_ATSC, freq_kHz=85000, bw=FFE_BANDWIDTH_6_MHZ, retry=0
2023 Jun 15 07:27:10.953735 MediaRite[5755]:  MRT_INFO_TUNER_TUNE_SUCCESS: mode=scan, time=1285, freq=85000
2023 Jun 15 07:27:10.954370 MediaRite[5755]:  /usr/src/debug/mediarite-base/10.0.9.0-r0/dev-kit/mediarite/Source/Hal/FrontEnd/SuperFrontEndTsi/LinuxDvbAml/LinuxDvbAmlTsiHandler.cpp:Changing '/sys/class/stb/demux0_source' to 'ts2'' from 'ts2'
2023 Jun 15 07:27:10.954889 MediaRite[5755]:  /usr/src/debug/mediarite-base/10.0.9.0-r0/dev-kit/mediarite/Source/Hal/FrontEnd/SuperFrontEndTsi/LinuxDvbAml/LinuxDvbAmlTsiHandler.cpp:Changing '/sys/class/stb/asyncfifo0_source' to 'dmx0'' from 'dmx0'
2023 Jun 15 07:27:10.955325 MediaRite[5755]:  /usr/src/debug/mediarite-base/10.0.9.0-r0/dev-kit/mediarite/Source/Hal/FrontEnd/SuperFrontEndTsi/LinuxDvbAml/LinuxDvbAmlTsiHandler.cpp:Changing '/sys/class/stb/asyncfifo0_flush_size' to '32768'' from '32768'
2023 Jun 15 07:27:10.956929 MediaRite[5755]:  /usr/src/debug/mediarite-base/10.0.9.0-r0/dev-kit/mediarite/Source/Hal/FrontEnd/SuperFrontEndTsi/LinuxDvbAml/LinuxDvbAmlTsiHandler.cpp:Changing '/sys/class/stb/dvr0_mode' to 'ts'' from 'ts'
2023 Jun 15 07:27:10.963161 MediaRite[5755]:  MRT_INFO_TUNER_SIGNAL_INFO: freq=85000, ssi=29, sqi=22, ber=27, snr=22, rfl=0, unc=49
2023 Jun 15 07:27:11.166286 MediaRite[5755]:  Tune: type=StreamType_ATSC, freq_kHz=177000, bw=FFE_BANDWIDTH_6_MHZ, retry=0
2023 Jun 15 07:27:11.559209 MediaRite[5755]:  MRT_WARN_TUNER_TUNE_FAILED: mode=scan, time=394, freq=177000
2023 Jun 15 07:27:11.562676 MediaRite[5755]:  MRT_INFO_TUNER_SIGNAL_INFO: freq=177000, ssi=4, sqi=0, ber=0, snr=0, rfl=0, unc=0
2023 Jun 15 07:27:11.566891 MediaRite[5755]:  Tune: type=StreamType_ATSC, freq_kHz=183000, bw=FFE_BANDWIDTH_6_MHZ, retry=0
2023 Jun 15 07:27:11.964196 MediaRite[5755]:  MRT_WARN_TUNER_TUNE_FAILED: mode=scan, time=399, freq=183000
2023 Jun 15 07:27:11.968026 MediaRite[5755]:  MRT_INFO_TUNER_SIGNAL_INFO: freq=183000, ssi=1, sqi=0, ber=0, snr=0, rfl=0, unc=0
2023 Jun 15 07:27:11.971950 MediaRite[5755]:  Tune: type=StreamType_ATSC, freq_kHz=189000, bw=FFE_BANDWIDTH_6_MHZ, retry=0
2023 Jun 15 07:27:13.053247 MediaRite[5755]:  MRT_INFO_TUNER_TUNE_SUCCESS: mode=scan, time=1083, freq=189000
2023 Jun 15 07:27:13.053843 MediaRite[5755]:  /usr/src/debug/mediarite-base/10.0.9.0-r0/dev-kit/mediarite/Source/Hal/FrontEnd/SuperFrontEndTsi/LinuxDvbAml/LinuxDvbAmlTsiHandler.cpp:Changing '/sys/class/stb/demux0_source' to 'ts2'' from 'ts2'
2023 Jun 15 07:27:13.054411 MediaRite[5755]:  /usr/src/debug/mediarite-base/10.0.9.0-r0/dev-kit/mediarite/Source/Hal/FrontEnd/SuperFrontEndTsi/LinuxDvbAml/LinuxDvbAmlTsiHandler.cpp:Changing '/sys/class/stb/asyncfifo0_source' to 'dmx0'' from 'dmx0'
2023 Jun 15 07:27:13.054880 MediaRite[5755]:  /usr/src/debug/mediarite-base/10.0.9.0-r0/dev-kit/mediarite/Source/Hal/FrontEnd/SuperFrontEndTsi/LinuxDvbAml/LinuxDvbAmlTsiHandler.cpp:Changing '/sys/class/stb/asyncfifo0_flush_size' to '32768'' from '32768'
2023 Jun 15 07:27:13.056736 MediaRite[5755]:  /usr/src/debug/mediarite-base/10.0.9.0-r0/dev-kit/mediarite/Source/Hal/FrontEnd/SuperFrontEndTsi/LinuxDvbAml/LinuxDvbAmlTsiHandler.cpp:Changing '/sys/class/stb/dvr0_mode' to 'ts'' from 'ts'
2023 Jun 15 07:27:13.060384 MediaRite[5755]:  MRT_INFO_TUNER_SIGNAL_INFO: freq=189000, ssi=30, sqi=28, ber=0, snr=28, rfl=0, unc=49
2023 Jun 15 07:27:13.209862 MediaRite[5755]:  Tune: type=StreamType_ATSC, freq_kHz=195000, bw=FFE_BANDWIDTH_6_MHZ, retry=0
2023 Jun 15 07:27:13.605879 MediaRite[5755]:  MRT_WARN_TUNER_TUNE_FAILED: mode=scan, time=397, freq=195000
2023 Jun 15 07:27:13.607006 MediaRite[5755]:  MRT_INFO_TUNER_SIGNAL_INFO: freq=195000, ssi=2, sqi=0, ber=0, snr=0, rfl=0, unc=0
2023 Jun 15 07:27:13.611129 MediaRite[5755]:  Tune: type=StreamType_ATSC, freq_kHz=201000, bw=FFE_BANDWIDTH_6_MHZ, retry=0
2023 Jun 15 07:27:14.007013 MediaRite[5755]:  MRT_WARN_TUNER_TUNE_FAILED: mode=scan, time=397, freq=201000
2023 Jun 15 07:27:14.010629 MediaRite[5755]:  MRT_INFO_TUNER_SIGNAL_INFO: freq=201000, ssi=2, sqi=0, ber=0, snr=0, rfl=0, unc=0
2023 Jun 15 07:27:14.014534 MediaRite[5755]:  Tune: type=StreamType_ATSC, freq_kHz=207000, bw=FFE_BANDWIDTH_6_MHZ, retry=0
2023 Jun 15 07:27:14.410266 MediaRite[5755]:  MRT_WARN_TUNER_TUNE_FAILED: mode=scan, time=397, freq=207000
2023 Jun 15 07:27:14.411384 MediaRite[5755]:  MRT_INFO_TUNER_SIGNAL_INFO: freq=207000, ssi=4, sqi=0, ber=0, snr=0, rfl=0, unc=0
2023 Jun 15 07:27:14.415401 MediaRite[5755]:  Tune: type=StreamType_ATSC, freq_kHz=213000, bw=FFE_BANDWIDTH_6_MHZ, retry=0
2023 Jun 15 07:27:15.499876 MediaRite[5755]:  MRT_INFO_TUNER_TUNE_SUCCESS: mode=scan, time=1083, freq=213000
2023 Jun 15 07:27:15.501110 MediaRite[5755]:  /usr/src/debug/mediarite-base/10.0.9.0-r0/dev-kit/mediarite/Source/Hal/FrontEnd/SuperFrontEndTsi/LinuxDvbAml/LinuxDvbAmlTsiHandler.cpp:Changing '/sys/class/stb/demux0_source' to 'ts2'' from 'ts2'
2023 Jun 15 07:27:15.501605 MediaRite[5755]:  /usr/src/debug/mediarite-base/10.0.9.0-r0/dev-kit/mediarite/Source/Hal/FrontEnd/SuperFrontEndTsi/LinuxDvbAml/LinuxDvbAmlTsiHandler.cpp:Changing '/sys/class/stb/asyncfifo0_source' to 'dmx0'' from 'dmx0'
2023 Jun 15 07:27:15.502157 MediaRite[5755]:  /usr/src/debug/mediarite-base/10.0.9.0-r0/dev-kit/mediarite/Source/Hal/FrontEnd/SuperFrontEndTsi/LinuxDvbAml/LinuxDvbAmlTsiHandler.cpp:Changing '/sys/class/stb/asyncfifo0_flush_size' to '32768'' from '32768'
2023 Jun 15 07:27:15.502714 MediaRite[5755]:  /usr/src/debug/mediarite-base/10.0.9.0-r0/dev-kit/mediarite/Source/Hal/FrontEnd/SuperFrontEndTsi/LinuxDvbAml/LinuxDvbAmlTsiHandler.cpp:Changing '/sys/class/stb/dvr0_mode' to 'ts'' from 'ts'
2023 Jun 15 07:27:15.504831 MediaRite[5755]:  MRT_INFO_TUNER_SIGNAL_INFO: freq=213000, ssi=32, sqi=28, ber=0, snr=28, rfl=0, unc=49
2023 Jun 15 07:27:15.810184 MediaRite[5755]:  Tune: type=StreamType_ATSC, freq_kHz=473000, bw=FFE_BANDWIDTH_6_MHZ, retry=0
2023 Jun 15 07:27:16.213731 MediaRite[5755]:  MRT_WARN_TUNER_TUNE_FAILED: mode=scan, time=405, freq=473000
2023 Jun 15 07:27:16.217226 MediaRite[5755]:  MRT_INFO_TUNER_SIGNAL_INFO: freq=473000, ssi=6, sqi=0, ber=0, snr=0, rfl=0, unc=0
2023 Jun 15 07:27:16.221023 MediaRite[5755]:  Tune: type=StreamType_ATSC, freq_kHz=479000, bw=FFE_BANDWIDTH_6_MHZ, retry=0
2023 Jun 15 07:27:16.616315 MediaRite[5755]:  MRT_WARN_TUNER_TUNE_FAILED: mode=scan, time=396, freq=479000
2023 Jun 15 07:27:16.619794 MediaRite[5755]:  MRT_INFO_TUNER_SIGNAL_INFO: freq=479000, ssi=6, sqi=0, ber=0, snr=0, rfl=0, unc=0
2023 Jun 15 07:27:16.625131 MediaRite[5755]:  Tune: type=StreamType_ATSC, freq_kHz=485000, bw=FFE_BANDWIDTH_6_MHZ, retry=0
2023 Jun 15 07:27:17.857783 MediaRite[5755]:  MRT_INFO_TUNER_TUNE_SUCCESS: mode=scan, time=1235, freq=485000
2023 Jun 15 07:27:17.858408 MediaRite[5755]:  /usr/src/debug/mediarite-base/10.0.9.0-r0/dev-kit/mediarite/Source/Hal/FrontEnd/SuperFrontEndTsi/LinuxDvbAml/LinuxDvbAmlTsiHandler.cpp:Changing '/sys/class/stb/demux0_source' to 'ts2'' from 'ts2'
2023 Jun 15 07:27:17.858912 MediaRite[5755]:  /usr/src/debug/mediarite-base/10.0.9.0-r0/dev-kit/mediarite/Source/Hal/FrontEnd/SuperFrontEndTsi/LinuxDvbAml/LinuxDvbAmlTsiHandler.cpp:Changing '/sys/class/stb/asyncfifo0_source' to 'dmx0'' from 'dmx0'
2023 Jun 15 07:27:17.859387 MediaRite[5755]:  /usr/src/debug/mediarite-base/10.0.9.0-r0/dev-kit/mediarite/Source/Hal/FrontEnd/SuperFrontEndTsi/LinuxDvbAml/LinuxDvbAmlTsiHandler.cpp:Changing '/sys/class/stb/asyncfifo0_flush_size' to '32768'' from '32768'
2023 Jun 15 07:27:17.860886 MediaRite[5755]:  /usr/src/debug/mediarite-base/10.0.9.0-r0/dev-kit/mediarite/Source/Hal/FrontEnd/SuperFrontEndTsi/LinuxDvbAml/LinuxDvbAmlTsiHandler.cpp:Changing '/sys/class/stb/dvr0_mode' to 'ts'' from 'ts'
2023 Jun 15 07:27:17.865829 MediaRite[5755]:  MRT_INFO_TUNER_SIGNAL_INFO: freq=485000, ssi=19, sqi=0, ber=1, snr=0, rfl=0, unc=1723
2023 Jun 15 07:27:22.364726 MediaRite[5755]:  Tune: type=StreamType_ATSC, freq_kHz=491000, bw=FFE_BANDWIDTH_6_MHZ, retry=0
2023 Jun 15 07:27:23.449272 MediaRite[5755]:  MRT_INFO_TUNER_TUNE_SUCCESS: mode=scan, time=1086, freq=491000
2023 Jun 15 07:27:23.449819 MediaRite[5755]:  /usr/src/debug/mediarite-base/10.0.9.0-r0/dev-kit/mediarite/Source/Hal/FrontEnd/SuperFrontEndTsi/LinuxDvbAml/LinuxDvbAmlTsiHandler.cpp:Changing '/sys/class/stb/demux0_source' to 'ts2'' from 'ts2'
2023 Jun 15 07:27:23.450287 MediaRite[5755]:  /usr/src/debug/mediarite-base/10.0.9.0-r0/dev-kit/mediarite/Source/Hal/FrontEnd/SuperFrontEndTsi/LinuxDvbAml/LinuxDvbAmlTsiHandler.cpp:Changing '/sys/class/stb/asyncfifo0_source' to 'dmx0'' from 'dmx0'
2023 Jun 15 07:27:23.450698 MediaRite[5755]:  /usr/src/debug/mediarite-base/10.0.9.0-r0/dev-kit/mediarite/Source/Hal/FrontEnd/SuperFrontEndTsi/LinuxDvbAml/LinuxDvbAmlTsiHandler.cpp:Changing '/sys/class/stb/asyncfifo0_flush_size' to '32768'' from '32768'
2023 Jun 15 07:27:23.452616 MediaRite[5755]:  /usr/src/debug/mediarite-base/10.0.9.0-r0/dev-kit/mediarite/Source/Hal/FrontEnd/SuperFrontEndTsi/LinuxDvbAml/LinuxDvbAmlTsiHandler.cpp:Changing '/sys/class/stb/dvr0_mode' to 'ts'' from 'ts'
2023 Jun 15 07:27:23.458795 MediaRite[5755]:  MRT_INFO_TUNER_SIGNAL_INFO: freq=491000, ssi=28, sqi=22, ber=113, snr=22, rfl=0, unc=267
2023 Jun 15 07:27:25.070602 MediaRite[5755]:  setTime ss=Update time iTimeSource=(FutarqueTimeSource)7, newTimeNs=1686814043000000000, baseNs=298278049086, gTimeData[iTimeSource].baseNs=295523722874, gTimeData[iTimeSource].valueNs=1686817623000000000, old=1686817625754326212, new=1686814043000000000, old=20230615-082705.754326343 UTC, new=20230615-072723 UTC, line=633
2023 Jun 15 07:27:27.282597 MediaRite[5755]:  MRT_ERR_DMX_NO_DATA_GAP: last=2009
2023 Jun 15 07:27:27.840515 MediaRite[5755]:  Tune: type=StreamType_ATSC, freq_kHz=497000, bw=FFE_BANDWIDTH_6_MHZ, retry=0
2023 Jun 15 07:27:28.237533 MediaRite[5755]:  MRT_WARN_TUNER_TUNE_FAILED: mode=scan, time=399, freq=497000
2023 Jun 15 07:27:28.241467 MediaRite[5755]:  MRT_INFO_TUNER_SIGNAL_INFO: freq=497000, ssi=8, sqi=0, ber=0, snr=0, rfl=0, unc=0
2023 Jun 15 07:27:28.245044 MediaRite[5755]:  Tune: type=StreamType_ATSC, freq_kHz=503000, bw=FFE_BANDWIDTH_6_MHZ, retry=0
2023 Jun 15 07:27:28.646795 MediaRite[5755]:  MRT_WARN_TUNER_TUNE_FAILED: mode=scan, time=403, freq=503000
2023 Jun 15 07:27:28.650331 MediaRite[5755]:  MRT_INFO_TUNER_SIGNAL_INFO: freq=503000, ssi=6, sqi=0, ber=0, snr=0, rfl=0, unc=0
2023 Jun 15 07:27:28.654473 MediaRite[5755]:  Tune: type=StreamType_ATSC, freq_kHz=509000, bw=FFE_BANDWIDTH_6_MHZ, retry=0
2023 Jun 15 07:27:29.047932 MediaRite[5755]:  MRT_WARN_TUNER_TUNE_FAILED: mode=scan, time=395, freq=509000
2023 Jun 15 07:27:29.049070 MediaRite[5755]:  MRT_INFO_TUNER_SIGNAL_INFO: freq=509000, ssi=7, sqi=0, ber=0, snr=0, rfl=0, unc=0
2023 Jun 15 07:27:29.052915 MediaRite[5755]:  Tune: type=StreamType_ATSC, freq_kHz=515000, bw=FFE_BANDWIDTH_6_MHZ, retry=0
2023 Jun 15 07:27:29.451879 MediaRite[5755]:  MRT_WARN_TUNER_TUNE_FAILED: mode=scan, time=400, freq=515000
2023 Jun 15 07:27:29.457725 MediaRite[5755]:  MRT_INFO_TUNER_SIGNAL_INFO: freq=515000, ssi=6, sqi=0, ber=0, snr=0, rfl=0, unc=0
2023 Jun 15 07:27:29.461808 MediaRite[5755]:  Tune: type=StreamType_ATSC, freq_kHz=521000, bw=FFE_BANDWIDTH_6_MHZ, retry=0
2023 Jun 15 07:27:30.805400 MediaRite[5755]:  MRT_INFO_TUNER_TUNE_SUCCESS: mode=scan, time=1345, freq=521000
2023 Jun 15 07:27:30.805960 MediaRite[5755]:  /usr/src/debug/mediarite-base/10.0.9.0-r0/dev-kit/mediarite/Source/Hal/FrontEnd/SuperFrontEndTsi/LinuxDvbAml/LinuxDvbAmlTsiHandler.cpp:Changing '/sys/class/stb/demux0_source' to 'ts2'' from 'ts2'
2023 Jun 15 07:27:30.806441 MediaRite[5755]:  /usr/src/debug/mediarite-base/10.0.9.0-r0/dev-kit/mediarite/Source/Hal/FrontEnd/SuperFrontEndTsi/LinuxDvbAml/LinuxDvbAmlTsiHandler.cpp:Changing '/sys/class/stb/asyncfifo0_source' to 'dmx0'' from 'dmx0'
2023 Jun 15 07:27:30.806834 MediaRite[5755]:  /usr/src/debug/mediarite-base/10.0.9.0-r0/dev-kit/mediarite/Source/Hal/FrontEnd/SuperFrontEndTsi/LinuxDvbAml/LinuxDvbAmlTsiHandler.cpp:Changing '/sys/class/stb/asyncfifo0_flush_size' to '32768'' from '32768'
2023 Jun 15 07:27:30.808165 MediaRite[5755]:  /usr/src/debug/mediarite-base/10.0.9.0-r0/dev-kit/mediarite/Source/Hal/FrontEnd/SuperFrontEndTsi/LinuxDvbAml/LinuxDvbAmlTsiHandler.cpp:Changing '/sys/class/stb/dvr0_mode' to 'ts'' from 'ts'
2023 Jun 15 07:27:30.817434 MediaRite[5755]:  MRT_INFO_TUNER_SIGNAL_INFO: freq=521000, ssi=21, sqi=7, ber=26, snr=7, rfl=0, unc=1480
2023 Jun 15 07:27:35.831295 MediaRite[5755]:  Tune: type=StreamType_ATSC, freq_kHz=527000, bw=FFE_BANDWIDTH_6_MHZ, retry=0
2023 Jun 15 07:27:36.230394 MediaRite[5755]:  MRT_WARN_TUNER_TUNE_FAILED: mode=scan, time=401, freq=527000
2023 Jun 15 07:27:36.233562 MediaRite[5755]:  MRT_INFO_TUNER_SIGNAL_INFO: freq=527000, ssi=8, sqi=0, ber=0, snr=0, rfl=0, unc=0
2023 Jun 15 07:27:36.236847 MediaRite[5755]:  Tune: type=StreamType_ATSC, freq_kHz=533000, bw=FFE_BANDWIDTH_6_MHZ, retry=0
2023 Jun 15 07:27:36.633656 MediaRite[5755]:  MRT_WARN_TUNER_TUNE_FAILED: mode=scan, time=399, freq=533000
2023 Jun 15 07:27:36.634775 MediaRite[5755]:  MRT_INFO_TUNER_SIGNAL_INFO: freq=533000, ssi=5, sqi=0, ber=0, snr=0, rfl=0, unc=0
2023 Jun 15 07:27:36.638771 MediaRite[5755]:  Tune: type=StreamType_ATSC, freq_kHz=539000, bw=FFE_BANDWIDTH_6_MHZ, retry=0
2023 Jun 15 07:27:37.866805 MediaRite[5755]:  MRT_INFO_TUNER_TUNE_SUCCESS: mode=scan, time=1229, freq=539000
2023 Jun 15 07:27:37.867347 MediaRite[5755]:  /usr/src/debug/mediarite-base/10.0.9.0-r0/dev-kit/mediarite/Source/Hal/FrontEnd/SuperFrontEndTsi/LinuxDvbAml/LinuxDvbAmlTsiHandler.cpp:Changing '/sys/class/stb/demux0_source' to 'ts2'' from 'ts2'
2023 Jun 15 07:27:37.868233 MediaRite[5755]:  /usr/src/debug/mediarite-base/10.0.9.0-r0/dev-kit/mediarite/Source/Hal/FrontEnd/SuperFrontEndTsi/LinuxDvbAml/LinuxDvbAmlTsiHandler.cpp:Changing '/sys/class/stb/asyncfifo0_source' to 'dmx0'' from 'dmx0'
2023 Jun 15 07:27:37.868707 MediaRite[5755]:  /usr/src/debug/mediarite-base/10.0.9.0-r0/dev-kit/mediarite/Source/Hal/FrontEnd/SuperFrontEndTsi/LinuxDvbAml/LinuxDvbAmlTsiHandler.cpp:Changing '/sys/class/stb/asyncfifo0_flush_size' to '32768'' from '32768'
2023 Jun 15 07:27:37.869789 MediaRite[5755]:  /usr/src/debug/mediarite-base/10.0.9.0-r0/dev-kit/mediarite/Source/Hal/FrontEnd/SuperFrontEndTsi/LinuxDvbAml/LinuxDvbAmlTsiHandler.cpp:Changing '/sys/class/stb/dvr0_mode' to 'ts'' from 'ts'
2023 Jun 15 07:27:37.874092 MediaRite[5755]:  MRT_INFO_TUNER_SIGNAL_INFO: freq=539000, ssi=27, sqi=22, ber=0, snr=22, rfl=0, unc=49
2023 Jun 15 07:27:38.005037 MediaRite[5755]:  Tune: type=StreamType_ATSC, freq_kHz=545000, bw=FFE_BANDWIDTH_6_MHZ, retry=0
2023 Jun 15 07:27:39.085213 MediaRite[5755]:  MRT_INFO_TUNER_TUNE_SUCCESS: mode=scan, time=1082, freq=545000
2023 Jun 15 07:27:39.085751 MediaRite[5755]:  /usr/src/debug/mediarite-base/10.0.9.0-r0/dev-kit/mediarite/Source/Hal/FrontEnd/SuperFrontEndTsi/LinuxDvbAml/LinuxDvbAmlTsiHandler.cpp:Changing '/sys/class/stb/demux0_source' to 'ts2'' from 'ts2'
2023 Jun 15 07:27:39.086255 MediaRite[5755]:  /usr/src/debug/mediarite-base/10.0.9.0-r0/dev-kit/mediarite/Source/Hal/FrontEnd/SuperFrontEndTsi/LinuxDvbAml/LinuxDvbAmlTsiHandler.cpp:Changing '/sys/class/stb/asyncfifo0_source' to 'dmx0'' from 'dmx0'
2023 Jun 15 07:27:39.086681 MediaRite[5755]:  /usr/src/debug/mediarite-base/10.0.9.0-r0/dev-kit/mediarite/Source/Hal/FrontEnd/SuperFrontEndTsi/LinuxDvbAml/LinuxDvbAmlTsiHandler.cpp:Changing '/sys/class/stb/asyncfifo0_flush_size' to '32768'' from '32768'
2023 Jun 15 07:27:39.087912 MediaRite[5755]:  /usr/src/debug/mediarite-base/10.0.9.0-r0/dev-kit/mediarite/Source/Hal/FrontEnd/SuperFrontEndTsi/LinuxDvbAml/LinuxDvbAmlTsiHandler.cpp:Changing '/sys/class/stb/dvr0_mode' to 'ts'' from 'ts'
2023 Jun 15 07:27:39.092919 MediaRite[5755]:  MRT_INFO_TUNER_SIGNAL_INFO: freq=545000, ssi=35, sqi=29, ber=0, snr=29, rfl=0, unc=49
2023 Jun 15 07:27:39.193710 MediaRite[5755]:  setTime ss=Update time iTimeSource=(FutarqueTimeSource)18, newTimeNs=1686814041000000000, baseNs=312401471693, gTimeData[iTimeSource].baseNs=311121802281, gTimeData[iTimeSource].valueNs=1686817639000000000, old=1686817640279669412, new=1686814041000000000, old=20230615-082720.279669523 UTC, new=20230615-072721 UTC, line=633
2023 Jun 15 07:27:39.419612 MediaRite[5755]:  Tune: type=StreamType_ATSC, freq_kHz=551000, bw=FFE_BANDWIDTH_6_MHZ, retry=0
2023 Jun 15 07:27:40.729231 MediaRite[5755]:  MRT_INFO_TUNER_TUNE_SUCCESS: mode=scan, time=1311, freq=551000
2023 Jun 15 07:27:40.729836 MediaRite[5755]:  /usr/src/debug/mediarite-base/10.0.9.0-r0/dev-kit/mediarite/Source/Hal/FrontEnd/SuperFrontEndTsi/LinuxDvbAml/LinuxDvbAmlTsiHandler.cpp:Changing '/sys/class/stb/demux0_source' to 'ts2'' from 'ts2'
2023 Jun 15 07:27:40.730381 MediaRite[5755]:  /usr/src/debug/mediarite-base/10.0.9.0-r0/dev-kit/mediarite/Source/Hal/FrontEnd/SuperFrontEndTsi/LinuxDvbAml/LinuxDvbAmlTsiHandler.cpp:Changing '/sys/class/stb/asyncfifo0_source' to 'dmx0'' from 'dmx0'
2023 Jun 15 07:27:40.730883 MediaRite[5755]:  /usr/src/debug/mediarite-base/10.0.9.0-r0/dev-kit/mediarite/Source/Hal/FrontEnd/SuperFrontEndTsi/LinuxDvbAml/LinuxDvbAmlTsiHandler.cpp:Changing '/sys/class/stb/asyncfifo0_flush_size' to '32768'' from '32768'
2023 Jun 15 07:27:40.732613 MediaRite[5755]:  /usr/src/debug/mediarite-base/10.0.9.0-r0/dev-kit/mediarite/Source/Hal/FrontEnd/SuperFrontEndTsi/LinuxDvbAml/LinuxDvbAmlTsiHandler.cpp:Changing '/sys/class/stb/dvr0_mode' to 'ts'' from 'ts'
2023 Jun 15 07:27:40.736295 MediaRite[5755]:  MRT_INFO_TUNER_SIGNAL_INFO: freq=551000, ssi=32, sqi=23, ber=0, snr=23, rfl=0, unc=49
2023 Jun 15 07:27:40.879837 MediaRite[5755]:  Tune: type=StreamType_ATSC, freq_kHz=557000, bw=FFE_BANDWIDTH_6_MHZ, retry=0
2023 Jun 15 07:27:41.969270 MediaRite[5755]:  MRT_INFO_TUNER_TUNE_SUCCESS: mode=scan, time=1091, freq=557000
2023 Jun 15 07:27:41.969809 MediaRite[5755]:  /usr/src/debug/mediarite-base/10.0.9.0-r0/dev-kit/mediarite/Source/Hal/FrontEnd/SuperFrontEndTsi/LinuxDvbAml/LinuxDvbAmlTsiHandler.cpp:Changing '/sys/class/stb/demux0_source' to 'ts2'' from 'ts2'
2023 Jun 15 07:27:41.970286 MediaRite[5755]:  /usr/src/debug/mediarite-base/10.0.9.0-r0/dev-kit/mediarite/Source/Hal/FrontEnd/SuperFrontEndTsi/LinuxDvbAml/LinuxDvbAmlTsiHandler.cpp:Changing '/sys/class/stb/asyncfifo0_source' to 'dmx0'' from 'dmx0'
2023 Jun 15 07:27:41.970732 MediaRite[5755]:  /usr/src/debug/mediarite-base/10.0.9.0-r0/dev-kit/mediarite/Source/Hal/FrontEnd/SuperFrontEndTsi/LinuxDvbAml/LinuxDvbAmlTsiHandler.cpp:Changing '/sys/class/stb/asyncfifo0_flush_size' to '32768'' from '32768'
2023 Jun 15 07:27:41.973527 MediaRite[5755]:  /usr/src/debug/mediarite-base/10.0.9.0-r0/dev-kit/mediarite/Source/Hal/FrontEnd/SuperFrontEndTsi/LinuxDvbAml/LinuxDvbAmlTsiHandler.cpp:Changing '/sys/class/stb/dvr0_mode' to 'ts'' from 'ts'
2023 Jun 15 07:27:41.977783 MediaRite[5755]:  MRT_INFO_TUNER_SIGNAL_INFO: freq=557000, ssi=47, sqi=28, ber=0, snr=28, rfl=0, unc=49
2023 Jun 15 07:27:42.205440 MediaRite[5755]:  Tune: type=StreamType_ATSC, freq_kHz=563000, bw=FFE_BANDWIDTH_6_MHZ, retry=0
2023 Jun 15 07:27:43.293231 MediaRite[5755]:  MRT_INFO_TUNER_TUNE_SUCCESS: mode=scan, time=1089, freq=563000
2023 Jun 15 07:27:43.293753 MediaRite[5755]:  /usr/src/debug/mediarite-base/10.0.9.0-r0/dev-kit/mediarite/Source/Hal/FrontEnd/SuperFrontEndTsi/LinuxDvbAml/LinuxDvbAmlTsiHandler.cpp:Changing '/sys/class/stb/demux0_source' to 'ts2'' from 'ts2'
2023 Jun 15 07:27:43.294215 MediaRite[5755]:  /usr/src/debug/mediarite-base/10.0.9.0-r0/dev-kit/mediarite/Source/Hal/FrontEnd/SuperFrontEndTsi/LinuxDvbAml/LinuxDvbAmlTsiHandler.cpp:Changing '/sys/class/stb/asyncfifo0_source' to 'dmx0'' from 'dmx0'
2023 Jun 15 07:27:43.294651 MediaRite[5755]:  /usr/src/debug/mediarite-base/10.0.9.0-r0/dev-kit/mediarite/Source/Hal/FrontEnd/SuperFrontEndTsi/LinuxDvbAml/LinuxDvbAmlTsiHandler.cpp:Changing '/sys/class/stb/asyncfifo0_flush_size' to '32768'' from '32768'
2023 Jun 15 07:27:43.296171 MediaRite[5755]:  /usr/src/debug/mediarite-base/10.0.9.0-r0/dev-kit/mediarite/Source/Hal/FrontEnd/SuperFrontEndTsi/LinuxDvbAml/LinuxDvbAmlTsiHandler.cpp:Changing '/sys/class/stb/dvr0_mode' to 'ts'' from 'ts'
2023 Jun 15 07:27:43.301763 MediaRite[5755]:  MRT_INFO_TUNER_SIGNAL_INFO: freq=563000, ssi=10, sqi=8, ber=0, snr=8, rfl=0, unc=0
2023 Jun 15 07:27:45.308507 MediaRite[5755]:  MRT_ERR_DMX_NO_DATA_START: start=2009
2023 Jun 15 07:27:45.822808 MediaRite[5755]:  Mpeg2TsStreamHandler PAT request failed - requesting new oldpat=0xb0820c80(tid=0x0)
2023 Jun 15 07:27:48.319351 MediaRite[5755]:  Tune: type=StreamType_ATSC, freq_kHz=569000, bw=FFE_BANDWIDTH_6_MHZ, retry=0
2023 Jun 15 07:27:49.559289 MediaRite[5755]:  MRT_INFO_TUNER_TUNE_SUCCESS: mode=scan, time=1241, freq=569000
2023 Jun 15 07:27:49.559917 MediaRite[5755]:  /usr/src/debug/mediarite-base/10.0.9.0-r0/dev-kit/mediarite/Source/Hal/FrontEnd/SuperFrontEndTsi/LinuxDvbAml/LinuxDvbAmlTsiHandler.cpp:Changing '/sys/class/stb/demux0_source' to 'ts2'' from 'ts2'
2023 Jun 15 07:27:49.560806 MediaRite[5755]:  /usr/src/debug/mediarite-base/10.0.9.0-r0/dev-kit/mediarite/Source/Hal/FrontEnd/SuperFrontEndTsi/LinuxDvbAml/LinuxDvbAmlTsiHandler.cpp:Changing '/sys/class/stb/asyncfifo0_source' to 'dmx0'' from 'dmx0'
2023 Jun 15 07:27:49.561252 MediaRite[5755]:  /usr/src/debug/mediarite-base/10.0.9.0-r0/dev-kit/mediarite/Source/Hal/FrontEnd/SuperFrontEndTsi/LinuxDvbAml/LinuxDvbAmlTsiHandler.cpp:Changing '/sys/class/stb/asyncfifo0_flush_size' to '32768'' from '32768'
2023 Jun 15 07:27:49.562468 MediaRite[5755]:  /usr/src/debug/mediarite-base/10.0.9.0-r0/dev-kit/mediarite/Source/Hal/FrontEnd/SuperFrontEndTsi/LinuxDvbAml/LinuxDvbAmlTsiHandler.cpp:Changing '/sys/class/stb/dvr0_mode' to 'ts'' from 'ts'
2023 Jun 15 07:27:49.566676 MediaRite[5755]:  MRT_INFO_TUNER_SIGNAL_INFO: freq=569000, ssi=42, sqi=28, ber=0, snr=28, rfl=0, unc=49
2023 Jun 15 07:27:49.727937 MediaRite[5755]:  setTime ss=Update time iTimeSource=(FutarqueTimeSource)18, newTimeNs=1686814069000000000, baseNs=322935146742, gTimeData[iTimeSource].baseNs=313983828003, gTimeData[iTimeSource].valueNs=1686817642000000000, old=1686817650951318739, new=1686814069000000000, old=20230615-082730.951318740 UTC, new=20230615-072749 UTC, line=633
2023 Jun 15 07:27:49.750865 MediaRite[5755]:  Tune: type=StreamType_ATSC, freq_kHz=575000, bw=FFE_BANDWIDTH_6_MHZ, retry=0
2023 Jun 15 07:27:50.986378 MediaRite[5755]:  MRT_INFO_TUNER_TUNE_SUCCESS: mode=scan, time=1237, freq=575000
2023 Jun 15 07:27:50.986950 MediaRite[5755]:  /usr/src/debug/mediarite-base/10.0.9.0-r0/dev-kit/mediarite/Source/Hal/FrontEnd/SuperFrontEndTsi/LinuxDvbAml/LinuxDvbAmlTsiHandler.cpp:Changing '/sys/class/stb/demux0_source' to 'ts2'' from 'ts2'
2023 Jun 15 07:27:50.987506 MediaRite[5755]:  /usr/src/debug/mediarite-base/10.0.9.0-r0/dev-kit/mediarite/Source/Hal/FrontEnd/SuperFrontEndTsi/LinuxDvbAml/LinuxDvbAmlTsiHandler.cpp:Changing '/sys/class/stb/asyncfifo0_source' to 'dmx0'' from 'dmx0'
2023 Jun 15 07:27:50.988430 MediaRite[5755]:  /usr/src/debug/mediarite-base/10.0.9.0-r0/dev-kit/mediarite/Source/Hal/FrontEnd/SuperFrontEndTsi/LinuxDvbAml/LinuxDvbAmlTsiHandler.cpp:Changing '/sys/class/stb/asyncfifo0_flush_size' to '32768'' from '32768'
2023 Jun 15 07:27:50.989992 MediaRite[5755]:  /usr/src/debug/mediarite-base/10.0.9.0-r0/dev-kit/mediarite/Source/Hal/FrontEnd/SuperFrontEndTsi/LinuxDvbAml/LinuxDvbAmlTsiHandler.cpp:Changing '/sys/class/stb/dvr0_mode' to 'ts'' from 'ts'
2023 Jun 15 07:27:50.996702 MediaRite[5755]:  MRT_INFO_TUNER_SIGNAL_INFO: freq=575000, ssi=37, sqi=29, ber=0, snr=29, rfl=0, unc=49
2023 Jun 15 07:27:51.444342 MediaRite[5755]:  Tune: type=StreamType_ATSC, freq_kHz=581000, bw=FFE_BANDWIDTH_6_MHZ, retry=0
2023 Jun 15 07:27:52.088029 MediaRite[5755]:  MRT_WARN_TUNER_TUNE_FAILED: mode=scan, time=645, freq=581000
2023 Jun 15 07:27:52.089301 MediaRite[5755]:  MRT_INFO_TUNER_SIGNAL_INFO: freq=581000, ssi=5, sqi=0, ber=0, snr=0, rfl=0, unc=0
2023 Jun 15 07:27:52.093047 MediaRite[5755]:  Tune: type=StreamType_ATSC, freq_kHz=587000, bw=FFE_BANDWIDTH_6_MHZ, retry=0
2023 Jun 15 07:27:53.177225 MediaRite[5755]:  MRT_INFO_TUNER_TUNE_SUCCESS: mode=scan, time=1085, freq=587000
2023 Jun 15 07:27:53.177744 MediaRite[5755]:  /usr/src/debug/mediarite-base/10.0.9.0-r0/dev-kit/mediarite/Source/Hal/FrontEnd/SuperFrontEndTsi/LinuxDvbAml/LinuxDvbAmlTsiHandler.cpp:Changing '/sys/class/stb/demux0_source' to 'ts2'' from 'ts2'
2023 Jun 15 07:27:53.178179 MediaRite[5755]:  /usr/src/debug/mediarite-base/10.0.9.0-r0/dev-kit/mediarite/Source/Hal/FrontEnd/SuperFrontEndTsi/LinuxDvbAml/LinuxDvbAmlTsiHandler.cpp:Changing '/sys/class/stb/asyncfifo0_source' to 'dmx0'' from 'dmx0'
2023 Jun 15 07:27:53.178619 MediaRite[5755]:  /usr/src/debug/mediarite-base/10.0.9.0-r0/dev-kit/mediarite/Source/Hal/FrontEnd/SuperFrontEndTsi/LinuxDvbAml/LinuxDvbAmlTsiHandler.cpp:Changing '/sys/class/stb/asyncfifo0_flush_size' to '32768'' from '32768'
2023 Jun 15 07:27:53.180098 MediaRite[5755]:  /usr/src/debug/mediarite-base/10.0.9.0-r0/dev-kit/mediarite/Source/Hal/FrontEnd/SuperFrontEndTsi/LinuxDvbAml/LinuxDvbAmlTsiHandler.cpp:Changing '/sys/class/stb/dvr0_mode' to 'ts'' from 'ts'
2023 Jun 15 07:27:53.187051 MediaRite[5755]:  MRT_INFO_TUNER_SIGNAL_INFO: freq=587000, ssi=44, sqi=31, ber=0, snr=31, rfl=0, unc=49
2023 Jun 15 07:27:53.406765 MediaRite[5755]:  Tune: type=StreamType_ATSC, freq_kHz=593000, bw=FFE_BANDWIDTH_6_MHZ, retry=0
2023 Jun 15 07:27:54.641163 MediaRite[5755]:  MRT_INFO_TUNER_TUNE_SUCCESS: mode=scan, time=1236, freq=593000
2023 Jun 15 07:27:54.641757 MediaRite[5755]:  /usr/src/debug/mediarite-base/10.0.9.0-r0/dev-kit/mediarite/Source/Hal/FrontEnd/SuperFrontEndTsi/LinuxDvbAml/LinuxDvbAmlTsiHandler.cpp:Changing '/sys/class/stb/demux0_source' to 'ts2'' from 'ts2'
2023 Jun 15 07:27:54.642299 MediaRite[5755]:  /usr/src/debug/mediarite-base/10.0.9.0-r0/dev-kit/mediarite/Source/Hal/FrontEnd/SuperFrontEndTsi/LinuxDvbAml/LinuxDvbAmlTsiHandler.cpp:Changing '/sys/class/stb/asyncfifo0_source' to 'dmx0'' from 'dmx0'
2023 Jun 15 07:27:54.642807 MediaRite[5755]:  /usr/src/debug/mediarite-base/10.0.9.0-r0/dev-kit/mediarite/Source/Hal/FrontEnd/SuperFrontEndTsi/LinuxDvbAml/LinuxDvbAmlTsiHandler.cpp:Changing '/sys/class/stb/asyncfifo0_flush_size' to '32768'' from '32768'
2023 Jun 15 07:27:54.645240 MediaRite[5755]:  /usr/src/debug/mediarite-base/10.0.9.0-r0/dev-kit/mediarite/Source/Hal/FrontEnd/SuperFrontEndTsi/LinuxDvbAml/LinuxDvbAmlTsiHandler.cpp:Changing '/sys/class/stb/dvr0_mode' to 'ts'' from 'ts'
2023 Jun 15 07:27:54.649025 MediaRite[5755]:  MRT_INFO_TUNER_SIGNAL_INFO: freq=593000, ssi=36, sqi=27, ber=0, snr=27, rfl=0, unc=49
2023 Jun 15 07:27:54.939566 MediaRite[5755]:  Tune: type=StreamType_ATSC, freq_kHz=599000, bw=FFE_BANDWIDTH_6_MHZ, retry=0
2023 Jun 15 07:27:56.253283 MediaRite[5755]:  MRT_INFO_TUNER_TUNE_SUCCESS: mode=scan, time=1315, freq=599000
2023 Jun 15 07:27:56.253810 MediaRite[5755]:  /usr/src/debug/mediarite-base/10.0.9.0-r0/dev-kit/mediarite/Source/Hal/FrontEnd/SuperFrontEndTsi/LinuxDvbAml/LinuxDvbAmlTsiHandler.cpp:Changing '/sys/class/stb/demux0_source' to 'ts2'' from 'ts2'
2023 Jun 15 07:27:56.254245 MediaRite[5755]:  /usr/src/debug/mediarite-base/10.0.9.0-r0/dev-kit/mediarite/Source/Hal/FrontEnd/SuperFrontEndTsi/LinuxDvbAml/LinuxDvbAmlTsiHandler.cpp:Changing '/sys/class/stb/asyncfifo0_source' to 'dmx0'' from 'dmx0'
2023 Jun 15 07:27:56.254672 MediaRite[5755]:  /usr/src/debug/mediarite-base/10.0.9.0-r0/dev-kit/mediarite/Source/Hal/FrontEnd/SuperFrontEndTsi/LinuxDvbAml/LinuxDvbAmlTsiHandler.cpp:Changing '/sys/class/stb/asyncfifo0_flush_size' to '32768'' from '32768'
2023 Jun 15 07:27:56.256874 MediaRite[5755]:  /usr/src/debug/mediarite-base/10.0.9.0-r0/dev-kit/mediarite/Source/Hal/FrontEnd/SuperFrontEndTsi/LinuxDvbAml/LinuxDvbAmlTsiHandler.cpp:Changing '/sys/class/stb/dvr0_mode' to 'ts'' from 'ts'
2023 Jun 15 07:27:56.261669 MediaRite[5755]:  MRT_INFO_TUNER_SIGNAL_INFO: freq=599000, ssi=32, sqi=21, ber=0, snr=21, rfl=0, unc=49
2023 Jun 15 07:27:56.912911 MediaRite[5755]:  Tune: type=StreamType_ATSC, freq_kHz=605000, bw=FFE_BANDWIDTH_6_MHZ, retry=0
2023 Jun 15 07:27:58.837147 MediaRite[5755]:  MRT_INFO_TUNER_TUNE_SUCCESS: mode=scan, time=1926, freq=605000
2023 Jun 15 07:27:58.837848 MediaRite[5755]:  /usr/src/debug/mediarite-base/10.0.9.0-r0/dev-kit/mediarite/Source/Hal/FrontEnd/SuperFrontEndTsi/LinuxDvbAml/LinuxDvbAmlTsiHandler.cpp:Changing '/sys/class/stb/demux0_source' to 'ts2'' from 'ts2'
2023 Jun 15 07:27:58.838404 MediaRite[5755]:  /usr/src/debug/mediarite-base/10.0.9.0-r0/dev-kit/mediarite/Source/Hal/FrontEnd/SuperFrontEndTsi/LinuxDvbAml/LinuxDvbAmlTsiHandler.cpp:Changing '/sys/class/stb/asyncfifo0_source' to 'dmx0'' from 'dmx0'
2023 Jun 15 07:27:58.838994 MediaRite[5755]:  /usr/src/debug/mediarite-base/10.0.9.0-r0/dev-kit/mediarite/Source/Hal/FrontEnd/SuperFrontEndTsi/LinuxDvbAml/LinuxDvbAmlTsiHandler.cpp:Changing '/sys/class/stb/asyncfifo0_flush_size' to '32768'' from '32768'
2023 Jun 15 07:27:58.840241 MediaRite[5755]:  /usr/src/debug/mediarite-base/10.0.9.0-r0/dev-kit/mediarite/Source/Hal/FrontEnd/SuperFrontEndTsi/LinuxDvbAml/LinuxDvbAmlTsiHandler.cpp:Changing '/sys/class/stb/dvr0_mode' to 'ts'' from 'ts'
2023 Jun 15 07:27:58.844608 MediaRite[5755]:  MRT_INFO_TUNER_SIGNAL_INFO: freq=605000, ssi=12, sqi=10, ber=0, snr=10, rfl=0, unc=0
2023 Jun 15 07:28:00.852660 MediaRite[5755]:  MRT_ERR_DMX_NO_DATA_START: start=2009
2023 Jun 15 07:28:01.391803 MediaRite[5755]:  Mpeg2TsStreamHandler PAT request failed - requesting new oldpat=0xb0b20708(tid=0x0)
2023 Jun 15 07:28:03.863683 MediaRite[5755]:  Tune: type=StreamType_ATSC, freq_kHz=611000, bw=FFE_BANDWIDTH_6_MHZ, retry=0
2023 Jun 15 07:28:04.567826 MediaRite[5755]:  MRT_WARN_TUNER_TUNE_FAILED: mode=scan, time=705, freq=611000
2023 Jun 15 07:28:04.571431 MediaRite[5755]:  MRT_INFO_TUNER_SIGNAL_INFO: freq=611000, ssi=0, sqi=0, ber=0, snr=0, rfl=0, unc=0
2023 Jun 15 07:28:04.575587 MediaRite[5755]:  Tune: type=StreamType_ATSC, freq_kHz=617000, bw=FFE_BANDWIDTH_6_MHZ, retry=0
2023 Jun 15 07:28:05.222572 MediaRite[5755]:  MRT_WARN_TUNER_TUNE_FAILED: mode=scan, time=648, freq=617000
2023 Jun 15 07:28:05.223849 MediaRite[5755]:  MRT_INFO_TUNER_SIGNAL_INFO: freq=617000, ssi=1, sqi=0, ber=0, snr=0, rfl=0, unc=0
2023 Jun 15 07:28:05.227862 MediaRite[5755]:  Tune: type=StreamType_ATSC, freq_kHz=623000, bw=FFE_BANDWIDTH_6_MHZ, retry=0
2023 Jun 15 07:28:06.130720 MediaRite[5755]:  MRT_WARN_TUNER_TUNE_FAILED: mode=scan, time=904, freq=623000
2023 Jun 15 07:28:06.132023 MediaRite[5755]:  MRT_INFO_TUNER_SIGNAL_INFO: freq=623000, ssi=24, sqi=0, ber=0, snr=0, rfl=0, unc=0
2023 Jun 15 07:28:06.135854 MediaRite[5755]:  Tune: type=StreamType_ATSC, freq_kHz=629000, bw=FFE_BANDWIDTH_6_MHZ, retry=0
2023 Jun 15 07:28:07.084818 MediaRite[5755]:  MRT_WARN_TUNER_TUNE_FAILED: mode=scan, time=950, freq=629000
2023 Jun 15 07:28:07.086039 MediaRite[5755]:  MRT_INFO_TUNER_SIGNAL_INFO: freq=629000, ssi=22, sqi=0, ber=0, snr=0, rfl=0, unc=0
2023 Jun 15 07:28:07.090208 MediaRite[5755]:  Tune: type=StreamType_ATSC, freq_kHz=635000, bw=FFE_BANDWIDTH_6_MHZ, retry=0
2023 Jun 15 07:28:07.989548 MediaRite[5755]:  MRT_WARN_TUNER_TUNE_FAILED: mode=scan, time=901, freq=635000
2023 Jun 15 07:28:07.990629 MediaRite[5755]:  MRT_INFO_TUNER_SIGNAL_INFO: freq=635000, ssi=19, sqi=0, ber=0, snr=0, rfl=0, unc=0
2023 Jun 15 07:28:07.994800 MediaRite[5755]:  Tune: type=StreamType_ATSC, freq_kHz=641000, bw=FFE_BANDWIDTH_6_MHZ, retry=0
2023 Jun 15 07:28:08.941999 MediaRite[5755]:  MRT_WARN_TUNER_TUNE_FAILED: mode=scan, time=948, freq=641000
2023 Jun 15 07:28:08.943157 MediaRite[5755]:  MRT_INFO_TUNER_SIGNAL_INFO: freq=641000, ssi=12, sqi=0, ber=0, snr=0, rfl=0, unc=0
2023 Jun 15 07:28:08.947249 MediaRite[5755]:  Tune: type=StreamType_ATSC, freq_kHz=647000, bw=FFE_BANDWIDTH_6_MHZ, retry=0
2023 Jun 15 07:28:09.594356 MediaRite[5755]:  MRT_WARN_TUNER_TUNE_FAILED: mode=scan, time=648, freq=647000
2023 Jun 15 07:28:09.598019 MediaRite[5755]:  MRT_INFO_TUNER_SIGNAL_INFO: freq=647000, ssi=3, sqi=0, ber=0, snr=0, rfl=0, unc=0
2023 Jun 15 07:28:09.601871 MediaRite[5755]:  Tune: type=StreamType_ATSC, freq_kHz=653000, bw=FFE_BANDWIDTH_6_MHZ, retry=0
2023 Jun 15 07:28:10.249946 MediaRite[5755]:  MRT_WARN_TUNER_TUNE_FAILED: mode=scan, time=649, freq=653000
2023 Jun 15 07:28:10.253425 MediaRite[5755]:  MRT_INFO_TUNER_SIGNAL_INFO: freq=653000, ssi=0, sqi=0, ber=0, snr=0, rfl=0, unc=0
2023 Jun 15 07:28:10.257563 MediaRite[5755]:  Tune: type=StreamType_ATSC, freq_kHz=659000, bw=FFE_BANDWIDTH_6_MHZ, retry=0
2023 Jun 15 07:28:10.902604 MediaRite[5755]:  MRT_WARN_TUNER_TUNE_FAILED: mode=scan, time=646, freq=659000
2023 Jun 15 07:28:10.906268 MediaRite[5755]:  MRT_INFO_TUNER_SIGNAL_INFO: freq=659000, ssi=1, sqi=0, ber=0, snr=0, rfl=0, unc=0
2023 Jun 15 07:28:10.910432 MediaRite[5755]:  Tune: type=StreamType_ATSC, freq_kHz=665000, bw=FFE_BANDWIDTH_6_MHZ, retry=0
2023 Jun 15 07:28:11.555612 MediaRite[5755]:  MRT_WARN_TUNER_TUNE_FAILED: mode=scan, time=646, freq=665000
2023 Jun 15 07:28:11.556760 MediaRite[5755]:  MRT_INFO_TUNER_SIGNAL_INFO: freq=665000, ssi=4, sqi=0, ber=0, snr=0, rfl=0, unc=0
2023 Jun 15 07:28:11.560650 MediaRite[5755]:  Tune: type=StreamType_ATSC, freq_kHz=671000, bw=FFE_BANDWIDTH_6_MHZ, retry=0
2023 Jun 15 07:28:12.254456 MediaRite[5755]:  MRT_WARN_TUNER_TUNE_FAILED: mode=scan, time=695, freq=671000
2023 Jun 15 07:28:12.255923 MediaRite[5755]:  MRT_INFO_TUNER_SIGNAL_INFO: freq=671000, ssi=1, sqi=0, ber=0, snr=0, rfl=0, unc=0
2023 Jun 15 07:28:12.261071 MediaRite[5755]:  Tune: type=StreamType_ATSC, freq_kHz=677000, bw=FFE_BANDWIDTH_6_MHZ, retry=0
2023 Jun 15 07:28:12.904267 MediaRite[5755]:  MRT_WARN_TUNER_TUNE_FAILED: mode=scan, time=646, freq=677000
2023 Jun 15 07:28:12.905576 MediaRite[5755]:  MRT_INFO_TUNER_SIGNAL_INFO: freq=677000, ssi=1, sqi=0, ber=0, snr=0, rfl=0, unc=0
2023 Jun 15 07:28:12.909541 MediaRite[5755]:  Tune: type=StreamType_ATSC, freq_kHz=683000, bw=FFE_BANDWIDTH_6_MHZ, retry=0
2023 Jun 15 07:28:13.307598 MediaRite[5755]:  MRT_WARN_TUNER_TUNE_FAILED: mode=scan, time=399, freq=683000
2023 Jun 15 07:28:13.308765 MediaRite[5755]:  MRT_INFO_TUNER_SIGNAL_INFO: freq=683000, ssi=5, sqi=0, ber=0, snr=0, rfl=0, unc=0
2023 Jun 15 07:28:13.313276 MediaRite[5755]:  Tune: type=StreamType_ATSC, freq_kHz=689000, bw=FFE_BANDWIDTH_6_MHZ, retry=0
2023 Jun 15 07:28:13.707194 MediaRite[5755]:  MRT_WARN_TUNER_TUNE_FAILED: mode=scan, time=395, freq=689000
2023 Jun 15 07:28:13.708255 MediaRite[5755]:  MRT_INFO_TUNER_SIGNAL_INFO: freq=689000, ssi=6, sqi=0, ber=0, snr=0, rfl=0, unc=0
2023 Jun 15 07:28:13.712579 MediaRite[5755]:  Tune: type=StreamType_ATSC, freq_kHz=695000, bw=FFE_BANDWIDTH_6_MHZ, retry=0
2023 Jun 15 07:28:14.105653 MediaRite[5755]:  MRT_WARN_TUNER_TUNE_FAILED: mode=scan, time=394, freq=695000
2023 Jun 15 07:28:14.106860 MediaRite[5755]:  MRT_INFO_TUNER_SIGNAL_INFO: freq=695000, ssi=6, sqi=0, ber=0, snr=0, rfl=0, unc=0
2023 Jun 15 07:28:14.110894 MediaRite[5755]:  Tune: type=StreamType_ATSC, freq_kHz=701000, bw=FFE_BANDWIDTH_6_MHZ, retry=0
2023 Jun 15 07:28:14.507954 MediaRite[5755]:  MRT_WARN_TUNER_TUNE_FAILED: mode=scan, time=398, freq=701000
2023 Jun 15 07:28:14.516039 MediaRite[5755]:  MRT_INFO_TUNER_SIGNAL_INFO: freq=701000, ssi=6, sqi=0, ber=0, snr=0, rfl=0, unc=0
2023 Jun 15 07:28:14.517714 MediaRite[5755]:  Tune: type=StreamType_ATSC, freq_kHz=707000, bw=FFE_BANDWIDTH_6_MHZ, retry=0
2023 Jun 15 07:28:15.164627 MediaRite[5755]:  MRT_WARN_TUNER_TUNE_FAILED: mode=scan, time=648, freq=707000
2023 Jun 15 07:28:15.170585 MediaRite[5755]:  MRT_INFO_TUNER_SIGNAL_INFO: freq=707000, ssi=2, sqi=0, ber=0, snr=0, rfl=0, unc=0
2023 Jun 15 07:28:15.174813 MediaRite[5755]:  Tune: type=StreamType_ATSC, freq_kHz=713000, bw=FFE_BANDWIDTH_6_MHZ, retry=0
2023 Jun 15 07:28:15.573019 MediaRite[5755]:  MRT_WARN_TUNER_TUNE_FAILED: mode=scan, time=400, freq=713000
2023 Jun 15 07:28:15.579147 MediaRite[5755]:  MRT_INFO_TUNER_SIGNAL_INFO: freq=713000, ssi=6, sqi=0, ber=0, snr=0, rfl=0, unc=0
2023 Jun 15 07:28:15.583147 MediaRite[5755]:  Tune: type=StreamType_ATSC, freq_kHz=719000, bw=FFE_BANDWIDTH_6_MHZ, retry=0
2023 Jun 15 07:28:16.285592 MediaRite[5755]:  MRT_WARN_TUNER_TUNE_FAILED: mode=scan, time=704, freq=719000
2023 Jun 15 07:28:16.291882 MediaRite[5755]:  MRT_INFO_TUNER_SIGNAL_INFO: freq=719000, ssi=5, sqi=0, ber=0, snr=0, rfl=0, unc=0
2023 Jun 15 07:28:16.295754 MediaRite[5755]:  Tune: type=StreamType_ATSC, freq_kHz=725000, bw=FFE_BANDWIDTH_6_MHZ, retry=0
2023 Jun 15 07:28:16.940877 MediaRite[5755]:  MRT_WARN_TUNER_TUNE_FAILED: mode=scan, time=646, freq=725000
2023 Jun 15 07:28:16.944416 MediaRite[5755]:  MRT_INFO_TUNER_SIGNAL_INFO: freq=725000, ssi=7, sqi=0, ber=0, snr=0, rfl=0, unc=0
2023 Jun 15 07:28:16.949103 MediaRite[5755]:  Tune: type=StreamType_ATSC, freq_kHz=731000, bw=FFE_BANDWIDTH_6_MHZ, retry=0
2023 Jun 15 07:28:17.900357 MediaRite[5755]:  MRT_WARN_TUNER_TUNE_FAILED: mode=scan, time=953, freq=731000
2023 Jun 15 07:28:17.903889 MediaRite[5755]:  MRT_INFO_TUNER_SIGNAL_INFO: freq=731000, ssi=16, sqi=0, ber=0, snr=0, rfl=0, unc=0
2023 Jun 15 07:28:17.908011 MediaRite[5755]:  Tune: type=StreamType_ATSC, freq_kHz=737000, bw=FFE_BANDWIDTH_6_MHZ, retry=0
2023 Jun 15 07:28:18.857923 MediaRite[5755]:  MRT_WARN_TUNER_TUNE_FAILED: mode=scan, time=951, freq=737000
2023 Jun 15 07:28:18.863102 MediaRite[5755]:  MRT_INFO_TUNER_SIGNAL_INFO: freq=737000, ssi=19, sqi=0, ber=0, snr=0, rfl=0, unc=0
2023 Jun 15 07:28:18.865450 MediaRite[5755]:  Tune: type=StreamType_ATSC, freq_kHz=743000, bw=FFE_BANDWIDTH_6_MHZ, retry=0
2023 Jun 15 07:28:19.813934 MediaRite[5755]:  MRT_WARN_TUNER_TUNE_FAILED: mode=scan, time=950, freq=743000
2023 Jun 15 07:28:19.820016 MediaRite[5755]:  MRT_INFO_TUNER_SIGNAL_INFO: freq=743000, ssi=20, sqi=0, ber=0, snr=0, rfl=0, unc=0
2023 Jun 15 07:28:19.824990 MediaRite[5755]:  Tune: type=StreamType_ATSC, freq_kHz=749000, bw=FFE_BANDWIDTH_6_MHZ, retry=0
2023 Jun 15 07:28:20.771590 MediaRite[5755]:  MRT_WARN_TUNER_TUNE_FAILED: mode=scan, time=949, freq=749000
2023 Jun 15 07:28:20.779351 MediaRite[5755]:  MRT_INFO_TUNER_SIGNAL_INFO: freq=749000, ssi=23, sqi=0, ber=0, snr=0, rfl=0, unc=0
2023 Jun 15 07:28:20.781182 MediaRite[5755]:  Tune: type=StreamType_ATSC, freq_kHz=755000, bw=FFE_BANDWIDTH_6_MHZ, retry=0
2023 Jun 15 07:28:21.726091 MediaRite[5755]:  MRT_WARN_TUNER_TUNE_FAILED: mode=scan, time=946, freq=755000
2023 Jun 15 07:28:21.729642 MediaRite[5755]:  MRT_INFO_TUNER_SIGNAL_INFO: freq=755000, ssi=21, sqi=0, ber=0, snr=0, rfl=0, unc=0
2023 Jun 15 07:28:21.733411 MediaRite[5755]:  Tune: type=StreamType_ATSC, freq_kHz=761000, bw=FFE_BANDWIDTH_6_MHZ, retry=0
2023 Jun 15 07:28:22.681441 MediaRite[5755]:  MRT_WARN_TUNER_TUNE_FAILED: mode=scan, time=949, freq=761000
2023 Jun 15 07:28:22.685061 MediaRite[5755]:  MRT_INFO_TUNER_SIGNAL_INFO: freq=761000, ssi=16, sqi=0, ber=0, snr=0, rfl=0, unc=0
2023 Jun 15 07:28:22.686893 MediaRite[5755]:  Tune: type=StreamType_ATSC, freq_kHz=767000, bw=FFE_BANDWIDTH_6_MHZ, retry=0
2023 Jun 15 07:28:23.583031 MediaRite[5755]:  MRT_WARN_TUNER_TUNE_FAILED: mode=scan, time=898, freq=767000
2023 Jun 15 07:28:23.584473 MediaRite[5755]:  MRT_INFO_TUNER_SIGNAL_INFO: freq=767000, ssi=19, sqi=0, ber=0, snr=0, rfl=0, unc=0
2023 Jun 15 07:28:23.589284 MediaRite[5755]:  Tune: type=StreamType_ATSC, freq_kHz=773000, bw=FFE_BANDWIDTH_6_MHZ, retry=0
2023 Jun 15 07:28:24.285873 MediaRite[5755]:  MRT_WARN_TUNER_TUNE_FAILED: mode=scan, time=699, freq=773000
2023 Jun 15 07:28:24.290086 MediaRite[5755]:  MRT_INFO_TUNER_SIGNAL_INFO: freq=773000, ssi=7, sqi=0, ber=0, snr=0, rfl=0, unc=0
2023 Jun 15 07:28:24.294394 MediaRite[5755]:  Tune: type=StreamType_ATSC, freq_kHz=779000, bw=FFE_BANDWIDTH_6_MHZ, retry=0
2023 Jun 15 07:28:24.944257 MediaRite[5755]:  MRT_WARN_TUNER_TUNE_FAILED: mode=scan, time=651, freq=779000
2023 Jun 15 07:28:24.947876 MediaRite[5755]:  MRT_INFO_TUNER_SIGNAL_INFO: freq=779000, ssi=4, sqi=0, ber=0, snr=0, rfl=0, unc=0
2023 Jun 15 07:28:24.951933 MediaRite[5755]:  Tune: type=StreamType_ATSC, freq_kHz=785000, bw=FFE_BANDWIDTH_6_MHZ, retry=0
2023 Jun 15 07:28:25.347231 MediaRite[5755]:  MRT_WARN_TUNER_TUNE_FAILED: mode=scan, time=397, freq=785000
2023 Jun 15 07:28:25.348516 MediaRite[5755]:  MRT_INFO_TUNER_SIGNAL_INFO: freq=785000, ssi=7, sqi=0, ber=0, snr=0, rfl=0, unc=0
2023 Jun 15 07:28:25.353060 MediaRite[5755]:  Tune: type=StreamType_ATSC, freq_kHz=791000, bw=FFE_BANDWIDTH_6_MHZ, retry=0
2023 Jun 15 07:28:25.995967 MediaRite[5755]:  MRT_WARN_TUNER_TUNE_FAILED: mode=scan, time=645, freq=791000
2023 Jun 15 07:28:25.997158 MediaRite[5755]:  MRT_INFO_TUNER_SIGNAL_INFO: freq=791000, ssi=4, sqi=0, ber=0, snr=0, rfl=0, unc=0
2023 Jun 15 07:28:26.000887 MediaRite[5755]:  Tune: type=StreamType_ATSC, freq_kHz=797000, bw=FFE_BANDWIDTH_6_MHZ, retry=0
2023 Jun 15 07:28:26.694592 MediaRite[5755]:  MRT_WARN_TUNER_TUNE_FAILED: mode=scan, time=695, freq=797000
2023 Jun 15 07:28:26.698183 MediaRite[5755]:  MRT_INFO_TUNER_SIGNAL_INFO: freq=797000, ssi=4, sqi=0, ber=0, snr=0, rfl=0, unc=0
2023 Jun 15 07:28:26.703112 MediaRite[5755]:  Tune: type=StreamType_ATSC, freq_kHz=803000, bw=FFE_BANDWIDTH_6_MHZ, retry=0
2023 Jun 15 07:28:27.351366 MediaRite[5755]:  MRT_WARN_TUNER_TUNE_FAILED: mode=scan, time=650, freq=803000
2023 Jun 15 07:28:27.352570 MediaRite[5755]:  MRT_INFO_TUNER_SIGNAL_INFO: freq=803000, ssi=4, sqi=0, ber=0, snr=0, rfl=0, unc=0
2023 Jun 15 07:28:27.415332 MediaRite[5755]:  MRT_INFO_NUMBER_OF_SERVICES: tv=93, radio=0, data=0
2023 Jun 15 07:28:27.416073 MediaRite[5755]:  MRT_INFO_NUMBER_OF_SERVICES_ON_CARRIER: dvbt=0, dvbc=0, dvbs=0, atsc=93, isdbt=0
2023 Jun 15 07:28:27.416895 MediaRite[5755]:  MRT_INFO_NUMBER_OF_TV_SERVICES: sd=93, hd=0, uhd=0
2023 Jun 15 07:28:27.417466 MediaRite[5755]:  MRT_INFO_NUMBER_OF_MUXES: muxes=15
2023 Jun 15 07:28:27.418066 MediaRite[5755]:  MRT_INFO_CHANNEL_SCAN_FINISHED: type=CSMT_LOCATION, found=93, fta=0, nlpk=80, duration=83006
2023 Jun 15 07:32:10.508516 MediaRite[5755]:  MRT_INFO_SETTING_SET_VAR: key=conf.language.preferredAudio_1, value=
2023 Jun 15 07:32:10.526388 MediaRite[5755]:  MRT_INFO_SURFACE: uiPk=1, playerPk=1, coreTrackType=CTT_Video, surfaceId=1, surfaceName=ResidentApp/wst-factoryapp, ok=true
2023 Jun 15 07:32:10.552774 MediaRite[5755]:  MRT_INFO_UPDATE_VIDEO_VIEW: id=MainPlayer, viewPort=[CHANGE_POS 1 NOTIFY_RES 1 NOTIFY_VLAYER 1 POS.HEIGHT 1080 POS.RES_HEIGHT 1080 POS.RES_WIDTH 1920 POS.WIDTH 1920 POS.X 0 POS.Y 0 RES.HEIGHT 1080 RES.WIDTH 1920 VL.OVERSCAN_MODE 2 VL.RES.HEIGHT 1080 VL.RES.WIDTH 1920] [] []
2023 Jun 15 07:32:10.553332 MediaRite[5755]:  UpdateVideoViewport - CHANGE_POS iVideoViewport=[CHANGE_POS 1 NOTIFY_RES 1 NOTIFY_VLAYER 1 POS.HEIGHT 1080 POS.RES_HEIGHT 1080 POS.RES_WIDTH 1920 POS.WIDTH 1920 POS.X 0 POS.Y 0 RES.HEIGHT 1080 RES.WIDTH 1920 VL.OVERSCAN_MODE 2 VL.RES.HEIGHT 1080 VL.RES.WIDTH 1920] [] [], xPosition=0, yPosition=0, width=1, height=1, keepAspect=true
2023 Jun 15 07:32:38.965377 MediaRite[5755]:  MRT_INFO_SETMEDIA: playerId=MainPlayer, uictx=, url=null://, mediaMeta=[RETUNE 0 USER.PLAYERSTATE 0] [] [], speed=100, seek={mUnit=ePsuBytes, mOffset=0, mOffsetIsRelative=true}
