2023 Jun 15 07:25:30.342078 apps-rdm[16634]:  dwld_on_demand set to yes!!! Check RFC value of the APP to be downloaded
2023 Jun 15 07:25:30.372344 apps-rdm[16634]:  RFC VALUE:true
2023 Jun 15 07:25:30.373037 apps-rdm[16634]:  APP_RFC_STATUS:0
2023 Jun 15 07:25:30.373152 apps-rdm[16634]:  Start the download of App: systemd-analyze
2023 Jun 15 07:25:30.394917 apps-rdm[16634]:  Downloading systemd-analyze...
2023 Jun 15 07:25:30.399812 apps-rdm[16634]:  /media/apps is in working condition
[061523-07:25:30:875581286] [pid=16666] using the custom HOME path:/media/apps
[061523-07:25:30:880172671] [pid=16666] Package Extension is ipk
[061523-07:25:30:884329039] [pid=16666] Package Name from meta data: /etc/rdm/rdm-manifest.json
[061523-07:25:30:892226926] [pid=16666] Meta-data: package name: ELTE11MWR_23Q2_sprint_20230614232241_NGBB_systemd-analyze-signed.tar
[061523-07:25:30:896185953] [pid=16666] DOWNLOAD_APP_MODULE = systemd-analyze
[061523-07:25:30:899992224] [pid=16666] PKG_AUTHENTICATION = openssl
[061523-07:25:30:903938917] [pid=16666] PKG_EXTN = ipk
[061523-07:25:30:907921195] [pid=16666] Meta-data: package name: 
[061523-07:25:30:911668506] [pid=16666] Meta-data: package size: 
[061523-07:25:30:915687994] [pid=16666] APPLN_HOME_PATH = /media/apps/systemd-analyze
[061523-07:25:30:920254836] [pid=16666] Checking Codebig flag...
[061523-07:25:30:924293741] [pid=16666] Either Missing ARM SCP IP ADDRESS , Please Check /etc/device.properties 
[061523-07:25:30:927958007] [pid=16666]              Or               
[061523-07:25:30:931541936] [pid=16666] Platform with Single Processor 
[061523-07:25:30:935212952] [pid=16666]              Or               
[061523-07:25:30:939015723] [pid=16666] Processes are running on the ATOM side 
[061523-07:25:30:956088879] [pid=16666] Download URL is not available in /tmp/.rdm_ssr_location
[061523-07:25:30:960830311] [pid=16666] Using RDM Default url https://dac15cdlserver.ae.ccp.xcal.tv/Images to download from the Xconf Server
[061523-07:25:30:965532325] [pid=16666] Replacing http with https in curl download request
[061523-07:25:30:976283072] [pid=16666] RDM App Download URL Location is https://dac15cdlserver.ae.ccp.xcal.tv/Images
[061523-07:25:30:981643236] [pid=16666] File package /media/apps/rdm/downloads/systemd-analyze/ELTE11MWR_23Q2_sprint_20230614232241_NGBB_systemd-analyze-signed.tar already available
[061523-07:25:31:016139256] [pid=16666] Intermediate PKG File: systemd-analyze-pkg.tar
[061523-07:25:31:074531117] [pid=16666] Package already extracted
[061523-07:25:31:081367624] [pid=16666] openSSL Validation on the Package
2023 Jun 15 07:25:30.823933 apps-rdm[16634]:  systemd-analyze already downloaded on secondary storage. So skip the download and validate the package.
2023 Jun 15 07:25:30.824097 apps-rdm[16634]:  HOME PATH for APP = /media/apps
2023 Jun 15 07:25:31.021969 apps-rdm[16634]:  -rw-r-----    1 1000     vpu         419840 Jun 15 01:09 /media/apps/rdm/downloads/systemd-analyze/systemd-analyze-pkg.tar
[061523-07:25:31:102726510] [pid=16749] Inputs: [path: /media/apps/rdm/downloads/systemd-analyze/, pkg: systemd-analyze-pkg.tar, sig: systemd-analyze-pkg.sig sig_type: kms]
[061523-07:25:31:108233551] [pid=16749] Package with KMS signature
[061523-07:25:31:147588196] [pid=16749] Validate the Package
[061523-07:25:31:188717909] [pid=16749] Signature generated by concatenating all pkg components.
[061523-07:25:31:193362417] [pid=16749] Manifest file having path for all package components: /media/apps/systemd-analyze/systemd-analyze_cpemanifest 
[061523-07:25:31:215373661] [pid=16749] Openssl Verify Result: Input option value=/media/apps/systemd-analyze/systemd-analyze_cpemanifest
Output option value=/media/apps/rdm/downloads/systemd-analyze//systemd-analyze-pkg.sig
Output option value=/media/apps/rdm/downloads/systemd-analyze//vstuvwx.file
rdm_openssl_rsa_file_signature_verify():Initiating signature validation of individual package components
RSA Signature Validation Success
[061523-07:25:31:227862047] [pid=16666] RDM package download success: ELTE11MWR_23Q2_sprint_20230614232241_NGBB_systemd-analyze-signed.tar
** Message: 07:25:31.242: IARM_event_sender  Entering 16786

** Message: 07:25:31.242:  Send RDMAppStatusEvent
** Message: 07:25:31.242: >>>>> Send IARM_BUS_NAME EVENT current Event Name =RDMAppStatusEvent,evenstatus=pkg_name:systemd-analyze
pkg_version:NA
pkg_inst_status:0
pkg_inst_path:/media/apps/systemd-analyze
** Message: 07:25:31.248: >>>>> Generate IARM_BUS_NAME EVENT current Event Name =RDMAppStatusEvent,eventpayload=pkg_name:systemd-analyze
pkg_version:NA
pkg_inst_status:0
pkg_inst_path:/media/apps/systemd-analyze
** Message: 07:25:31.249: >>>>> IARM SUCCESS  Event  = 0
2023 Jun 15 07:25:31.111904 apps-rdm[16634]:  8DBF326015A6881E45EF8F2684731BA5098F362DE5803C7A021B0D9465AB7255959F5256D8035FB6195314F5A7E659A940A3479424DC073039D369D153C42DF4C98E09C3B902C13ED6C8B6FDC24BA15FF36D3DE501B2F61EA6654D44FFE66520218D7E935434F1030BC6A27D014D80C54EC524ED93AB9A030333759EEE5772D57A7E407EF83F0EB72B83DF529BD1CD3DD1E6779E7E160FFFDE57A20A3068B5FA6B2688E0AD21ACD2590D1F56D344DE7A3F0F5249F4EAA1A262E0D4DF51C5222DF8A90D3C9F7C607F6EDD53D07D4CB557E5CF6490E1DE582BB916C1AFA5973082C4B5D1AE8D9FD61B16BE4DB1769EA18575E95E7626D4B243CE592AE6E944FE67
2023 Jun 15 07:25:31.220131 apps-rdm[16634]:  Input option value=/media/apps/systemd-analyze/systemd-analyze_cpemanifest Output option value=/media/apps/rdm/downloads/systemd-analyze//systemd-analyze-pkg.sig Output option value=/media/apps/rdm/downloads/systemd-analyze//vstuvwx.file rdm_openssl_rsa_file_signature_verify():Initiating signature validation of individual package components RSA Signature Validation Success
** Message: 07:25:31.750: IARM_event_sender closing 

IARM_Init group name = com.comcast.rdk.iarm.bus member name = RDMAppStatusEvent
setting init done
Registering RDMAppStatusEvent
term start init 1
[061523-07:25:31:755827681] [pid=16666] /media/apps/rdm/downloads/systemd-analyze// CleanUp
2023 Jun 15 07:25:31.764315 apps-rdm[16634]:  real	0m0.939s
2023 Jun 15 07:25:31.764450 apps-rdm[16634]:  user	0m0.088s
2023 Jun 15 07:25:31.764513 apps-rdm[16634]:  sys	0m0.076s
2023 Jun 15 07:25:31.780217 apps-rdm[16634]:  Start the download of App: netflix
2023 Jun 15 07:25:31.798682 apps-rdm[16634]:  Downloading netflix...
2023 Jun 15 07:25:31.803619 apps-rdm[16634]:  /media/apps is in working condition
[061523-07:25:32:031221423] [pid=16847] using the custom HOME path:/media/apps
[061523-07:25:32:036208648] [pid=16847] Package Extension is ipk
[061523-07:25:32:040314799] [pid=16847] Package Name from meta data: /etc/rdm/rdm-manifest.json
[061523-07:25:32:047067006] [pid=16847] Meta-data: package name: ELTE11MWR_23Q2_sprint_20230614232241_NGBB_netflix-signed.tar
[061523-07:25:32:050856228] [pid=16847] DOWNLOAD_APP_MODULE = netflix
[061523-07:25:32:054806124] [pid=16847] PKG_AUTHENTICATION = openssl
[061523-07:25:32:058673391] [pid=16847] PKG_EXTN = ipk
[061523-07:25:32:062414445] [pid=16847] Meta-data: package name: 
[061523-07:25:32:066002660] [pid=16847] Meta-data: package size: 
[061523-07:25:32:070297985] [pid=16847] APPLN_HOME_PATH = /media/apps/netflix
[061523-07:25:32:074829735] [pid=16847] Checking Codebig flag...
[061523-07:25:32:078600457] [pid=16847] Either Missing ARM SCP IP ADDRESS , Please Check /etc/device.properties 
[061523-07:25:32:082170588] [pid=16847]              Or               
[061523-07:25:32:085910976] [pid=16847] Platform with Single Processor 
[061523-07:25:32:089762576] [pid=16847]              Or               
[061523-07:25:32:093437169] [pid=16847] Processes are running on the ATOM side 
[061523-07:25:32:110389876] [pid=16847] Download URL is not available in /tmp/.rdm_ssr_location
[061523-07:25:32:115157885] [pid=16847] Using RDM Default url https://dac15cdlserver.ae.ccp.xcal.tv/Images to download from the Xconf Server
[061523-07:25:32:120310199] [pid=16847] Replacing http with https in curl download request
[061523-07:25:32:130283441] [pid=16847] RDM App Download URL Location is https://dac15cdlserver.ae.ccp.xcal.tv/Images
[061523-07:25:32:136039778] [pid=16847] File package /media/apps/rdm/downloads/netflix/ELTE11MWR_23Q2_sprint_20230614232241_NGBB_netflix-signed.tar already available
[061523-07:25:32:168833651] [pid=16847] Intermediate PKG File: netflix-pkg.tar
2023 Jun 15 07:25:31.981406 apps-rdm[16634]:  netflix already downloaded on secondary storage. So skip the download and validate the package.
2023 Jun 15 07:25:31.981574 apps-rdm[16634]:  HOME PATH for APP = /media/apps
2023 Jun 15 07:25:32.173965 apps-rdm[16634]:  -rw-r-----    1 1000     vpu       57579520 Jun 15 01:09 /media/apps/rdm/downloads/netflix/netflix-pkg.tar
[061523-07:25:33:448641621] [pid=16847] Package already extracted
[061523-07:25:33:453090615] [pid=16847] openSSL Validation on the Package
[061523-07:25:33:470763792] [pid=16921] Inputs: [path: /media/apps/rdm/downloads/netflix/, pkg: netflix-pkg.tar, sig: netflix-pkg.sig sig_type: kms]
[061523-07:25:33:475765431] [pid=16921] Package with KMS signature
[061523-07:25:33:511223582] [pid=16921] Validate the Package
[061523-07:25:33:530230433] [pid=16921] Signature generated by concatenating all pkg components.
[061523-07:25:33:533965109] [pid=16921] Manifest file having path for all package components: /media/apps/netflix/netflix_cpemanifest 
2023 Jun 15 07:25:33.479778 apps-rdm[16634]:  3AB4EA52F07D76234685074EC329FB7650C380CD832A02AA93B94479C331441CBB7CB2902987D56797AED28F81BC3261C596AB5F85371AE215601F2D19FBBCDC6558D46D9AD822C2DD0EB4F1EB0B22838173374E679644729E5A4E3DC113DB90F6338451406B50DCCD2F18B2DF72F28A8BA57CE36D9A26882A6B97DEB5ED52F95D0572149F0A4C5F1E5ACE7ADE2B1B7A7CC4F532E980D0924365E299ED67A7FE431AEB5FA714221D6BEBD5F8415F73356086CD756F4DCE62E2D4B84C4F70EB65D8EB087B089138368142D07143A21C35600615B97A41E01B0121CCA17BA529F123CF45B8E792BC255742680EA6FB2832282D6F0B5E3ADEBFA3590810DB324E7E
[061523-07:25:34:057757422] [pid=16921] Openssl Verify Result: Input option value=/media/apps/netflix/netflix_cpemanifest
Output option value=/media/apps/rdm/downloads/netflix//netflix-pkg.sig
Output option value=/media/apps/rdm/downloads/netflix//vstuvwx.file
rdm_openssl_rsa_file_signature_verify():Initiating signature validation of individual package components
RSA Signature Validation Success
[061523-07:25:34:071824168] [pid=16847] RDM package download success: ELTE11MWR_23Q2_sprint_20230614232241_NGBB_netflix-signed.tar
** Message: 07:25:34.093: IARM_event_sender  Entering 16962

** Message: 07:25:34.093:  Send RDMAppStatusEvent
** Message: 07:25:34.093: >>>>> Send IARM_BUS_NAME EVENT current Event Name =RDMAppStatusEvent,evenstatus=pkg_name:netflix
pkg_version:NA
pkg_inst_status:0
pkg_inst_path:/media/apps/netflix
** Message: 07:25:34.099: >>>>> Generate IARM_BUS_NAME EVENT current Event Name =RDMAppStatusEvent,eventpayload=pkg_name:netflix
pkg_version:NA
pkg_inst_status:0
pkg_inst_path:/media/apps/netflix
** Message: 07:25:34.100: >>>>> IARM SUCCESS  Event  = 0
2023 Jun 15 07:25:34.062910 apps-rdm[16634]:  Input option value=/media/apps/netflix/netflix_cpemanifest Output option value=/media/apps/rdm/downloads/netflix//netflix-pkg.sig Output option value=/media/apps/rdm/downloads/netflix//vstuvwx.file rdm_openssl_rsa_file_signature_verify():Initiating signature validation of individual package components RSA Signature Validation Success
** Message: 07:25:34.602: IARM_event_sender closing 

IARM_Init group name = com.comcast.rdk.iarm.bus member name = RDMAppStatusEvent
setting init done
Registering RDMAppStatusEvent
term start init 1
[061523-07:25:34:607291873] [pid=16847] /media/apps/rdm/downloads/netflix// CleanUp
2023 Jun 15 07:25:34.616540 apps-rdm[16634]:  real	0m2.634s
2023 Jun 15 07:25:34.616665 apps-rdm[16634]:  user	0m1.232s
2023 Jun 15 07:25:34.616726 apps-rdm[16634]:  sys	0m0.532s
2023 Jun 15 07:25:34.634169 apps-rdm[16634]:  dwld_on_demand set to yes!!! Check RFC value of the APP to be downloaded
2023 Jun 15 07:25:34.670307 apps-rdm[16634]:  RFC VALUE:
2023 Jun 15 07:25:34.671404 apps-rdm[16634]:  APP_RFC_STATUS:1
2023 Jun 15 07:25:34.671620 apps-rdm[16634]:  APP RFC is not enabled, skipping the download for:App:2=>yes=>debug_tools-lsof
2023 Jun 15 07:25:34.682327 apps-rdm[16634]:  dwld_on_demand set to yes!!! Check RFC value of the APP to be downloaded
2023 Jun 15 07:25:34.712283 apps-rdm[16634]:  RFC VALUE:
2023 Jun 15 07:25:34.712861 apps-rdm[16634]:  APP_RFC_STATUS:1
2023 Jun 15 07:25:34.712986 apps-rdm[16634]:  APP RFC is not enabled, skipping the download for:App:3=>yes=>debug_tools-gperftools
2023 Jun 15 07:25:34.723845 apps-rdm[16634]:  Start the download of App: bind-dl
2023 Jun 15 07:25:34.744170 apps-rdm[16634]:  Downloading bind-dl...
2023 Jun 15 07:25:34.748699 apps-rdm[16634]:  /media/apps is in working condition
2023 Jun 15 07:25:34.929965 apps-rdm[16634]:  bind-dl already downloaded on secondary storage. So skip the download and validate the package.
2023 Jun 15 07:25:34.930107 apps-rdm[16634]:  HOME PATH for APP = /media/apps
[061523-07:25:34:981115090] [pid=16999] using the custom HOME path:/media/apps
[061523-07:25:34:986098724] [pid=16999] Package Extension is ipk
[061523-07:25:34:990467628] [pid=16999] Package Name from meta data: /etc/rdm/rdm-manifest.json
[061523-07:25:34:998032394] [pid=16999] Meta-data: package name: ELTE11MWR_23Q2_sprint_20230614232241_NGBB_bind-dl-signed.tar
[061523-07:25:35:002260668] [pid=16999] DOWNLOAD_APP_MODULE = bind-dl
[061523-07:25:35:006466731] [pid=16999] PKG_AUTHENTICATION = openssl
[061523-07:25:35:010587957] [pid=16999] PKG_EXTN = ipk
[061523-07:25:35:014770393] [pid=16999] Meta-data: package name: 
[061523-07:25:35:018872368] [pid=16999] Meta-data: package size: 
[061523-07:25:35:023527653] [pid=16999] APPLN_HOME_PATH = /media/apps/bind-dl
[061523-07:25:35:028371570] [pid=16999] Checking Codebig flag...
[061523-07:25:35:032479754] [pid=16999] Either Missing ARM SCP IP ADDRESS , Please Check /etc/device.properties 
[061523-07:25:35:036673357] [pid=16999]              Or               
[061523-07:25:35:040749081] [pid=16999] Platform with Single Processor 
[061523-07:25:35:044818013] [pid=16999]              Or               
[061523-07:25:35:048732856] [pid=16999] Processes are running on the ATOM side 
[061523-07:25:35:066647850] [pid=16999] Download URL is not available in /tmp/.rdm_ssr_location
[061523-07:25:35:072433341] [pid=16999] Using RDM Default url https://dac15cdlserver.ae.ccp.xcal.tv/Images to download from the Xconf Server
[061523-07:25:35:078060994] [pid=16999] Replacing http with https in curl download request
[061523-07:25:35:089249463] [pid=16999] RDM App Download URL Location is https://dac15cdlserver.ae.ccp.xcal.tv/Images
[061523-07:25:35:095323798] [pid=16999] File package /media/apps/rdm/downloads/bind-dl/ELTE11MWR_23Q2_sprint_20230614232241_NGBB_bind-dl-signed.tar already available
[061523-07:25:35:131261955] [pid=16999] Intermediate PKG File: bind-dl-pkg.tar
2023 Jun 15 07:25:35.136710 apps-rdm[16634]:  -rw-r-----    1 1000     vpu         962560 Jun 15 01:09 /media/apps/rdm/downloads/bind-dl/bind-dl-pkg.tar
[061523-07:25:35:197648579] [pid=16999] Package already extracted
[061523-07:25:35:202506497] [pid=16999] openSSL Validation on the Package
[061523-07:25:35:221380065] [pid=17073] Inputs: [path: /media/apps/rdm/downloads/bind-dl/, pkg: bind-dl-pkg.tar, sig: bind-dl-pkg.sig sig_type: kms]
[061523-07:25:35:226618496] [pid=17073] Package with KMS signature
[061523-07:25:35:264973569] [pid=17073] Validate the Package
[061523-07:25:35:285620365] [pid=17073] Signature generated by concatenating all pkg components.
[061523-07:25:35:289732424] [pid=17073] Manifest file having path for all package components: /media/apps/bind-dl/bind-dl_cpemanifest 
[061523-07:25:35:322949195] [pid=17073] Openssl Verify Result: Input option value=/media/apps/bind-dl/bind-dl_cpemanifest
Output option value=/media/apps/rdm/downloads/bind-dl//bind-dl-pkg.sig
Output option value=/media/apps/rdm/downloads/bind-dl//vstuvwx.file
rdm_openssl_rsa_file_signature_verify():Initiating signature validation of individual package components
RSA Signature Validation Success
[061523-07:25:35:335247328] [pid=16999] RDM package download success: ELTE11MWR_23Q2_sprint_20230614232241_NGBB_bind-dl-signed.tar
** Message: 07:25:35.349: IARM_event_sender  Entering 17099

** Message: 07:25:35.349:  Send RDMAppStatusEvent
** Message: 07:25:35.349: >>>>> Send IARM_BUS_NAME EVENT current Event Name =RDMAppStatusEvent,evenstatus=pkg_name:bind-dl
pkg_version:NA
pkg_inst_status:0
pkg_inst_path:/media/apps/bind-dl
** Message: 07:25:35.356: >>>>> Generate IARM_BUS_NAME EVENT current Event Name =RDMAppStatusEvent,eventpayload=pkg_name:bind-dl
pkg_version:NA
pkg_inst_status:0
pkg_inst_path:/media/apps/bind-dl
** Message: 07:25:35.356: >>>>> IARM SUCCESS  Event  = 0
2023 Jun 15 07:25:35.230303 apps-rdm[16634]:  544240FD565CA7C03FBCB0D0D87C567AED915735F5764AA7BD15C379A9C1EC122422736AAA27F654E5E28C9E3388DF21B5251472C1C71E3EEB1C79DCBAAC674082FA7D00DE42798AF0AFB502CBDFA879035F2FFF37CA3F1EB33DFC71649DDDE72B742E52D4E57FAE6396648266BC9AD7A129D642AC6839F758BA05414220DF434A4E05C08AFEF370CA07D4E9D6B3F200061D6B2353327620350A8F6FCA5EDB0C520381E71061C04C44FAB87F1F9791CA0C51CC1A1C5AFF64281548FDB7E9A7443DA2CA67F81264BDCA6F63706324BCFC5EDF7113686DFCFEE86528864C47CC7CE85B46E9540FBF37B793B438C2886B6CD87B0233A0677F2C56CE19FFF08B429A
2023 Jun 15 07:25:35.327795 apps-rdm[16634]:  Input option value=/media/apps/bind-dl/bind-dl_cpemanifest Output option value=/media/apps/rdm/downloads/bind-dl//bind-dl-pkg.sig Output option value=/media/apps/rdm/downloads/bind-dl//vstuvwx.file rdm_openssl_rsa_file_signature_verify():Initiating signature validation of individual package components RSA Signature Validation Success
** Message: 07:25:35.857: IARM_event_sender closing 

IARM_Init group name = com.comcast.rdk.iarm.bus member name = RDMAppStatusEvent
setting init done
Registering RDMAppStatusEvent
term start init 1
[061523-07:25:35:863042918] [pid=16999] /media/apps/rdm/downloads/bind-dl// CleanUp
[061523-07:25:35:909987288] [pid=16999] RDM Post script Execution /media/apps/bind-dl/etc/rdm/post-services/named_start_post_rdm.sh
[061523-07:25:36:187998752] [pid=17135] using the custom HOME path:/media/apps
[061523-07:25:36:193077174] [pid=17135] Package Extension is ipk
2023 Jun 15 07:25:35.915634 apps-rdm[16634]:  real	0m0.984s
2023 Jun 15 07:25:35.915762 apps-rdm[16634]:  user	0m0.104s
2023 Jun 15 07:25:35.915824 apps-rdm[16634]:  sys	0m0.096s
2023 Jun 15 07:25:35.932114 apps-rdm[16634]:  Start the download of App: Airplay-Plugin
2023 Jun 15 07:25:35.952925 apps-rdm[16634]:  Downloading Airplay-Plugin...
[061523-07:25:36:197582868] [pid=17135] Package Name from meta data: /etc/rdm/rdm-manifest.json
2023 Jun 15 07:25:35.957646 apps-rdm[16634]:  /media/apps is in working condition
2023 Jun 15 07:25:36.136326 apps-rdm[16634]:  Airplay-Plugin already downloaded on secondary storage. So skip the download and validate the package.
2023 Jun 15 07:25:36.136474 apps-rdm[16634]:  HOME PATH for APP = /media/apps
[061523-07:25:36:205536678] [pid=17135] Meta-data: package name: ELTE11MWR_23Q2_sprint_20230614232241_NGBB_Airplay-Plugin-signed.tar
[061523-07:25:36:209760738] [pid=17135] DOWNLOAD_APP_MODULE = Airplay-Plugin
[061523-07:25:36:213901711] [pid=17135] PKG_AUTHENTICATION = openssl
[061523-07:25:36:218068019] [pid=17135] PKG_EXTN = ipk
[061523-07:25:36:222492377] [pid=17135] Meta-data: package name: 
[061523-07:25:36:226601099] [pid=17135] Meta-data: package size: 
[061523-07:25:36:231071875] [pid=17135] APPLN_HOME_PATH = /media/apps/Airplay-Plugin
[061523-07:25:36:236000708] [pid=17135] Checking Codebig flag...
[061523-07:25:36:240411191] [pid=17135] Either Missing ARM SCP IP ADDRESS , Please Check /etc/device.properties 
[061523-07:25:36:244534330] [pid=17135]              Or               
[061523-07:25:36:248745764] [pid=17135] Platform with Single Processor 
[061523-07:25:36:253012283] [pid=17135]              Or               
[061523-07:25:36:257235509] [pid=17135] Processes are running on the ATOM side 
[061523-07:25:36:276046478] [pid=17135] Download URL is not available in /tmp/.rdm_ssr_location
[061523-07:25:36:281501121] [pid=17135] Using RDM Default url https://dac15cdlserver.ae.ccp.xcal.tv/Images to download from the Xconf Server
[061523-07:25:36:286904596] [pid=17135] Replacing http with https in curl download request
[061523-07:25:36:297594749] [pid=17135] RDM App Download URL Location is https://dac15cdlserver.ae.ccp.xcal.tv/Images
[061523-07:25:36:303408570] [pid=17135] File package /media/apps/rdm/downloads/Airplay-Plugin/ELTE11MWR_23Q2_sprint_20230614232241_NGBB_Airplay-Plugin-signed.tar already available
[061523-07:25:36:336131718] [pid=17135] Intermediate PKG File: Airplay-Plugin-pkg.tar
[061523-07:25:36:534065617] [pid=17135] Package already extracted
[061523-07:25:36:539244834] [pid=17135] openSSL Validation on the Package
[061523-07:25:36:559657149] [pid=17209] Inputs: [path: /media/apps/rdm/downloads/Airplay-Plugin/, pkg: Airplay-Plugin-pkg.tar, sig: Airplay-Plugin-pkg.sig sig_type: kms]
[061523-07:25:36:565233546] [pid=17209] Package with KMS signature
[061523-07:25:36:598122449] [pid=17209] Validate the Package
[061523-07:25:36:617419060] [pid=17209] Signature generated by concatenating all pkg components.
[061523-07:25:36:621620035] [pid=17209] Manifest file having path for all package components: /media/apps/Airplay-Plugin/Airplay-Plugin_cpemanifest 
2023 Jun 15 07:25:36.341326 apps-rdm[16634]:  -rw-r-----    1 1000     vpu        6881280 Jun 15 01:09 /media/apps/rdm/downloads/Airplay-Plugin/Airplay-Plugin-pkg.tar
2023 Jun 15 07:25:36.569050 apps-rdm[16634]:  AD0F77A7E1C6D6357F7812A81DB0CECE52C8F07BB892D874457731F40484F49FE12FBDC6BD57B0EE7917145EC17259F1F70F184A4DADA4E649CADE12F35D26187B17B9423ED6B4C920F718C9A5237996F6E0BAB9B72EC69D8B8A58B55B5E394093CD1A1CE3AA415B4DADEF4C2AA6E02566AA5D0A4E39A54EA9C9151E3FD0C4248044939B5C1EA2125DB7606B89A29AF467C9A66C13DA33A133C7DE3CDC04148F3291E5162932AD5CBB44054544714E426AAE18191B6BB9F71A6D0DFEEAB2C459A1E84D75FE7EB01F38E6764F37A64BFD43249071C188305553FCBFBFEF453230A40C78B65C6768D0BAD399DA4FB375BACD9D7815B42A423308F67C05509F0790
[061523-07:25:36:721701668] [pid=17209] Openssl Verify Result: Input option value=/media/apps/Airplay-Plugin/Airplay-Plugin_cpemanifest
Output option value=/media/apps/rdm/downloads/Airplay-Plugin//Airplay-Plugin-pkg.sig
Output option value=/media/apps/rdm/downloads/Airplay-Plugin//vstuvwx.file
rdm_openssl_rsa_file_signature_verify():Initiating signature validation of individual package components
RSA Signature Validation Success
[061523-07:25:36:734328887] [pid=17135] RDM package download success: ELTE11MWR_23Q2_sprint_20230614232241_NGBB_Airplay-Plugin-signed.tar
** Message: 07:25:36.748: IARM_event_sender  Entering 17237

** Message: 07:25:36.748:  Send RDMAppStatusEvent
** Message: 07:25:36.748: >>>>> Send IARM_BUS_NAME EVENT current Event Name =RDMAppStatusEvent,evenstatus=pkg_name:Airplay-Plugin
pkg_version:NA
pkg_inst_status:0
pkg_inst_path:/media/apps/Airplay-Plugin
** Message: 07:25:36.755: >>>>> Generate IARM_BUS_NAME EVENT current Event Name =RDMAppStatusEvent,eventpayload=pkg_name:Airplay-Plugin
pkg_version:NA
pkg_inst_status:0
pkg_inst_path:/media/apps/Airplay-Plugin
** Message: 07:25:36.755: >>>>> IARM SUCCESS  Event  = 0
** Message: 07:25:37.164: IARM_event_sender closing 

IARM_Init group name = com.comcast.rdk.iarm.bus member name = RDMAppStatusEvent
setting init done
Registering RDMAppStatusEvent
term start init 1
[061523-07:25:37:169277601] [pid=17135] /media/apps/rdm/downloads/Airplay-Plugin// CleanUp
2023 Jun 15 07:25:36.726309 apps-rdm[16634]:  Input option value=/media/apps/Airplay-Plugin/Airplay-Plugin_cpemanifest Output option value=/media/apps/rdm/downloads/Airplay-Plugin//Airplay-Plugin-pkg.sig Output option value=/media/apps/rdm/downloads/Airplay-Plugin//vstuvwx.file rdm_openssl_rsa_file_signature_verify():Initiating signature validation of individual package components RSA Signature Validation Success
2023 Jun 15 07:25:37.180092 apps-rdm[16634]:  real	0m1.043s
2023 Jun 15 07:25:37.180241 apps-rdm[16634]:  user	0m0.260s
2023 Jun 15 07:25:37.180305 apps-rdm[16634]:  sys	0m0.116s
2023 Jun 15 07:25:37.194811 apps-rdm[16634]:  6 is out of range, max is 5
2023 Jun 15 07:25:37.195008 apps-rdm[16634]:  Download of all Apps completed with status=0
2023 Jun 15 07:25:37.195765 apps-rdm[16634]:  App download success, sending status as 0
2023 Jun 15 07:25:37.195888 apps-rdm[16634]:  Uninstall the old packages that are not listed in current manifest
2023 Jun 15 07:25:37.209316 apps-rdm[16634]:  Packages listed in manifest: Airplay-Plugin bind-dl debug_tools-gperftools debug_tools-lsof netflix systemd-analyze
2023 Jun 15 07:25:37.326180 apps-rdm[16634]:  Installed packages in cpe: systemd-analyze netflix bind-dl Airplay-Plugin
2023 Jun 15 07:25:37.333992 apps-rdm[16634]:  CPE contains only the packages that are listed in manifest. No old packages were found to uninstall
2023 Jun 15 07:25:37.334138 apps-rdm[16634]:  Sending IARM AppDownloadEvent to indicate that RDM application download status has been changed
2023 Jun 15 07:25:37.345584 IARM_event_send[17329]:  IARM_event_sender  Entering 17329

2023 Jun 15 07:25:37.346128 IARM_event_send[17329]:  >>>>> Send IARM_BUS_NAME EVENT current Event Name =AppDownloadEvent,evenstatus=0
2023 Jun 15 07:25:37.351535 IARM_event_send[17329]:  >>>>> Generate IARM_BUS_NAME EVENT current Event Name =AppDownloadEvent,eventstatus=0
2023 Jun 15 07:25:37.352140 IARM_event_send[17329]:  >>>>> Identified App Download status message
2023 Jun 15 07:25:37.352707 IARM_event_send[17329]:  >>>>> IARM SUCCESS  Event - IARM_BUS_SYSMGR_EVENT_APP_DNLD 
2023 Jun 15 07:25:37.854176 IARM_event_send[17329]:  IARM_event_sender closing 

2023 Jun 15 07:25:37.854372 apps-rdm[16634]:  IARM_Init group name = com.comcast.rdk.iarm.bus member name = AppDownloadEvent
2023 Jun 15 07:25:37.854453 apps-rdm[16634]:  setting init done
2023 Jun 15 07:25:37.854513 apps-rdm[16634]:  Registering AppDownloadEvent
2023 Jun 15 07:25:37.854574 apps-rdm[16634]:  term start init 1
2023 Jun 15 07:34:35.169176 apps-rdm[333]:  dwld_on_demand set to yes!!! Check RFC value of the APP to be downloaded
2023 Jun 15 07:34:35.202485 apps-rdm[333]:  RFC VALUE:true
2023 Jun 15 07:34:35.203359 apps-rdm[333]:  APP_RFC_STATUS:0
2023 Jun 15 07:34:35.203550 apps-rdm[333]:  Start the download of App: systemd-analyze
2023 Jun 15 07:34:35.226271 apps-rdm[333]:  Downloading systemd-analyze...
2023 Jun 15 07:34:35.231166 apps-rdm[333]:  /media/apps is in working condition
2023 Jun 15 07:34:35.496347 apps-rdm[333]:  systemd-analyze already downloaded on secondary storage. So skip the download and validate the package.
2023 Jun 15 07:34:35.496500 apps-rdm[333]:  HOME PATH for APP = /media/apps
[061523-07:34:35:548039438] [pid=361] using the custom HOME path:/media/apps
[061523-07:34:35:553493633] [pid=361] Package Extension is ipk
[061523-07:34:35:557908882] [pid=361] Package Name from meta data: /etc/rdm/rdm-manifest.json
[061523-07:34:35:565708936] [pid=361] Meta-data: package name: ELTE11MWR_23Q2_sprint_20230614232241_NGBB_systemd-analyze-signed.tar
[061523-07:34:35:570060183] [pid=361] DOWNLOAD_APP_MODULE = systemd-analyze
[061523-07:34:35:574477349] [pid=361] PKG_AUTHENTICATION = openssl
[061523-07:34:35:578555964] [pid=361] PKG_EXTN = ipk
[061523-07:34:35:582796750] [pid=361] Meta-data: package name: 
[061523-07:34:35:587028661] [pid=361] Meta-data: package size: 
[061523-07:34:35:591714377] [pid=361] APPLN_HOME_PATH = /media/apps/systemd-analyze
[061523-07:34:35:596439468] [pid=361] Checking Codebig flag...
[061523-07:34:35:600720339] [pid=361] Either Missing ARM SCP IP ADDRESS , Please Check /etc/device.properties 
[061523-07:34:35:604903290] [pid=361]              Or               
[061523-07:34:35:608988822] [pid=361] Platform with Single Processor 
[061523-07:34:35:613019602] [pid=361]              Or               
[061523-07:34:35:617156177] [pid=361] Processes are running on the ATOM side 
[061523-07:34:35:636045418] [pid=361] Download URL is not available in /tmp/.rdm_ssr_location
[061523-07:34:35:641611158] [pid=361] Using RDM Default url https://dac15cdlserver.ae.ccp.xcal.tv/Images to download from the Xconf Server
[061523-07:34:35:646844847] [pid=361] Replacing http with https in curl download request
[061523-07:34:35:658195375] [pid=361] RDM App Download URL Location is https://dac15cdlserver.ae.ccp.xcal.tv/Images
[061523-07:34:35:664141751] [pid=361] File package /media/apps/rdm/downloads/systemd-analyze/ELTE11MWR_23Q2_sprint_20230614232241_NGBB_systemd-analyze-signed.tar already available
[061523-07:34:35:700878328] [pid=361] Intermediate PKG File: systemd-analyze-pkg.tar
[061523-07:34:35:756845947] [pid=361] Package already extracted
[061523-07:34:35:761628374] [pid=361] openSSL Validation on the Package
[061523-07:34:35:780461196] [pid=435] Inputs: [path: /media/apps/rdm/downloads/systemd-analyze/, pkg: systemd-analyze-pkg.tar, sig: systemd-analyze-pkg.sig sig_type: kms]
[061523-07:34:35:785766637] [pid=435] Package with KMS signature
2023 Jun 15 07:34:35.706256 apps-rdm[333]:  -rw-r-----    1 1000     vpu         419840 Jun 15 01:09 /media/apps/rdm/downloads/systemd-analyze/systemd-analyze-pkg.tar
2023 Jun 15 07:34:35.789604 apps-rdm[333]:  8DBF326015A6881E45EF8F2684731BA5098F362DE5803C7A021B0D9465AB7255959F5256D8035FB6195314F5A7E659A940A3479424DC073039D369D153C42DF4C98E09C3B902C13ED6C8B6FDC24BA15FF36D3DE501B2F61EA6654D44FFE66520218D7E935434F1030BC6A27D014D80C54EC524ED93AB9A030333759EEE5772D57A7E407EF83F0EB72B83DF529BD1CD3DD1E6779E7E160FFFDE57A20A3068B5FA6B2688E0AD21ACD2590D1F56D344DE7A3F0F5249F4EAA1A262E0D4DF51C5222DF8A90D3C9F7C607F6EDD53D07D4CB557E5CF6490E1DE582BB916C1AFA5973082C4B5D1AE8D9FD61B16BE4DB1769EA18575E95E7626D4B243CE592AE6E944FE67
[061523-07:34:35:821472727] [pid=435] Validate the Package
[061523-07:34:35:841605794] [pid=435] Signature generated by concatenating all pkg components.
[061523-07:34:35:845710618] [pid=435] Manifest file having path for all package components: /media/apps/systemd-analyze/systemd-analyze_cpemanifest 
[061523-07:34:35:869882966] [pid=435] Openssl Verify Result: Input option value=/media/apps/systemd-analyze/systemd-analyze_cpemanifest
Output option value=/media/apps/rdm/downloads/systemd-analyze//systemd-analyze-pkg.sig
Output option value=/media/apps/rdm/downloads/systemd-analyze//vstuvwx.file
rdm_openssl_rsa_file_signature_verify():Initiating signature validation of individual package components
RSA Signature Validation Success
[061523-07:34:35:883170799] [pid=361] RDM package download success: ELTE11MWR_23Q2_sprint_20230614232241_NGBB_systemd-analyze-signed.tar
** Message: 07:34:35.897: IARM_event_sender  Entering 463

** Message: 07:34:35.897:  Send RDMAppStatusEvent
** Message: 07:34:35.898: >>>>> Send IARM_BUS_NAME EVENT current Event Name =RDMAppStatusEvent,evenstatus=pkg_name:systemd-analyze
pkg_version:NA
pkg_inst_status:0
pkg_inst_path:/media/apps/systemd-analyze
** Message: 07:34:35.905: >>>>> Generate IARM_BUS_NAME EVENT current Event Name =RDMAppStatusEvent,eventpayload=pkg_name:systemd-analyze
pkg_version:NA
pkg_inst_status:0
pkg_inst_path:/media/apps/systemd-analyze
** Message: 07:34:35.905: >>>>> IARM SUCCESS  Event  = 0
** Message: 07:34:35.929: IARM_event_sender closing 

IARM_Init group name = com.comcast.rdk.iarm.bus member name = RDMAppStatusEvent
setting init done
Registering RDMAppStatusEvent
term start init 1
[061523-07:34:35:936407132] [pid=361] /media/apps/rdm/downloads/systemd-analyze// CleanUp
2023 Jun 15 07:34:35.875278 apps-rdm[333]:  Input option value=/media/apps/systemd-analyze/systemd-analyze_cpemanifest Output option value=/media/apps/rdm/downloads/systemd-analyze//systemd-analyze-pkg.sig Output option value=/media/apps/rdm/downloads/systemd-analyze//vstuvwx.file rdm_openssl_rsa_file_signature_verify():Initiating signature validation of individual package components RSA Signature Validation Success
2023 Jun 15 07:34:35.946207 apps-rdm[333]:  real	0m0.449s
2023 Jun 15 07:34:35.946328 apps-rdm[333]:  user	0m0.108s
2023 Jun 15 07:34:35.946388 apps-rdm[333]:  sys	0m0.064s
2023 Jun 15 07:34:35.965662 apps-rdm[333]:  Start the download of App: netflix
2023 Jun 15 07:34:35.987927 apps-rdm[333]:  Downloading netflix...
2023 Jun 15 07:34:35.993784 apps-rdm[333]:  /media/apps is in working condition
2023 Jun 15 07:34:36.190617 apps-rdm[333]:  netflix already downloaded on secondary storage. So skip the download and validate the package.
2023 Jun 15 07:34:36.190803 apps-rdm[333]:  HOME PATH for APP = /media/apps
[061523-07:34:36:244447756] [pid=507] using the custom HOME path:/media/apps
[061523-07:34:36:249238766] [pid=507] Package Extension is ipk
[061523-07:34:36:253755601] [pid=507] Package Name from meta data: /etc/rdm/rdm-manifest.json
[061523-07:34:36:262087627] [pid=507] Meta-data: package name: ELTE11MWR_23Q2_sprint_20230614232241_NGBB_netflix-signed.tar
[061523-07:34:36:267099726] [pid=507] DOWNLOAD_APP_MODULE = netflix
[061523-07:34:36:270922792] [pid=507] PKG_AUTHENTICATION = openssl
[061523-07:34:36:274749400] [pid=507] PKG_EXTN = ipk
[061523-07:34:36:278670343] [pid=507] Meta-data: package name: 
[061523-07:34:36:283314516] [pid=507] Meta-data: package size: 
[061523-07:34:36:288126359] [pid=507] APPLN_HOME_PATH = /media/apps/netflix
[061523-07:34:36:293071373] [pid=507] Checking Codebig flag...
[061523-07:34:36:297043693] [pid=507] Either Missing ARM SCP IP ADDRESS , Please Check /etc/device.properties 
[061523-07:34:36:301089057] [pid=507]              Or               
[061523-07:34:36:305131087] [pid=507] Platform with Single Processor 
[061523-07:34:36:309271996] [pid=507]              Or               
[061523-07:34:36:313213065] [pid=507] Processes are running on the ATOM side 
[061523-07:34:36:331270822] [pid=507] Download URL is not available in /tmp/.rdm_ssr_location
[061523-07:34:36:336694517] [pid=507] Using RDM Default url https://dac15cdlserver.ae.ccp.xcal.tv/Images to download from the Xconf Server
[061523-07:34:36:342055251] [pid=507] Replacing http with https in curl download request
[061523-07:34:36:354070463] [pid=507] RDM App Download URL Location is https://dac15cdlserver.ae.ccp.xcal.tv/Images
[061523-07:34:36:360948199] [pid=507] File package /media/apps/rdm/downloads/netflix/ELTE11MWR_23Q2_sprint_20230614232241_NGBB_netflix-signed.tar already available
[061523-07:34:36:397719232] [pid=507] Intermediate PKG File: netflix-pkg.tar
2023 Jun 15 07:34:36.411640 apps-rdm[333]:  -rw-r-----    1 1000     vpu       57579520 Jun 15 01:09 /media/apps/rdm/downloads/netflix/netflix-pkg.tar
[061523-07:34:37:812175450] [pid=507] Package already extracted
[061523-07:34:37:816941834] [pid=507] openSSL Validation on the Package
[061523-07:34:37:836130372] [pid=718] Inputs: [path: /media/apps/rdm/downloads/netflix/, pkg: netflix-pkg.tar, sig: netflix-pkg.sig sig_type: kms]
[061523-07:34:37:842399423] [pid=718] Package with KMS signature
[061523-07:34:37:891295795] [pid=718] Validate the Package
[061523-07:34:37:912516849] [pid=718] Signature generated by concatenating all pkg components.
[061523-07:34:37:916316497] [pid=718] Manifest file having path for all package components: /media/apps/netflix/netflix_cpemanifest 
2023 Jun 15 07:34:37.854519 apps-rdm[333]:  3AB4EA52F07D76234685074EC329FB7650C380CD832A02AA93B94479C331441CBB7CB2902987D56797AED28F81BC3261C596AB5F85371AE215601F2D19FBBCDC6558D46D9AD822C2DD0EB4F1EB0B22838173374E679644729E5A4E3DC113DB90F6338451406B50DCCD2F18B2DF72F28A8BA57CE36D9A26882A6B97DEB5ED52F95D0572149F0A4C5F1E5ACE7ADE2B1B7A7CC4F532E980D0924365E299ED67A7FE431AEB5FA714221D6BEBD5F8415F73356086CD756F4DCE62E2D4B84C4F70EB65D8EB087B089138368142D07143A21C35600615B97A41E01B0121CCA17BA529F123CF45B8E792BC255742680EA6FB2832282D6F0B5E3ADEBFA3590810DB324E7E
[061523-07:34:38:338013805] [pid=718] Openssl Verify Result: Input option value=/media/apps/netflix/netflix_cpemanifest
Output option value=/media/apps/rdm/downloads/netflix//netflix-pkg.sig
Output option value=/media/apps/rdm/downloads/netflix//vstuvwx.file
rdm_openssl_rsa_file_signature_verify():Initiating signature validation of individual package components
RSA Signature Validation Success
2023 Jun 15 07:34:38.343067 apps-rdm[333]:  Input option value=/media/apps/netflix/netflix_cpemanifest Output option value=/media/apps/rdm/downloads/netflix//netflix-pkg.sig Output option value=/media/apps/rdm/downloads/netflix//vstuvwx.file rdm_openssl_rsa_file_signature_verify():Initiating signature validation of individual package components RSA Signature Validation Success
[061523-07:34:38:352012572] [pid=507] RDM package download success: ELTE11MWR_23Q2_sprint_20230614232241_NGBB_netflix-signed.tar
** Message: 07:34:38.365: IARM_event_sender  Entering 794

** Message: 07:34:38.365:  Send RDMAppStatusEvent
** Message: 07:34:38.366: >>>>> Send IARM_BUS_NAME EVENT current Event Name =RDMAppStatusEvent,evenstatus=pkg_name:netflix
pkg_version:NA
pkg_inst_status:0
pkg_inst_path:/media/apps/netflix
** Message: 07:34:38.374: >>>>> Generate IARM_BUS_NAME EVENT current Event Name =RDMAppStatusEvent,eventpayload=pkg_name:netflix
pkg_version:NA
pkg_inst_status:0
pkg_inst_path:/media/apps/netflix
** Message: 07:34:38.375: >>>>> IARM SUCCESS  Event  = 0
** Message: 07:34:38.877: IARM_event_sender closing 

IARM_Init group name = com.comcast.rdk.iarm.bus member name = RDMAppStatusEvent
setting init done
Registering RDMAppStatusEvent
term start init 1
[061523-07:34:38:882395084] [pid=507] /media/apps/rdm/downloads/netflix// CleanUp
2023 Jun 15 07:34:38.891549 apps-rdm[333]:  real	0m2.700s
2023 Jun 15 07:34:38.891713 apps-rdm[333]:  user	0m1.380s
2023 Jun 15 07:34:38.891794 apps-rdm[333]:  sys	0m0.456s
2023 Jun 15 07:34:38.907840 apps-rdm[333]:  dwld_on_demand set to yes!!! Check RFC value of the APP to be downloaded
2023 Jun 15 07:34:38.937614 apps-rdm[333]:  RFC VALUE:
2023 Jun 15 07:34:38.938209 apps-rdm[333]:  APP_RFC_STATUS:1
2023 Jun 15 07:34:38.938313 apps-rdm[333]:  APP RFC is not enabled, skipping the download for:App:2=>yes=>debug_tools-lsof
2023 Jun 15 07:34:38.949553 apps-rdm[333]:  dwld_on_demand set to yes!!! Check RFC value of the APP to be downloaded
2023 Jun 15 07:34:38.982986 apps-rdm[333]:  RFC VALUE:
2023 Jun 15 07:34:38.983930 apps-rdm[333]:  APP_RFC_STATUS:1
2023 Jun 15 07:34:38.984049 apps-rdm[333]:  APP RFC is not enabled, skipping the download for:App:3=>yes=>debug_tools-gperftools
2023 Jun 15 07:34:39.005334 apps-rdm[333]:  Start the download of App: bind-dl
2023 Jun 15 07:34:39.032589 apps-rdm[333]:  Downloading bind-dl...
2023 Jun 15 07:34:39.040262 apps-rdm[333]:  /media/apps is in working condition
[061523-07:34:39:274492041] [pid=837] using the custom HOME path:/media/apps
[061523-07:34:39:279659352] [pid=837] Package Extension is ipk
[061523-07:34:39:284206604] [pid=837] Package Name from meta data: /etc/rdm/rdm-manifest.json
[061523-07:34:39:291751731] [pid=837] Meta-data: package name: ELTE11MWR_23Q2_sprint_20230614232241_NGBB_bind-dl-signed.tar
[061523-07:34:39:296013142] [pid=837] DOWNLOAD_APP_MODULE = bind-dl
[061523-07:34:39:300296845] [pid=837] PKG_AUTHENTICATION = openssl
[061523-07:34:39:304491629] [pid=837] PKG_EXTN = ipk
[061523-07:34:39:308682829] [pid=837] Meta-data: package name: 
[061523-07:34:39:312789444] [pid=837] Meta-data: package size: 
[061523-07:34:39:317335487] [pid=837] APPLN_HOME_PATH = /media/apps/bind-dl
[061523-07:34:39:322260458] [pid=837] Checking Codebig flag...
[061523-07:34:39:326444658] [pid=837] Either Missing ARM SCP IP ADDRESS , Please Check /etc/device.properties 
[061523-07:34:39:330731403] [pid=837]              Or               
[061523-07:34:39:335170152] [pid=837] Platform with Single Processor 
[061523-07:34:39:339111929] [pid=837]              Or               
[061523-07:34:39:343153292] [pid=837] Processes are running on the ATOM side 
[061523-07:34:39:361475803] [pid=837] Download URL is not available in /tmp/.rdm_ssr_location
[061523-07:34:39:367025750] [pid=837] Using RDM Default url https://dac15cdlserver.ae.ccp.xcal.tv/Images to download from the Xconf Server
[061523-07:34:39:372449610] [pid=837] Replacing http with https in curl download request
[061523-07:34:39:383878179] [pid=837] RDM App Download URL Location is https://dac15cdlserver.ae.ccp.xcal.tv/Images
[061523-07:34:39:389896847] [pid=837] File package /media/apps/rdm/downloads/bind-dl/ELTE11MWR_23Q2_sprint_20230614232241_NGBB_bind-dl-signed.tar already available
[061523-07:34:39:426148526] [pid=837] Intermediate PKG File: bind-dl-pkg.tar
[061523-07:34:39:493889251] [pid=837] Package already extracted
[061523-07:34:39:498882599] [pid=837] openSSL Validation on the Package
[061523-07:34:39:518147220] [pid=911] Inputs: [path: /media/apps/rdm/downloads/bind-dl/, pkg: bind-dl-pkg.tar, sig: bind-dl-pkg.sig sig_type: kms]
[061523-07:34:39:523310698] [pid=911] Package with KMS signature
2023 Jun 15 07:34:39.223606 apps-rdm[333]:  bind-dl already downloaded on secondary storage. So skip the download and validate the package.
2023 Jun 15 07:34:39.223760 apps-rdm[333]:  HOME PATH for APP = /media/apps
2023 Jun 15 07:34:39.431414 apps-rdm[333]:  -rw-r-----    1 1000     vpu         962560 Jun 15 01:09 /media/apps/rdm/downloads/bind-dl/bind-dl-pkg.tar
2023 Jun 15 07:34:39.527175 apps-rdm[333]:  544240FD565CA7C03FBCB0D0D87C567AED915735F5764AA7BD15C379A9C1EC122422736AAA27F654E5E28C9E3388DF21B5251472C1C71E3EEB1C79DCBAAC674082FA7D00DE42798AF0AFB502CBDFA879035F2FFF37CA3F1EB33DFC71649DDDE72B742E52D4E57FAE6396648266BC9AD7A129D642AC6839F758BA05414220DF434A4E05C08AFEF370CA07D4E9D6B3F200061D6B2353327620350A8F6FCA5EDB0C520381E71061C04C44FAB87F1F9791CA0C51CC1A1C5AFF64281548FDB7E9A7443DA2CA67F81264BDCA6F63706324BCFC5EDF7113686DFCFEE86528864C47CC7CE85B46E9540FBF37B793B438C2886B6CD87B0233A0677F2C56CE19FFF08B429A
[061523-07:34:39:560556738] [pid=911] Validate the Package
[061523-07:34:39:579948279] [pid=911] Signature generated by concatenating all pkg components.
[061523-07:34:39:584049477] [pid=911] Manifest file having path for all package components: /media/apps/bind-dl/bind-dl_cpemanifest 
[061523-07:34:39:617029482] [pid=911] Openssl Verify Result: Input option value=/media/apps/bind-dl/bind-dl_cpemanifest
Output option value=/media/apps/rdm/downloads/bind-dl//bind-dl-pkg.sig
Output option value=/media/apps/rdm/downloads/bind-dl//vstuvwx.file
rdm_openssl_rsa_file_signature_verify():Initiating signature validation of individual package components
RSA Signature Validation Success
[061523-07:34:39:629426745] [pid=837] RDM package download success: ELTE11MWR_23Q2_sprint_20230614232241_NGBB_bind-dl-signed.tar
** Message: 07:34:39.642: IARM_event_sender  Entering 935

** Message: 07:34:39.643:  Send RDMAppStatusEvent
** Message: 07:34:39.643: >>>>> Send IARM_BUS_NAME EVENT current Event Name =RDMAppStatusEvent,evenstatus=pkg_name:bind-dl
pkg_version:NA
pkg_inst_status:0
pkg_inst_path:/media/apps/bind-dl
** Message: 07:34:39.651: >>>>> Generate IARM_BUS_NAME EVENT current Event Name =RDMAppStatusEvent,eventpayload=pkg_name:bind-dl
pkg_version:NA
pkg_inst_status:0
pkg_inst_path:/media/apps/bind-dl
** Message: 07:34:39.651: >>>>> IARM SUCCESS  Event  = 0
2023 Jun 15 07:34:39.621847 apps-rdm[333]:  Input option value=/media/apps/bind-dl/bind-dl_cpemanifest Output option value=/media/apps/rdm/downloads/bind-dl//bind-dl-pkg.sig Output option value=/media/apps/rdm/downloads/bind-dl//vstuvwx.file rdm_openssl_rsa_file_signature_verify():Initiating signature validation of individual package components RSA Signature Validation Success
** Message: 07:34:40.152: IARM_event_sender closing 

IARM_Init group name = com.comcast.rdk.iarm.bus member name = RDMAppStatusEvent
setting init done
Registering RDMAppStatusEvent
term start init 1
[061523-07:34:40:157697029] [pid=837] /media/apps/rdm/downloads/bind-dl// CleanUp
[061523-07:34:40:206745145] [pid=837] RDM Post script Execution /media/apps/bind-dl/etc/rdm/post-services/named_start_post_rdm.sh
[061523-07:34:40:485095401] [pid=981] using the custom HOME path:/media/apps
[061523-07:34:40:490113041] [pid=981] Package Extension is ipk
[061523-07:34:40:494439537] [pid=981] Package Name from meta data: /etc/rdm/rdm-manifest.json
[061523-07:34:40:502005539] [pid=981] Meta-data: package name: ELTE11MWR_23Q2_sprint_20230614232241_NGBB_Airplay-Plugin-signed.tar
[061523-07:34:40:506232282] [pid=981] DOWNLOAD_APP_MODULE = Airplay-Plugin
2023 Jun 15 07:34:40.212398 apps-rdm[333]:  real	0m0.988s
2023 Jun 15 07:34:40.212523 apps-rdm[333]:  user	0m0.100s
2023 Jun 15 07:34:40.212585 apps-rdm[333]:  sys	0m0.096s
2023 Jun 15 07:34:40.229282 apps-rdm[333]:  Start the download of App: Airplay-Plugin
2023 Jun 15 07:34:40.249851 apps-rdm[333]:  Downloading Airplay-Plugin...
2023 Jun 15 07:34:40.254575 apps-rdm[333]:  /media/apps is in working condition
2023 Jun 15 07:34:40.433710 apps-rdm[333]:  Airplay-Plugin already downloaded on secondary storage. So skip the download and validate the package.
2023 Jun 15 07:34:40.433873 apps-rdm[333]:  HOME PATH for APP = /media/apps
[061523-07:34:40:510593737] [pid=981] PKG_AUTHENTICATION = openssl
[061523-07:34:40:518251742] [pid=981] PKG_EXTN = ipk
[061523-07:34:40:522603613] [pid=981] Meta-data: package name: 
[061523-07:34:40:526983485] [pid=981] Meta-data: package size: 
[061523-07:34:40:531643490] [pid=981] APPLN_HOME_PATH = /media/apps/Airplay-Plugin
[061523-07:34:40:536801884] [pid=981] Checking Codebig flag...
[061523-07:34:40:541130004] [pid=981] Either Missing ARM SCP IP ADDRESS , Please Check /etc/device.properties 
[061523-07:34:40:545232160] [pid=981]              Or               
[061523-07:34:40:549369025] [pid=981] Platform with Single Processor 
[061523-07:34:40:554080740] [pid=981]              Or               
[061523-07:34:40:558252731] [pid=981] Processes are running on the ATOM side 
[061523-07:34:40:576613076] [pid=981] Download URL is not available in /tmp/.rdm_ssr_location
[061523-07:34:40:582416780] [pid=981] Using RDM Default url https://dac15cdlserver.ae.ccp.xcal.tv/Images to download from the Xconf Server
[061523-07:34:40:587968684] [pid=981] Replacing http with https in curl download request
[061523-07:34:40:599016367] [pid=981] RDM App Download URL Location is https://dac15cdlserver.ae.ccp.xcal.tv/Images
[061523-07:34:40:605107953] [pid=981] File package /media/apps/rdm/downloads/Airplay-Plugin/ELTE11MWR_23Q2_sprint_20230614232241_NGBB_Airplay-Plugin-signed.tar already available
[061523-07:34:40:640320393] [pid=981] Intermediate PKG File: Airplay-Plugin-pkg.tar
[061523-07:34:40:835376911] [pid=981] Package already extracted
[061523-07:34:40:839989790] [pid=981] openSSL Validation on the Package
[061523-07:34:40:857740868] [pid=1058] Inputs: [path: /media/apps/rdm/downloads/Airplay-Plugin/, pkg: Airplay-Plugin-pkg.tar, sig: Airplay-Plugin-pkg.sig sig_type: kms]
[061523-07:34:40:862630546] [pid=1058] Package with KMS signature
2023 Jun 15 07:34:40.645659 apps-rdm[333]:  -rw-r-----    1 1000     vpu        6881280 Jun 15 01:09 /media/apps/rdm/downloads/Airplay-Plugin/Airplay-Plugin-pkg.tar
2023 Jun 15 07:34:40.866185 apps-rdm[333]:  AD0F77A7E1C6D6357F7812A81DB0CECE52C8F07BB892D874457731F40484F49FE12FBDC6BD57B0EE7917145EC17259F1F70F184A4DADA4E649CADE12F35D26187B17B9423ED6B4C920F718C9A5237996F6E0BAB9B72EC69D8B8A58B55B5E394093CD1A1CE3AA415B4DADEF4C2AA6E02566AA5D0A4E39A54EA9C9151E3FD0C4248044939B5C1EA2125DB7606B89A29AF467C9A66C13DA33A133C7DE3CDC04148F3291E5162932AD5CBB44054544714E426AAE18191B6BB9F71A6D0DFEEAB2C459A1E84D75FE7EB01F38E6764F37A64BFD43249071C188305553FCBFBFEF453230A40C78B65C6768D0BAD399DA4FB375BACD9D7815B42A423308F67C05509F0790
[061523-07:34:40:899382695] [pid=1058] Validate the Package
[061523-07:34:40:917444281] [pid=1058] Signature generated by concatenating all pkg components.
[061523-07:34:40:921442226] [pid=1058] Manifest file having path for all package components: /media/apps/Airplay-Plugin/Airplay-Plugin_cpemanifest 
[061523-07:34:41:041363982] [pid=1058] Openssl Verify Result: Input option value=/media/apps/Airplay-Plugin/Airplay-Plugin_cpemanifest
Output option value=/media/apps/rdm/downloads/Airplay-Plugin//Airplay-Plugin-pkg.sig
Output option value=/media/apps/rdm/downloads/Airplay-Plugin//vstuvwx.file
rdm_openssl_rsa_file_signature_verify():Initiating signature validation of individual package components
RSA Signature Validation Success
[061523-07:34:41:053697408] [pid=981] RDM package download success: ELTE11MWR_23Q2_sprint_20230614232241_NGBB_Airplay-Plugin-signed.tar
** Message: 07:34:41.067: IARM_event_sender  Entering 1087

** Message: 07:34:41.067:  Send RDMAppStatusEvent
** Message: 07:34:41.067: >>>>> Send IARM_BUS_NAME EVENT current Event Name =RDMAppStatusEvent,evenstatus=pkg_name:Airplay-Plugin
pkg_version:NA
pkg_inst_status:0
pkg_inst_path:/media/apps/Airplay-Plugin
** Message: 07:34:41.074: >>>>> Generate IARM_BUS_NAME EVENT current Event Name =RDMAppStatusEvent,eventpayload=pkg_name:Airplay-Plugin
pkg_version:NA
pkg_inst_status:0
pkg_inst_path:/media/apps/Airplay-Plugin
** Message: 07:34:41.074: >>>>> IARM SUCCESS  Event  = 0
2023 Jun 15 07:34:41.045999 apps-rdm[333]:  Input option value=/media/apps/Airplay-Plugin/Airplay-Plugin_cpemanifest Output option value=/media/apps/rdm/downloads/Airplay-Plugin//Airplay-Plugin-pkg.sig Output option value=/media/apps/rdm/downloads/Airplay-Plugin//vstuvwx.file rdm_openssl_rsa_file_signature_verify():Initiating signature validation of individual package components RSA Signature Validation Success
** Message: 07:34:41.575: IARM_event_sender closing 

IARM_Init group name = com.comcast.rdk.iarm.bus member name = RDMAppStatusEvent
setting init done
Registering RDMAppStatusEvent
term start init 1
[061523-07:34:41:580970900] [pid=981] /media/apps/rdm/downloads/Airplay-Plugin// CleanUp
2023 Jun 15 07:34:41.590770 apps-rdm[333]:  real	0m1.156s
2023 Jun 15 07:34:41.590900 apps-rdm[333]:  user	0m0.232s
2023 Jun 15 07:34:41.590965 apps-rdm[333]:  sys	0m0.140s
2023 Jun 15 07:34:41.603771 apps-rdm[333]:  6 is out of range, max is 5
2023 Jun 15 07:34:41.604304 apps-rdm[333]:  Download of all Apps completed with status=0
2023 Jun 15 07:34:41.605233 apps-rdm[333]:  App download success, sending status as 0
2023 Jun 15 07:34:41.605348 apps-rdm[333]:  Uninstall the old packages that are not listed in current manifest
2023 Jun 15 07:34:41.613262 apps-rdm[333]:  Packages listed in manifest: Airplay-Plugin bind-dl debug_tools-gperftools debug_tools-lsof netflix systemd-analyze
2023 Jun 15 07:34:41.725414 apps-rdm[333]:  Installed packages in cpe: systemd-analyze netflix bind-dl Airplay-Plugin
2023 Jun 15 07:34:41.734013 apps-rdm[333]:  CPE contains only the packages that are listed in manifest. No old packages were found to uninstall
2023 Jun 15 07:34:41.734159 apps-rdm[333]:  Sending IARM AppDownloadEvent to indicate that RDM application download status has been changed
2023 Jun 15 07:34:41.745133 IARM_event_send[1166]:  IARM_event_sender  Entering 1166

2023 Jun 15 07:34:41.745673 IARM_event_send[1166]:  >>>>> Send IARM_BUS_NAME EVENT current Event Name =AppDownloadEvent,evenstatus=0
2023 Jun 15 07:34:41.751106 IARM_event_send[1166]:  >>>>> Generate IARM_BUS_NAME EVENT current Event Name =AppDownloadEvent,eventstatus=0
2023 Jun 15 07:34:41.751747 IARM_event_send[1166]:  >>>>> Identified App Download status message
2023 Jun 15 07:34:41.752273 IARM_event_send[1166]:  >>>>> IARM SUCCESS  Event - IARM_BUS_SYSMGR_EVENT_APP_DNLD 
2023 Jun 15 07:34:42.252440 IARM_event_send[1166]:  IARM_event_sender closing 

2023 Jun 15 07:34:42.252759 apps-rdm[333]:  IARM_Init group name = com.comcast.rdk.iarm.bus member name = AppDownloadEvent
2023 Jun 15 07:34:42.252890 apps-rdm[333]:  setting init done
2023 Jun 15 07:34:42.253000 apps-rdm[333]:  Registering AppDownloadEvent
2023 Jun 15 07:34:42.253097 apps-rdm[333]:  term start init 1
