2023 Jun 15 07:22:40.853185 sslendpoint[7824]:  issuer.xmidt.comcast.net
2023 Jun 15 07:22:41.034258 sslendpoint[7824]:  fabric.xmidt.comcast.net
2023 Jun 15 07:22:41.214803 sslendpoint[7824]:  talaria-prod-useast1-0z6z8y3u01j7rn16-006.xmidt.comcast.net
2023 Jun 15 07:22:44.785894 sslendpoint[8930]:  issuer.xmidt.comcast.net
2023 Jun 15 07:22:46.237842 sslendpoint[7227]:  cpe-config.xdp.comcast.net
2023 Jun 15 07:22:46.824946 sslendpoint[7227]:  cpe-profile.xdp.comcast.net
2023 Jun 15 07:22:53.235018 sslendpoint[8880]:  cdn.thor.comcast.com
2023 Jun 15 07:22:53.246914 sslendpoint[8880]:  thor-permission.svc.thor.comcast.com
2023 Jun 15 07:22:53.275670 sslendpoint[8880]:  browser-config.svc.thor.comcast.com
2023 Jun 15 07:22:53.399196 sslendpoint[8880]:  linchpin.lp.xcal.tv
2023 Jun 15 07:22:53.464947 sslendpoint[8880]:  res-api.svc.thor.comcast.com
2023 Jun 15 07:22:53.971753 sslendpoint[8880]:  thor-permission.svc.thor.comcast.com
2023 Jun 15 07:22:53.980140 sslendpoint[8880]:  thor-permission.svc.thor.comcast.com
2023 Jun 15 07:22:54.015622 sslendpoint[8880]:  thor-permission.svc.thor.comcast.com
2023 Jun 15 07:22:54.406824 sslendpoint[8880]:  thortv-observability-prod.svc.thor.comcast.com
2023 Jun 15 07:22:54.487001 sslendpoint[8880]:  cdn.thor.comcast.com
2023 Jun 15 07:22:54.747550 sslendpoint[8880]:  ad-platform-service.svc.thor.comcast.com
2023 Jun 15 07:22:54.891769 sslendpoint[8880]:  linchpin.lp.xcal.tv
2023 Jun 15 07:22:55.652057 sslendpoint[8880]:  cdn.thor.comcast.com
2023 Jun 15 07:22:56.017297 sslendpoint[8880]:  linchpin.lp.xcal.tv
2023 Jun 15 07:22:56.766129 sslendpoint[8880]:  cdn.thor.comcast.com
2023 Jun 15 07:22:57.609000 sslendpoint[7946]:  thunderstrikes.stb.r53.xcal.tv
2023 Jun 15 07:22:57.802182 sslendpoint[8880]:  cdn.thor.comcast.com
2023 Jun 15 07:22:58.828444 sslendpoint[8880]:  cdn.thor.comcast.com
2023 Jun 15 07:22:58.867413 sslendpoint[8880]:  ad-platform-service.svc.thor.comcast.com
2023 Jun 15 07:22:59.391516 sslendpoint[10901]:  rdkautotool.ccp.xcal.tv
2023 Jun 15 07:22:59.797145 sslendpoint[9906]:  sdk.split.io
2023 Jun 15 07:22:59.812007 sslendpoint[9906]:  sdk.split.io
2023 Jun 15 07:22:59.868585 sslendpoint[9906]:  sdk.split.io
2023 Jun 15 07:22:59.935953 sslendpoint[9906]:  auth.split.io
2023 Jun 15 07:23:00.125130 sslendpoint[9906]:  thortv-observability-prod.svc.thor.comcast.com
2023 Jun 15 07:23:00.162458 sslendpoint[9906]:  flapi-prod.svc.thor.comcast.com
2023 Jun 15 07:23:00.432441 sslendpoint[9906]:  metricscollector.lp.xcal.tv
2023 Jun 15 07:23:00.572907 sslendpoint[9906]:  analytics.xcal.tv
2023 Jun 15 07:23:00.608208 sslendpoint[9906]:  thortv-observability-prod.svc.thor.comcast.com
2023 Jun 15 07:23:01.122328 sslendpoint[8880]:  browser-config.svc.thor.comcast.com
2023 Jun 15 07:23:01.566727 sslendpoint[8880]:  thortv-observability-prod.svc.thor.comcast.com
2023 Jun 15 07:23:01.722358 sslendpoint[8880]:  res-api.svc.thor.comcast.com
2023 Jun 15 07:23:02.044257 sslendpoint[8880]:  thortv-observability-prod.svc.thor.comcast.com
2023 Jun 15 07:23:02.166646 sslendpoint[8880]:  thor-permission.svc.thor.comcast.com
2023 Jun 15 07:23:02.445887 sslendpoint[8880]:  browser-config.svc.thor.comcast.com
2023 Jun 15 07:23:02.482353 sslendpoint[9906]:  thortv-observability-prod.svc.thor.comcast.com
2023 Jun 15 07:23:02.668498 sslendpoint[7651]:  www.ueiwsp.com
2023 Jun 15 07:23:02.699622 sslendpoint[9906]:  flapi-prod.svc.thor.comcast.com
2023 Jun 15 07:23:02.719251 sslendpoint[8880]:  res-api.svc.thor.comcast.com
2023 Jun 15 07:23:02.726984 sslendpoint[8880]:  res-api.svc.thor.comcast.com
2023 Jun 15 07:23:02.761860 sslendpoint[9906]:  flapi-prod.svc.thor.comcast.com
2023 Jun 15 07:23:02.762112 sslendpoint[8880]:  thortv-observability-prod.svc.thor.comcast.com
2023 Jun 15 07:23:03.080564 sslendpoint[7651]:  www.ueiwsp.com
2023 Jun 15 07:23:03.459552 sslendpoint[9906]:  flapi-prod.svc.thor.comcast.com
2023 Jun 15 07:23:03.460475 sslendpoint[7651]:  www.ueiwsp.com
2023 Jun 15 07:23:04.108322 sslendpoint[8880]:  linchpin.lp.xcal.tv
2023 Jun 15 07:23:04.201615 sslendpoint[8880]:  collector.pabs.comcast.com
2023 Jun 15 07:23:04.218292 sslendpoint[8880]:  browser-config.svc.thor.comcast.com
2023 Jun 15 07:23:05.319017 sslendpoint[8880]:  linchpin.lp.xcal.tv
2023 Jun 15 07:23:05.344829 sslendpoint[9906]:  edge.myriad-gn.top.comcast.net
2023 Jun 15 07:23:05.345078 sslendpoint[9906]:  edge.myriad-gn.top.comcast.net
2023 Jun 15 07:23:05.348330 sslendpoint[9906]:  edge.myriad-gn.top.comcast.net
2023 Jun 15 07:23:05.359895 sslendpoint[9906]:  edge.myriad-gn.top.comcast.net
2023 Jun 15 07:23:05.391876 sslendpoint[9906]:  edge.myriad-gn.top.comcast.net
2023 Jun 15 07:23:05.405328 sslendpoint[9906]:  edge.myriad-gn.top.comcast.net
2023 Jun 15 07:23:05.449229 sslendpoint[9906]:  edge.myriad-gn.top.comcast.net
2023 Jun 15 07:23:05.746124 sslendpoint[9906]:  edge.myriad-gn.top.comcast.net
2023 Jun 15 07:23:05.751117 sslendpoint[9906]:  edge.myriad-gn.top.comcast.net
2023 Jun 15 07:23:07.452022 sslendpoint[9906]:  flapi-prod.svc.thor.comcast.com
2023 Jun 15 07:23:08.894123 sslendpoint[9906]:  thortv-observability-prod.svc.thor.comcast.com
2023 Jun 15 07:23:09.167536 sslendpoint[9906]:  flapi-prod.svc.thor.comcast.com
2023 Jun 15 07:23:09.466046 sslendpoint[9906]:  flapi-prod.svc.thor.comcast.com
2023 Jun 15 07:23:12.368997 sslendpoint[9906]:  edge.myriad-gn.top.comcast.net
2023 Jun 15 07:23:12.374452 sslendpoint[9906]:  edge.myriad-gn.top.comcast.net
2023 Jun 15 07:23:13.853020 sslendpoint[8880]:  collector.pabs.comcast.com
2023 Jun 15 07:23:16.074267 sslendpoint[12038]:  xacs.ccp.xcal.tv
2023 Jun 15 07:23:16.304026 sslendpoint[12038]:  xacs.ccp.xcal.tv
2023 Jun 15 07:23:16.768319 sslendpoint[9906]:  thortv-observability-prod.svc.thor.comcast.com
2023 Jun 15 07:23:17.956072 sslendpoint[12222]:  secure.xconfds.coast.xcal.tv
2023 Jun 15 07:23:18.950464 sslendpoint[9906]:  flapi-prod.svc.thor.comcast.com
2023 Jun 15 07:23:19.408678 sslendpoint[8880]:  thortv-observability-prod.svc.thor.comcast.com
2023 Jun 15 07:23:21.143942 sslendpoint[9906]:  thortv-observability-prod.svc.thor.comcast.com
2023 Jun 15 07:23:23.962052 sslendpoint[12556]:  fkpsbroker-renewal-prod.cs.xcal.tv
2023 Jun 15 07:23:28.816574 sslendpoint[7946]:  api.player.xcal.tv
2023 Jun 15 07:23:29.344408 sslendpoint[8880]:  cdn.thor.comcast.com
2023 Jun 15 07:23:29.353663 sslendpoint[8880]:  thor-permission.svc.thor.comcast.com
2023 Jun 15 07:23:29.376947 sslendpoint[12852]:  xacs.ccp.xcal.tv
2023 Jun 15 07:23:29.565446 sslendpoint[12852]:  xacs.ccp.xcal.tv
2023 Jun 15 07:23:32.485780 sslendpoint[8880]:  collector.pabs.comcast.com
2023 Jun 15 07:23:36.424098 sslendpoint[13449]:  secure.netflix.com
2023 Jun 15 07:23:38.521228 sslendpoint[13449]:  uiboot.netflix.com
2023 Jun 15 07:23:43.179376 sslendpoint[13449]:  occ-0-92-2218.1.nflxso.net
2023 Jun 15 07:23:44.405279 sslendpoint[13449]:  api-global.netflix.com
2023 Jun 15 07:23:47.082019 sslendpoint[13449]:  nrdp-ipv6.prod.ftl.netflix.com
2023 Jun 15 07:23:47.085771 sslendpoint[13449]:  nrdp-ipv6.prod.ftl.netflix.com
2023 Jun 15 07:23:47.802830 sslendpoint[13449]:  ichnaea.netflix.com
2023 Jun 15 07:23:48.028802 sslendpoint[14616]:  rdkautotool.ccp.xcal.tv
2023 Jun 15 07:23:48.361420 sslendpoint[13449]:  assets.nflxext.com
2023 Jun 15 07:23:48.368757 sslendpoint[13449]:  assets.nflxext.com
2023 Jun 15 07:23:48.372752 sslendpoint[13449]:  assets.nflxext.com
2023 Jun 15 07:23:50.707873 sslendpoint[8880]:  thortv-observability-prod.svc.thor.comcast.com
2023 Jun 15 07:23:59.393861 sslendpoint[8880]:  cdn.thor.comcast.com
2023 Jun 15 07:24:00.336687 sslendpoint[9906]:  events.split.io
2023 Jun 15 07:24:00.689696 sslendpoint[9906]:  streaming.split.io
2023 Jun 15 07:24:00.816270 sslendpoint[9906]:  sdk.split.io
2023 Jun 15 07:24:00.823047 sslendpoint[9906]:  sdk.split.io
2023 Jun 15 07:24:06.561628 sslendpoint[9906]:  collector.pabs.comcast.com
2023 Jun 15 07:24:29.418974 sslendpoint[8880]:  cdn.thor.comcast.com
2023 Jun 15 07:24:43.322457 sslendpoint[8880]:  thortv-observability-prod.svc.thor.comcast.com
2023 Jun 15 07:24:48.601379 sslendpoint[8880]:  collector.pabs.comcast.com
2023 Jun 15 07:24:50.633718 sslendpoint[8880]:  thortv-observability-prod.svc.thor.comcast.com
2023 Jun 15 07:24:59.466004 sslendpoint[8880]:  cdn.thor.comcast.com
2023 Jun 15 07:25:00.300537 sslendpoint[9906]:  events.split.io
2023 Jun 15 07:25:00.301138 sslendpoint[9906]:  events.split.io
2023 Jun 15 07:25:08.080795 sslendpoint[15799]:  stbrtl-oi.stb.r53.xcal.tv
2023 Jun 15 07:25:29.468849 sslendpoint[8880]:  cdn.thor.comcast.com
2023 Jun 15 07:25:29.791039 sslendpoint[16405]:  secure.xconfds.coast.xcal.tv
2023 Jun 15 07:25:50.657053 sslendpoint[8880]:  thortv-observability-prod.svc.thor.comcast.com
2023 Jun 15 07:25:59.520840 sslendpoint[8880]:  cdn.thor.comcast.com
2023 Jun 15 07:26:29.526690 sslendpoint[8880]:  cdn.thor.comcast.com
2023 Jun 15 07:26:50.647346 sslendpoint[8880]:  thortv-observability-prod.svc.thor.comcast.com
2023 Jun 15 07:26:58.679988 sslendpoint[8880]:  thortv-observability-prod.svc.thor.comcast.com
2023 Jun 15 07:26:59.576423 sslendpoint[8880]:  cdn.thor.comcast.com
2023 Jun 15 07:27:29.581781 sslendpoint[8880]:  cdn.thor.comcast.com
2023 Jun 15 07:27:50.634438 sslendpoint[8880]:  thortv-observability-prod.svc.thor.comcast.com
2023 Jun 15 07:27:59.661106 sslendpoint[8880]:  cdn.thor.comcast.com
2023 Jun 15 07:28:28.596317 sslendpoint[8880]:  res-api.svc.thor.comcast.com
2023 Jun 15 07:28:28.976679 sslendpoint[8880]:  thortv-observability-prod.svc.thor.comcast.com
2023 Jun 15 07:28:29.073077 sslendpoint[8880]:  linchpin.lp.xcal.tv
2023 Jun 15 07:28:29.641138 sslendpoint[8880]:  cdn.thor.comcast.com
2023 Jun 15 07:28:30.152221 sslendpoint[8880]:  linchpin.lp.xcal.tv
2023 Jun 15 07:28:50.638413 sslendpoint[8880]:  thortv-observability-prod.svc.thor.comcast.com
2023 Jun 15 07:28:59.701259 sslendpoint[8880]:  cdn.thor.comcast.com
2023 Jun 15 07:29:29.689784 sslendpoint[8880]:  cdn.thor.comcast.com
2023 Jun 15 07:29:29.808003 sslendpoint[8880]:  thortv-observability-prod.svc.thor.comcast.com
2023 Jun 15 07:29:29.832371 sslendpoint[9906]:  thortv-observability-prod.svc.thor.comcast.com
2023 Jun 15 07:29:29.894962 sslendpoint[9906]:  flapi-prod.svc.thor.comcast.com
2023 Jun 15 07:29:29.908460 sslendpoint[9906]:  flapi-prod.svc.thor.comcast.com
2023 Jun 15 07:29:30.670574 sslendpoint[9906]:  flapi-prod.svc.thor.comcast.com
2023 Jun 15 07:29:37.057276 sslendpoint[8880]:  collector.pabs.comcast.com
2023 Jun 15 07:29:37.861992 sslendpoint[9906]:  flapi-prod.svc.thor.comcast.com
2023 Jun 15 07:29:40.220919 sslendpoint[9906]:  flapi-prod.svc.thor.comcast.com
2023 Jun 15 07:29:40.236718 sslendpoint[9906]:  thortv-observability-prod.svc.thor.comcast.com
2023 Jun 15 07:29:42.653196 sslendpoint[9906]:  collector.pabs.comcast.com
2023 Jun 15 07:29:49.353018 sslendpoint[21521]:  rdkautotool.ccp.xcal.tv
2023 Jun 15 07:29:50.636179 sslendpoint[8880]:  thortv-observability-prod.svc.thor.comcast.com
2023 Jun 15 07:29:59.811027 sslendpoint[8880]:  cdn.thor.comcast.com
2023 Jun 15 07:30:07.015156 sslendpoint[21754]:  ssr.ccp.xcal.tv
2023 Jun 15 07:30:07.814148 sslendpoint[21798]:  ccp-stbloglanding2.s3.dualstack.us-east-1.amazonaws.com
2023 Jun 15 07:30:29.811882 sslendpoint[8880]:  cdn.thor.comcast.com
2023 Jun 15 07:30:41.670992 sslendpoint[9906]:  collector.pabs.comcast.com
2023 Jun 15 07:30:50.658404 sslendpoint[8880]:  thortv-observability-prod.svc.thor.comcast.com
2023 Jun 15 07:30:59.636341 sslendpoint[9906]:  thortv-observability-prod.svc.thor.comcast.com
2023 Jun 15 07:30:59.648052 sslendpoint[9906]:  flapi-prod.svc.thor.comcast.com
2023 Jun 15 07:30:59.695418 sslendpoint[9906]:  flapi-prod.svc.thor.comcast.com
2023 Jun 15 07:30:59.767181 sslendpoint[9906]:  flapi-prod.svc.thor.comcast.com
2023 Jun 15 07:30:59.866355 sslendpoint[8880]:  cdn.thor.comcast.com
2023 Jun 15 07:31:00.932602 sslendpoint[9906]:  edge.myriad-gn.top.comcast.net
2023 Jun 15 07:31:02.066039 sslendpoint[9906]:  events.split.io
2023 Jun 15 07:31:02.616466 sslendpoint[9906]:  flapi-prod.svc.thor.comcast.com
2023 Jun 15 07:31:03.120907 sslendpoint[9906]:  thortv-observability-prod.svc.thor.comcast.com
2023 Jun 15 07:31:10.581660 sslendpoint[9906]:  flapi-prod.svc.thor.comcast.com
2023 Jun 15 07:31:13.527053 sslendpoint[9906]:  collector.pabs.comcast.com
2023 Jun 15 07:31:29.858795 sslendpoint[8880]:  cdn.thor.comcast.com
2023 Jun 15 07:31:46.963301 sslendpoint[9906]:  thortv-observability-prod.svc.thor.comcast.com
2023 Jun 15 07:31:50.642844 sslendpoint[8880]:  thortv-observability-prod.svc.thor.comcast.com
2023 Jun 15 07:32:03.816466 sslendpoint[25355]:  api.player.xcal.tv
2023 Jun 15 07:32:05.155755 sslendpoint[25947]:  www.googleapis.com
2023 Jun 15 07:32:05.347839 sslendpoint[25947]:  dtm-client-analytics-prod.cs.xcal.tv
2023 Jun 15 07:32:05.754864 sslendpoint[26122]:  secure.ssr.coast.xcal.tv
2023 Jun 15 07:32:05.968860 sslendpoint[26178]:  ccp-stbcrashes2.s3.dualstack.us-east-1.amazonaws.com
2023 Jun 15 07:32:07.538172 sslendpoint[25355]:  thunderstrikes.stb.r53.xcal.tv
2023 Jun 15 07:32:16.345900 sslendpoint[26784]:  rdkautotool.ccp.xcal.tv
2023 Jun 15 07:32:22.658998 sslendpoint[27382]:  secure.xconfds.coast.xcal.tv
2023 Jun 15 07:32:46.783091 sslendpoint[28496]:  linchpin.lp.xcal.tv
2023 Jun 15 07:32:46.966536 sslendpoint[28496]:  cdn.thor.comcast.com
2023 Jun 15 07:32:46.969013 sslendpoint[28496]:  thor-permission.svc.thor.comcast.com
2023 Jun 15 07:32:46.986641 sslendpoint[28496]:  browser-config.svc.thor.comcast.com
2023 Jun 15 07:32:47.094543 sslendpoint[28496]:  res-api.svc.thor.comcast.com
2023 Jun 15 07:32:47.508358 sslendpoint[28496]:  thortv-observability-prod.svc.thor.comcast.com
2023 Jun 15 07:32:47.538373 sslendpoint[28496]:  thor-permission.svc.thor.comcast.com
2023 Jun 15 07:32:47.561409 sslendpoint[28496]:  thor-permission.svc.thor.comcast.com
2023 Jun 15 07:32:47.606054 sslendpoint[28496]:  thor-permission.svc.thor.comcast.com
2023 Jun 15 07:32:48.096363 sslendpoint[28496]:  cdn.thor.comcast.com
2023 Jun 15 07:32:48.235273 sslendpoint[28496]:  linchpin.lp.xcal.tv
2023 Jun 15 07:32:48.339106 sslendpoint[28496]:  ad-platform-service.svc.thor.comcast.com
2023 Jun 15 07:32:49.154439 sslendpoint[28496]:  cdn.thor.comcast.com
2023 Jun 15 07:32:49.316272 sslendpoint[28496]:  linchpin.lp.xcal.tv
2023 Jun 15 07:32:50.242407 sslendpoint[28496]:  cdn.thor.comcast.com
2023 Jun 15 07:32:50.314932 sslendpoint[28496]:  thortv-observability-prod.svc.thor.comcast.com
2023 Jun 15 07:32:50.922439 sslendpoint[29041]:  rdkautotool.ccp.xcal.tv
2023 Jun 15 07:32:51.315241 sslendpoint[28496]:  cdn.thor.comcast.com
2023 Jun 15 07:32:52.055529 sslendpoint[28496]:  thortv-observability-prod.svc.thor.comcast.com
2023 Jun 15 07:32:52.318919 sslendpoint[28756]:  sdk.split.io
2023 Jun 15 07:32:52.319561 sslendpoint[28756]:  sdk.split.io
2023 Jun 15 07:32:52.349926 sslendpoint[28496]:  cdn.thor.comcast.com
2023 Jun 15 07:32:52.427970 sslendpoint[28756]:  sdk.split.io
2023 Jun 15 07:32:52.428124 sslendpoint[28756]:  thortv-observability-prod.svc.thor.comcast.com
2023 Jun 15 07:32:52.506126 sslendpoint[28756]:  auth.split.io
2023 Jun 15 07:32:52.519885 sslendpoint[28496]:  ad-platform-service.svc.thor.comcast.com
2023 Jun 15 07:32:52.698640 sslendpoint[28756]:  flapi-prod.svc.thor.comcast.com
2023 Jun 15 07:32:53.141432 sslendpoint[28756]:  analytics.xcal.tv
2023 Jun 15 07:32:53.147174 sslendpoint[28756]:  thortv-observability-prod.svc.thor.comcast.com
2023 Jun 15 07:32:53.197954 sslendpoint[28756]:  metricscollector.lp.xcal.tv
2023 Jun 15 07:32:53.709582 sslendpoint[28496]:  browser-config.svc.thor.comcast.com
2023 Jun 15 07:32:53.910253 sslendpoint[28756]:  thortv-observability-prod.svc.thor.comcast.com
2023 Jun 15 07:32:54.337627 sslendpoint[28496]:  res-api.svc.thor.comcast.com
2023 Jun 15 07:32:54.709926 sslendpoint[28496]:  thortv-observability-prod.svc.thor.comcast.com
2023 Jun 15 07:32:54.798870 sslendpoint[28756]:  flapi-prod.svc.thor.comcast.com
2023 Jun 15 07:32:54.856947 sslendpoint[28496]:  thortv-observability-prod.svc.thor.comcast.com
2023 Jun 15 07:32:54.937909 sslendpoint[28496]:  thor-permission.svc.thor.comcast.com
2023 Jun 15 07:32:55.818718 sslendpoint[29204]:  xacs.ccp.xcal.tv
2023 Jun 15 07:32:55.978064 sslendpoint[28496]:  thortv-observability-prod.svc.thor.comcast.com
2023 Jun 15 07:32:56.194316 sslendpoint[29204]:  xacs.ccp.xcal.tv
2023 Jun 15 07:32:56.358955 sslendpoint[28496]:  browser-config.svc.thor.comcast.com
2023 Jun 15 07:32:57.180725 sslendpoint[28756]:  edge.myriad-gn.top.comcast.net
2023 Jun 15 07:32:57.180956 sslendpoint[28756]:  edge.myriad-gn.top.comcast.net
2023 Jun 15 07:32:57.191724 sslendpoint[28756]:  flapi-prod.svc.thor.comcast.com
2023 Jun 15 07:32:57.194398 sslendpoint[28756]:  edge.myriad-gn.top.comcast.net
2023 Jun 15 07:32:57.214373 sslendpoint[28756]:  edge.myriad-gn.top.comcast.net
2023 Jun 15 07:32:57.215943 sslendpoint[28756]:  edge.myriad-gn.top.comcast.net
2023 Jun 15 07:32:57.267571 sslendpoint[28756]:  edge.myriad-gn.top.comcast.net
2023 Jun 15 07:32:57.290701 sslendpoint[28756]:  edge.myriad-gn.top.comcast.net
2023 Jun 15 07:32:57.302312 sslendpoint[28756]:  edge.myriad-gn.top.comcast.net
2023 Jun 15 07:32:57.339770 sslendpoint[28756]:  edge.myriad-gn.top.comcast.net
2023 Jun 15 07:32:57.340882 sslendpoint[28756]:  edge.myriad-gn.top.comcast.net
2023 Jun 15 07:32:57.574686 sslendpoint[28496]:  thortv-observability-prod.svc.thor.comcast.com
2023 Jun 15 07:32:57.854300 sslendpoint[28496]:  res-api.svc.thor.comcast.com
2023 Jun 15 07:32:58.706277 sslendpoint[28496]:  linchpin.lp.xcal.tv
2023 Jun 15 07:32:59.753493 sslendpoint[28496]:  linchpin.lp.xcal.tv
2023 Jun 15 07:33:00.440391 sslendpoint[28756]:  thortv-observability-prod.svc.thor.comcast.com
2023 Jun 15 07:33:01.329362 sslendpoint[28756]:  edge.myriad-gn.top.comcast.net
2023 Jun 15 07:33:01.339170 sslendpoint[28756]:  edge.myriad-gn.top.comcast.net
2023 Jun 15 07:33:01.343429 sslendpoint[28756]:  edge.myriad-gn.top.comcast.net
2023 Jun 15 07:33:01.343959 sslendpoint[28756]:  edge.myriad-gn.top.comcast.net
2023 Jun 15 07:33:01.356636 sslendpoint[28756]:  edge.myriad-gn.top.comcast.net
2023 Jun 15 07:33:01.372791 sslendpoint[28756]:  edge.myriad-gn.top.comcast.net
2023 Jun 15 07:33:01.417853 sslendpoint[28756]:  edge.myriad-gn.top.comcast.net
2023 Jun 15 07:33:01.439096 sslendpoint[28756]:  edge.myriad-gn.top.comcast.net
2023 Jun 15 07:33:01.441052 sslendpoint[28756]:  edge.myriad-gn.top.comcast.net
2023 Jun 15 07:33:01.443319 sslendpoint[28756]:  edge.myriad-gn.top.comcast.net
2023 Jun 15 07:33:01.511794 sslendpoint[28756]:  edge.myriad-gn.top.comcast.net
2023 Jun 15 07:33:01.512348 sslendpoint[28756]:  edge.myriad-gn.top.comcast.net
2023 Jun 15 07:33:01.523324 sslendpoint[28756]:  edge.myriad-gn.top.comcast.net
2023 Jun 15 07:33:01.533563 sslendpoint[28756]:  edge.myriad-gn.top.comcast.net
2023 Jun 15 07:33:01.564903 sslendpoint[28756]:  edge.myriad-gn.top.comcast.net
2023 Jun 15 07:33:04.235984 sslendpoint[28496]:  collector.pabs.comcast.com
2023 Jun 15 07:33:04.958693 sslendpoint[29942]:  secure.netflix.com
2023 Jun 15 07:33:07.076530 sslendpoint[29942]:  uiboot.netflix.com
2023 Jun 15 07:33:11.630777 sslendpoint[29942]:  occ-0-92-2218.1.nflxso.net
2023 Jun 15 07:33:12.306082 sslendpoint[28496]:  collector.pabs.comcast.com
2023 Jun 15 07:33:12.917932 sslendpoint[28756]:  flapi-prod.svc.thor.comcast.com
2023 Jun 15 07:33:13.000037 sslendpoint[29942]:  api-global.netflix.com
2023 Jun 15 07:33:13.170940 sslendpoint[28756]:  flapi-prod.svc.thor.comcast.com
2023 Jun 15 07:33:15.535218 sslendpoint[28756]:  thortv-observability-prod.svc.thor.comcast.com
2023 Jun 15 07:33:15.782624 sslendpoint[29942]:  nrdp-ipv6.prod.ftl.netflix.com
2023 Jun 15 07:33:15.788561 sslendpoint[29942]:  nrdp-ipv6.prod.ftl.netflix.com
2023 Jun 15 07:33:16.402814 sslendpoint[28756]:  flapi-prod.svc.thor.comcast.com
2023 Jun 15 07:33:16.560407 sslendpoint[29942]:  ichnaea.netflix.com
2023 Jun 15 07:33:17.098552 sslendpoint[29942]:  assets.nflxext.com
2023 Jun 15 07:33:17.099126 sslendpoint[29942]:  assets.nflxext.com
2023 Jun 15 07:33:17.105477 sslendpoint[29942]:  assets.nflxext.com
2023 Jun 15 07:33:18.482865 sslendpoint[28756]:  flapi-prod.svc.thor.comcast.com
2023 Jun 15 07:33:18.693493 sslendpoint[28756]:  thortv-observability-prod.svc.thor.comcast.com
2023 Jun 15 07:33:18.855984 sslendpoint[28756]:  collector.pabs.comcast.com
2023 Jun 15 07:33:20.342496 sslendpoint[30933]:  rdkautotool.ccp.xcal.tv
2023 Jun 15 07:33:22.371442 sslendpoint[28496]:  cdn.thor.comcast.com
2023 Jun 15 07:33:39.250707 sslendpoint[28756]:  flapi-prod.svc.thor.comcast.com
2023 Jun 15 07:33:41.648617 sslendpoint[28756]:  collector.pabs.comcast.com
2023 Jun 15 07:33:44.917410 sslendpoint[28496]:  thortv-observability-prod.svc.thor.comcast.com
2023 Jun 15 07:33:52.366681 sslendpoint[28756]:  events.split.io
2023 Jun 15 07:33:52.433094 sslendpoint[28496]:  cdn.thor.comcast.com
2023 Jun 15 07:33:52.762668 sslendpoint[28756]:  streaming.split.io
2023 Jun 15 07:33:52.862217 sslendpoint[28756]:  sdk.split.io
2023 Jun 15 07:33:52.862430 sslendpoint[28756]:  sdk.split.io
2023 Jun 15 07:34:03.352213 sslendpoint[28496]:  collector.pabs.comcast.com
2023 Jun 15 07:34:22.440086 sslendpoint[28496]:  cdn.thor.comcast.com
2023 Jun 15 07:34:22.552413 sslendpoint[28496]:  thortv-observability-prod.svc.thor.comcast.com
2023 Jun 15 07:34:34.582942 sslendpoint[32549]:  secure.xconfds.coast.xcal.tv
2023 Jun 15 07:34:44.856347 sslendpoint[28496]:  thortv-observability-prod.svc.thor.comcast.com
2023 Jun 15 07:34:52.346827 sslendpoint[28756]:  events.split.io
2023 Jun 15 07:34:52.347045 sslendpoint[28756]:  events.split.io
2023 Jun 15 07:34:52.569227 sslendpoint[28496]:  cdn.thor.comcast.com
2023 Jun 15 07:34:52.589615 sslendpoint[28496]:  thortv-observability-prod.svc.thor.comcast.com
2023 Jun 15 07:35:22.578516 sslendpoint[28496]:  cdn.thor.comcast.com
2023 Jun 15 07:35:44.868428 sslendpoint[28496]:  thortv-observability-prod.svc.thor.comcast.com
2023 Jun 15 07:35:52.631550 sslendpoint[28496]:  cdn.thor.comcast.com
2023 Jun 15 07:36:22.633302 sslendpoint[28496]:  cdn.thor.comcast.com
2023 Jun 15 07:36:44.851275 sslendpoint[28496]:  thortv-observability-prod.svc.thor.comcast.com
2023 Jun 15 07:36:52.681433 sslendpoint[28496]:  cdn.thor.comcast.com
2023 Jun 15 07:37:19.900583 sslendpoint[28756]:  thortv-observability-prod.svc.thor.comcast.com
2023 Jun 15 07:37:20.115860 sslendpoint[28756]:  flapi-prod.svc.thor.comcast.com
2023 Jun 15 07:37:20.123157 sslendpoint[28756]:  flapi-prod.svc.thor.comcast.com
2023 Jun 15 07:37:20.543398 sslendpoint[28756]:  flapi-prod.svc.thor.comcast.com
2023 Jun 15 07:37:20.666883 sslendpoint[28756]:  edge.myriad-gn.top.comcast.net
2023 Jun 15 07:37:22.051271 sslendpoint[28756]:  thortv-observability-prod.svc.thor.comcast.com
2023 Jun 15 07:37:22.690870 sslendpoint[28496]:  cdn.thor.comcast.com
2023 Jun 15 07:37:23.008991 sslendpoint[28756]:  flapi-prod.svc.thor.comcast.com
2023 Jun 15 07:37:33.080857 sslendpoint[28756]:  flapi-prod.svc.thor.comcast.com
2023 Jun 15 07:37:33.277839 sslendpoint[28756]:  thortv-observability-prod.svc.thor.comcast.com
2023 Jun 15 07:37:35.531567 sslendpoint[28756]:  collector.pabs.comcast.com
2023 Jun 15 07:37:44.852747 sslendpoint[28496]:  thortv-observability-prod.svc.thor.comcast.com
2023 Jun 15 07:37:52.756577 sslendpoint[28496]:  cdn.thor.comcast.com
2023 Jun 15 07:38:03.119283 sslendpoint[28756]:  flapi-prod.svc.thor.comcast.com
2023 Jun 15 07:38:08.213500 sslendpoint[28756]:  flapi-prod.svc.thor.comcast.com
2023 Jun 15 07:38:08.308799 sslendpoint[28756]:  thortv-observability-prod.svc.thor.comcast.com
2023 Jun 15 07:38:10.197466 sslendpoint[3522]:  stbrtl-oi.stb.r53.xcal.tv
2023 Jun 15 07:38:15.200397 sslendpoint[3564]:  rdkautotool.ccp.xcal.tv
2023 Jun 15 07:38:22.746765 sslendpoint[28496]:  cdn.thor.comcast.com
2023 Jun 15 07:38:34.903973 sslendpoint[28756]:  collector.pabs.comcast.com
2023 Jun 15 07:38:44.886350 sslendpoint[28496]:  thortv-observability-prod.svc.thor.comcast.com
2023 Jun 15 07:38:52.484002 sslendpoint[28756]:  events.split.io
2023 Jun 15 07:38:52.812552 sslendpoint[28496]:  cdn.thor.comcast.com
2023 Jun 15 07:38:53.685076 sslendpoint[28756]:  thortv-observability-prod.svc.thor.comcast.com
2023 Jun 15 07:38:56.108274 sslendpoint[28756]:  flapi-prod.svc.thor.comcast.com
2023 Jun 15 07:38:58.340387 sslendpoint[28756]:  thortv-observability-prod.svc.thor.comcast.com
2023 Jun 15 07:38:58.445563 sslendpoint[28756]:  flapi-prod.svc.thor.comcast.com
2023 Jun 15 07:39:05.242422 sslendpoint[28756]:  flapi-prod.svc.thor.comcast.com
2023 Jun 15 07:39:06.870183 sslendpoint[28756]:  thortv-observability-prod.svc.thor.comcast.com
2023 Jun 15 07:39:06.883285 sslendpoint[28756]:  collector.pabs.comcast.com
2023 Jun 15 07:39:07.544183 sslendpoint[28756]:  flapi-prod.svc.thor.comcast.com
