2023 Jun 15 07:22:34.296078 bluetoothd[5496]:  Bluetooth daemon 5.48
2023 Jun 15 07:22:34.301851 bluetoothd[5496]:  ../bluez-5.48/src/main.c:parse_config() parsing /etc/bluetooth/main.conf
2023 Jun 15 07:22:34.302456 bluetoothd[5496]:  ../bluez-5.48/src/main.c:parse_config() discovto=180
2023 Jun 15 07:22:34.302998 bluetoothd[5496]:  ../bluez-5.48/src/main.c:parse_config() pairto=180
2023 Jun 15 07:22:34.303482 bluetoothd[5496]:  ../bluez-5.48/src/main.c:parse_config() Key file does not have key “Privacy” in group “General”
2023 Jun 15 07:22:34.313632 bluetoothd[5496]:  ../bluez-5.48/src/main.c:parse_config() name=Xumo
2023 Jun 15 07:22:34.314794 bluetoothd[5496]:  ../bluez-5.48/src/main.c:parse_config() class=0x040414
2023 Jun 15 07:22:34.315364 bluetoothd[5496]:  ../bluez-5.48/src/main.c:parse_config() Key file does not have key “DeviceID” in group “General”
2023 Jun 15 07:22:34.332343 bluetoothd[5496]:  ../bluez-5.48/src/adapter.c:adapter_init() sending read version command
2023 Jun 15 07:22:34.333064 bluetoothd[5496]:  Starting SDP server
2023 Jun 15 07:22:34.333656 bluetoothd[5496]:  ../bluez-5.48/src/sdpd-service.c:register_device_id() Adding device id record for 0002:1d6b:0246:0530
2023 Jun 15 07:22:34.334328 bluetoothd[5496]:  ../bluez-5.48/src/plugin.c:plugin_init() Loading builtin plugins
2023 Jun 15 07:22:34.334898 bluetoothd[5496]:  ../bluez-5.48/src/plugin.c:add_plugin() Loading hostname plugin
2023 Jun 15 07:22:34.337073 bluetoothd[5496]:  ../bluez-5.48/src/plugin.c:add_plugin() Loading wiimote plugin
2023 Jun 15 07:22:34.338565 bluetoothd[5496]:  ../bluez-5.48/src/plugin.c:add_plugin() Loading autopair plugin
2023 Jun 15 07:22:34.339158 bluetoothd[5496]:  ../bluez-5.48/src/plugin.c:add_plugin() Loading policy plugin
2023 Jun 15 07:22:34.339703 bluetoothd[5496]:  ../bluez-5.48/src/plugin.c:add_plugin() Loading a2dp plugin
2023 Jun 15 07:22:34.340223 bluetoothd[5496]:  ../bluez-5.48/src/plugin.c:add_plugin() Loading avrcp plugin
2023 Jun 15 07:22:34.340781 bluetoothd[5496]:  ../bluez-5.48/src/plugin.c:add_plugin() Loading network plugin
2023 Jun 15 07:22:34.341278 bluetoothd[5496]:  ../bluez-5.48/src/plugin.c:add_plugin() Loading input plugin
2023 Jun 15 07:22:34.341731 bluetoothd[5496]:  ../bluez-5.48/src/plugin.c:add_plugin() Loading hog plugin
2023 Jun 15 07:22:34.342202 bluetoothd[5496]:  ../bluez-5.48/src/plugin.c:add_plugin() Loading gap plugin
2023 Jun 15 07:22:34.342655 bluetoothd[5496]:  ../bluez-5.48/src/plugin.c:add_plugin() Loading scanparam plugin
2023 Jun 15 07:22:34.343124 bluetoothd[5496]:  ../bluez-5.48/src/plugin.c:add_plugin() Loading deviceinfo plugin
2023 Jun 15 07:22:34.343576 bluetoothd[5496]:  ../bluez-5.48/src/plugin.c:add_plugin() Loading battery plugin
2023 Jun 15 07:22:34.344030 bluetoothd[5496]:  ../bluez-5.48/src/plugin.c:plugin_init() Loading plugins /usr/lib/bluetooth/plugins
2023 Jun 15 07:22:34.344439 bluetoothd[5496]:  ../bluez-5.48/profiles/input/suspend-none.c:suspend_init()
2023 Jun 15 07:22:34.372343 bluetoothd[5496]:  ../bluez-5.48/profiles/network/manager.c:read_config() /etc/bluetooth/network.conf: Key file does not have key “DisableSecurity” in group “General”
2023 Jun 15 07:22:34.383620 bluetoothd[5496]:  ../bluez-5.48/profiles/network/manager.c:read_config() Config options: Security=true
2023 Jun 15 07:22:34.389912 bluetoothd[5496]:  ../bluez-5.48/src/main.c:main() Entering main loop
2023 Jun 15 07:22:34.390418 bluetoothd[5496]:  ../bluez-5.48/src/rfkill.c:rfkill_event() RFKILL event idx 0 type 2 op 0 soft 0 hard 0
2023 Jun 15 07:22:34.390883 bluetoothd[5496]:  Bluetooth management interface 1.14 initialized
2023 Jun 15 07:22:34.391318 bluetoothd[5496]:  ../bluez-5.48/src/adapter.c:read_version_complete() sending read supported commands command
2023 Jun 15 07:22:34.391751 bluetoothd[5496]:  ../bluez-5.48/src/adapter.c:read_version_complete() sending read index list command
2023 Jun 15 07:22:34.412723 bluetoothd[5496]:  ../bluez-5.48/src/rfkill.c:rfkill_event() RFKILL event idx 1 type 1 op 0 soft 0 hard 0
2023 Jun 15 07:22:34.416033 bluetoothd[5496]:  ../bluez-5.48/src/rfkill.c:rfkill_event() RFKILL event idx 2 type 2 op 0 soft 0 hard 0
2023 Jun 15 07:22:34.440975 bluetoothd[5496]:  ../bluez-5.48/src/adapter.c:read_commands_complete() Number of commands: 65
2023 Jun 15 07:22:34.441628 bluetoothd[5496]:  ../bluez-5.48/src/adapter.c:read_commands_complete() Number of events: 35
2023 Jun 15 07:22:34.442239 bluetoothd[5496]:  ../bluez-5.48/src/adapter.c:read_commands_complete() enabling kernel-side connection control
2023 Jun 15 07:22:34.442771 bluetoothd[5496]:  ../bluez-5.48/src/adapter.c:read_index_list_complete() Number of controllers: 1
2023 Jun 15 07:22:34.443381 bluetoothd[5496]:  ../bluez-5.48/src/adapter.c:read_index_list_complete() Found index 0
2023 Jun 15 07:22:34.443973 bluetoothd[5496]:  ../bluez-5.48/src/adapter.c:index_added() index 0
2023 Jun 15 07:22:34.444539 bluetoothd[5496]:  ../bluez-5.48/src/adapter.c:btd_adapter_new() System name: Xumo
2023 Jun 15 07:22:34.471684 bluetoothd[5496]:  ../bluez-5.48/src/adapter.c:btd_adapter_new() Major class: 4
2023 Jun 15 07:22:34.472323 bluetoothd[5496]:  ../bluez-5.48/src/adapter.c:btd_adapter_new() Minor class: 5
2023 Jun 15 07:22:34.472963 bluetoothd[5496]:  ../bluez-5.48/src/adapter.c:btd_adapter_new() Modalias: usb:v1D6Bp0246d0530
2023 Jun 15 07:22:34.473464 bluetoothd[5496]:  ../bluez-5.48/src/adapter.c:btd_adapter_new() Discoverable timeout: 180 seconds
2023 Jun 15 07:22:34.479177 bluetoothd[5496]:  ../bluez-5.48/src/adapter.c:btd_adapter_new() Pairable timeout: 180 seconds
2023 Jun 15 07:22:34.480368 bluetoothd[5496]:  ../bluez-5.48/src/adapter.c:index_added() sending read info command for index 0
2023 Jun 15 07:22:34.481010 bluetoothd[5496]:  ../bluez-5.48/src/adapter.c:read_info_complete() index 0 status 0x00
2023 Jun 15 07:22:34.481542 bluetoothd[5496]:  ../bluez-5.48/src/adapter.c:clear_uuids() sending clear uuids command for index 0
2023 Jun 15 07:22:34.482124 bluetoothd[5496]:  ../bluez-5.48/src/adapter.c:clear_devices() sending clear devices command for index 0
2023 Jun 15 07:22:34.482728 bluetoothd[5496]:  ../bluez-5.48/src/adapter.c:set_mode() sending set mode command for index 0
2023 Jun 15 07:22:34.483396 bluetoothd[5496]:  ../bluez-5.48/src/adapter.c:set_mode() sending set mode command for index 0
2023 Jun 15 07:22:34.483998 bluetoothd[5496]:  ../bluez-5.48/src/adapter.c:set_mode() sending set mode command for index 0
2023 Jun 15 07:22:34.501768 bluetoothd[5496]:  ../bluez-5.48/src/adapter.c:set_privacy() sending set privacy command for index 0
2023 Jun 15 07:22:34.505201 bluetoothd[5496]:  ../bluez-5.48/src/adapter.c:set_privacy() setting privacy mode 0x00 for index 0
2023 Jun 15 07:22:34.515225 bluetoothd[5496]:  ../bluez-5.48/src/gatt-database.c:btd_gatt_database_new() GATT Manager registered for adapter: /org/bluez/hci0
2023 Jun 15 07:22:34.515817 bluetoothd[5496]:  ../bluez-5.48/src/advertising.c:btd_adv_manager_new() LE Advertising Manager created for adapter: /org/bluez/hci0
2023 Jun 15 07:22:34.516361 bluetoothd[5496]:  ../bluez-5.48/profiles/audio/a2dp.c:media_server_probe() path /org/bluez/hci0
2023 Jun 15 07:22:34.516936 bluetoothd[5496]:  ../bluez-5.48/plugins/hostname.c:hostname_probe()
2023 Jun 15 07:22:34.517477 bluetoothd[5496]:  ../bluez-5.48/profiles/network/manager.c:panu_server_probe() path /org/bluez/hci0
2023 Jun 15 07:22:34.517994 bluetoothd[5496]:  ../bluez-5.48/profiles/network/server.c:server_register() Registered interface org.bluez.NetworkServer1 on path /org/bluez/hci0
2023 Jun 15 07:22:34.518540 bluetoothd[5496]:  ../bluez-5.48/profiles/network/manager.c:gn_server_probe() path /org/bluez/hci0
2023 Jun 15 07:22:34.519013 bluetoothd[5496]:  ../bluez-5.48/profiles/network/manager.c:nap_server_probe() path /org/bluez/hci0
2023 Jun 15 07:22:34.519487 bluetoothd[5496]:  ../bluez-5.48/profiles/audio/avrcp.c:avrcp_controller_server_probe() path /org/bluez/hci0
2023 Jun 15 07:22:34.519946 bluetoothd[5496]:  ../bluez-5.48/src/adapter.c:adapter_service_add() /org/bluez/hci0
2023 Jun 15 07:22:34.520404 bluetoothd[5496]:  ../bluez-5.48/src/sdpd-service.c:add_record_to_server() Adding record with handle 0x10001
2023 Jun 15 07:22:34.549159 bluetoothd[5496]:  ../bluez-5.48/src/sdpd-service.c:add_record_to_server() Record pattern UUID 00000017-0000-1000-8000-00805f9
2023 Jun 15 07:22:34.550249 bluetoothd[5496]:  ../bluez-5.48/src/sdpd-service.c:add_record_to_server() Record pattern UUID 00000100-0000-1000-8000-00805f9
2023 Jun 15 07:22:34.571776 bluetoothd[5496]:  ../bluez-5.48/src/sdpd-service.c:add_record_to_server() Record pattern UUID 00001002-0000-1000-8000-00805f9
2023 Jun 15 07:22:34.581986 bluetoothd[5496]:  ../bluez-5.48/src/sdpd-service.c:add_record_to_server() Record pattern UUID 0000110e-0000-1000-8000-00805f9
2023 Jun 15 07:22:34.582457 bluetoothd[5496]:  ../bluez-5.48/src/sdpd-service.c:add_record_to_server() Record pattern UUID 0000110f-0000-1000-8000-00805f9
2023 Jun 15 07:22:34.582909 bluetoothd[5496]:  ../bluez-5.48/src/adapter.c:adapter_service_insert() /org/bluez/hci0
2023 Jun 15 07:22:34.583407 bluetoothd[5496]:  ../bluez-5.48/src/adapter.c:add_uuid() sending add uuid command for index 0
2023 Jun 15 07:22:34.583889 bluetoothd[5496]:  ../bluez-5.48/profiles/audio/avrcp.c:avrcp_target_server_probe() path /org/bluez/hci0
2023 Jun 15 07:22:34.584405 bluetoothd[5496]:  ../bluez-5.48/src/adapter.c:adapter_service_add() /org/bluez/hci0
2023 Jun 15 07:22:34.592738 bluetoothd[5496]:  ../bluez-5.48/src/sdpd-service.c:add_record_to_server() Adding record with handle 0x10002
2023 Jun 15 07:22:34.594187 bluetoothd[5496]:  ../bluez-5.48/src/sdpd-service.c:add_record_to_server() Record pattern UUID 00000017-0000-1000-8000-00805f9
2023 Jun 15 07:22:34.594789 bluetoothd[5496]:  ../bluez-5.48/src/sdpd-service.c:add_record_to_server() Record pattern UUID 00000100-0000-1000-8000-00805f9
2023 Jun 15 07:22:34.595299 bluetoothd[5496]:  ../bluez-5.48/src/sdpd-service.c:add_record_to_server() Record pattern UUID 00001002-0000-1000-8000-00805f9
2023 Jun 15 07:22:34.601368 bluetoothd[5496]:  ../bluez-5.48/src/sdpd-service.c:add_record_to_server() Record pattern UUID 0000110c-0000-1000-8000-00805f9
2023 Jun 15 07:22:34.602448 bluetoothd[5496]:  ../bluez-5.48/src/sdpd-service.c:add_record_to_server() Record pattern UUID 0000110e-0000-1000-8000-00805f9
2023 Jun 15 07:22:34.602942 bluetoothd[5496]:  ../bluez-5.48/src/adapter.c:adapter_service_insert() /org/bluez/hci0
2023 Jun 15 07:22:34.603390 bluetoothd[5496]:  ../bluez-5.48/src/adapter.c:add_uuid() sending add uuid command for index 0
2023 Jun 15 07:22:34.603810 bluetoothd[5496]:  ../bluez-5.48/profiles/audio/a2dp.c:a2dp_sink_server_probe() path /org/bluez/hci0
2023 Jun 15 07:22:34.604234 bluetoothd[5496]:  ../bluez-5.48/profiles/audio/a2dp.c:a2dp_source_server_probe() path /org/bluez/hci0
2023 Jun 15 07:22:34.604704 bluetoothd[5496]:  ../bluez-5.48/src/adapter.c:btd_adapter_unblock_address() hci0 00:00:00:00:00:00
2023 Jun 15 07:22:34.605184 bluetoothd[5496]:  ../bluez-5.48/src/adapter.c:load_link_keys() hci0 keys 0 debug_keys 0
2023 Jun 15 07:22:34.605667 bluetoothd[5496]:  ../bluez-5.48/src/adapter.c:load_ltks() hci0 keys 0
2023 Jun 15 07:22:34.606090 bluetoothd[5496]:  ../bluez-5.48/src/adapter.c:load_irks() hci0 irks 0
2023 Jun 15 07:22:34.606537 bluetoothd[5496]:  ../bluez-5.48/src/adapter.c:load_conn_params() hci0 conn params 0
2023 Jun 15 07:22:34.606989 bluetoothd[5496]:  ../bluez-5.48/src/adapter.c:adapter_service_insert() /org/bluez/hci0
2023 Jun 15 07:22:34.607472 bluetoothd[5496]:  ../bluez-5.48/src/adapter.c:add_uuid() sending add uuid command for index 0
2023 Jun 15 07:22:34.607918 bluetoothd[5496]:  ../bluez-5.48/src/adapter.c:set_did() hci0 source 2 vendor 1d6b product 246 version 530
2023 Jun 15 07:22:34.608373 bluetoothd[5496]:  ../bluez-5.48/src/adapter.c:adapter_register() Adapter /org/bluez/hci0 registered
2023 Jun 15 07:22:34.630258 bluetoothd[5496]:  ../bluez-5.48/src/adapter.c:set_dev_class() sending set device class command for index 0
2023 Jun 15 07:22:34.630862 bluetoothd[5496]:  ../bluez-5.48/src/adapter.c:set_name() sending set local name command for index 0
2023 Jun 15 07:22:34.655585 bluetoothd[5496]:  ../bluez-5.48/src/adapter.c:set_mode() sending set mode command for index 0
2023 Jun 15 07:22:34.669879 bluetoothd[5496]:  ../bluez-5.48/src/adapter.c:new_settings_callback() Settings: 0x000000c0
2023 Jun 15 07:22:34.671347 bluetoothd[5496]:  ../bluez-5.48/src/adapter.c:settings_changed() Changed settings: 0x00000040
2023 Jun 15 07:22:34.678208 bluetoothd[5496]:  ../bluez-5.48/src/adapter.c:settings_changed() Pending settings: 0x00000000
2023 Jun 15 07:22:34.679426 bluetoothd[5496]:  ../bluez-5.48/src/adapter.c:new_settings_callback() Settings: 0x000002c0
2023 Jun 15 07:22:34.682317 bluetoothd[5496]:  ../bluez-5.48/src/adapter.c:settings_changed() Changed settings: 0x00000200
2023 Jun 15 07:22:34.682931 bluetoothd[5496]:  ../bluez-5.48/src/adapter.c:settings_changed() Pending settings: 0x00000000
2023 Jun 15 07:22:34.683459 bluetoothd[5496]:  ../bluez-5.48/src/adapter.c:new_settings_callback() Settings: 0x00000ac0
2023 Jun 15 07:22:34.684053 bluetoothd[5496]:  ../bluez-5.48/src/adapter.c:settings_changed() Changed settings: 0x00000800
2023 Jun 15 07:22:34.684576 bluetoothd[5496]:  ../bluez-5.48/src/adapter.c:settings_changed() Pending settings: 0x00000000
2023 Jun 15 07:22:34.711244 bluetoothd[5496]:  ../bluez-5.48/src/adapter.c:set_privacy_complete() Successfuly set privacy for index 0
2023 Jun 15 07:22:34.711959 bluetoothd[5496]:  ../bluez-5.48/src/adapter.c:load_link_keys_complete() link keys loaded for hci0
2023 Jun 15 07:22:34.714089 bluetoothd[5496]:  ../bluez-5.48/src/adapter.c:load_ltks_complete() LTKs loaded for hci0
2023 Jun 15 07:22:34.715666 bluetoothd[5496]:  ../bluez-5.48/src/adapter.c:load_irks_complete() IRKs loaded for hci0
2023 Jun 15 07:22:34.716273 bluetoothd[5496]:  ../bluez-5.48/src/adapter.c:load_conn_params_complete() Connection Parameters loaded for hci0
2023 Jun 15 07:22:34.741469 bluetoothd[5496]:  ../bluez-5.48/src/adapter.c:local_name_changed_callback() Name: Xumo
2023 Jun 15 07:22:34.742619 bluetoothd[5496]:  ../bluez-5.48/src/adapter.c:local_name_changed_callback() Short name:
2023 Jun 15 07:22:34.743469 bluetoothd[5496]:  ../bluez-5.48/src/adapter.c:local_name_changed_callback() Current alias: Xumo
2023 Jun 15 07:22:34.744023 bluetoothd[5496]:  ../bluez-5.48/src/adapter.c:new_settings_callback() Settings: 0x00000ad0
2023 Jun 15 07:22:34.744583 bluetoothd[5496]:  ../bluez-5.48/src/adapter.c:settings_changed() Changed settings: 0x00000010
2023 Jun 15 07:22:34.753481 bluetoothd[5496]:  ../bluez-5.48/src/adapter.c:settings_changed() Pending settings: 0x00000000
2023 Jun 15 07:22:37.946957 bluetoothd[5496]:  ../bluez-5.48/profiles/audio/avdtp.c:avdtp_register_sep() SEP 0x7e17ce40 registered: type:0 codec:0 seid:1
2023 Jun 15 07:22:37.947448 bluetoothd[5496]:  ../bluez-5.48/src/adapter.c:adapter_service_add() /org/bluez/hci0
2023 Jun 15 07:22:37.947916 bluetoothd[5496]:  ../bluez-5.48/src/sdpd-service.c:add_record_to_server() Adding record with handle 0x10003
2023 Jun 15 07:22:37.948333 bluetoothd[5496]:  ../bluez-5.48/src/sdpd-service.c:add_record_to_server() Record pattern UUID 00000019-0000-1000-8000-00805f9
2023 Jun 15 07:22:37.948832 bluetoothd[5496]:  ../bluez-5.48/src/sdpd-service.c:add_record_to_server() Record pattern UUID 00000100-0000-1000-8000-00805f9
2023 Jun 15 07:22:37.949256 bluetoothd[5496]:  ../bluez-5.48/src/sdpd-service.c:add_record_to_server() Record pattern UUID 00001002-0000-1000-8000-00805f9
2023 Jun 15 07:22:37.949660 bluetoothd[5496]:  ../bluez-5.48/src/sdpd-service.c:add_record_to_server() Record pattern UUID 0000110a-0000-1000-8000-00805f9
2023 Jun 15 07:22:37.950061 bluetoothd[5496]:  ../bluez-5.48/src/sdpd-service.c:add_record_to_server() Record pattern UUID 0000110d-0000-1000-8000-00805f9
2023 Jun 15 07:22:37.950489 bluetoothd[5496]:  ../bluez-5.48/src/adapter.c:adapter_service_insert() /org/bluez/hci0
2023 Jun 15 07:22:37.950885 bluetoothd[5496]:  ../bluez-5.48/src/adapter.c:add_uuid() sending add uuid command for index 0
2023 Jun 15 07:22:37.952289 bluetoothd[5496]:  Endpoint registered: sender=:1.126 path=/MediaEndpoint/SBC/A2DP/Source
2023 Jun 15 07:22:37.952897 bluetoothd[5496]:  ../bluez-5.48/src/adapter.c:dev_class_changed_callback() Class: 0x000000
2023 Jun 15 07:22:37.958290 bluetoothd[5496]:  ../bluez-5.48/profiles/audio/avdtp.c:avdtp_register_sep() SEP 0x7e182a18 registered: type:1 codec:0 seid:2
2023 Jun 15 07:22:37.959381 bluetoothd[5496]:  ../bluez-5.48/src/adapter.c:adapter_service_add() /org/bluez/hci0
2023 Jun 15 07:22:37.959868 bluetoothd[5496]:  ../bluez-5.48/src/sdpd-service.c:add_record_to_server() Adding record with handle 0x10004
2023 Jun 15 07:22:37.960295 bluetoothd[5496]:  ../bluez-5.48/src/sdpd-service.c:add_record_to_server() Record pattern UUID 00000019-0000-1000-8000-00805f9
2023 Jun 15 07:22:37.964390 bluetoothd[5496]:  ../bluez-5.48/src/sdpd-service.c:add_record_to_server() Record pattern UUID 00000100-0000-1000-8000-00805f9
2023 Jun 15 07:22:37.965869 bluetoothd[5496]:  ../bluez-5.48/src/sdpd-service.c:add_record_to_server() Record pattern UUID 00001002-0000-1000-8000-00805f9
2023 Jun 15 07:22:37.968107 bluetoothd[5496]:  ../bluez-5.48/src/sdpd-service.c:add_record_to_server() Record pattern UUID 0000110b-0000-1000-8000-00805f9
2023 Jun 15 07:22:37.968675 bluetoothd[5496]:  ../bluez-5.48/src/sdpd-service.c:add_record_to_server() Record pattern UUID 0000110d-0000-1000-8000-00805f9
2023 Jun 15 07:22:37.969175 bluetoothd[5496]:  ../bluez-5.48/src/adapter.c:adapter_service_insert() /org/bluez/hci0
2023 Jun 15 07:22:37.969617 bluetoothd[5496]:  ../bluez-5.48/src/adapter.c:add_uuid() sending add uuid command for index 0
2023 Jun 15 07:22:37.970036 bluetoothd[5496]:  Endpoint registered: sender=:1.126 path=/MediaEndpoint/SBC/A2DP/Sink
2023 Jun 15 07:22:38.002960 bluetoothd[5496]:  ../bluez-5.48/src/agent.c:agent_ref() 0x7e183c88: ref=1
2023 Jun 15 07:22:38.003545 bluetoothd[5496]:  ../bluez-5.48/src/agent.c:register_agent() agent :1.126
2023 Jun 15 07:22:38.004103 bluetoothd[5496]:  ../bluez-5.48/src/agent.c:add_default_agent() Default agent set to :1.126 /org/bluez/agent_7039
2023 Jun 15 07:22:40.726068 bluetoothd[5496]:  ../bluez-5.48/src/adapter.c:property_set_mode() sending Set Powered command for index 0
2023 Jun 15 07:22:41.239706 bluetoothd[5496]:  ../bluez-5.48/src/adapter.c:dev_class_changed_callback() Class: 0x0c0414
2023 Jun 15 07:22:41.246819 bluetoothd[5496]:  ../bluez-5.48/src/adapter.c:property_set_mode_complete() Success (0x00)
2023 Jun 15 07:22:41.247458 bluetoothd[5496]:  ../bluez-5.48/src/adapter.c:new_settings_callback() Settings: 0x00000ad1
2023 Jun 15 07:22:41.248024 bluetoothd[5496]:  ../bluez-5.48/src/adapter.c:settings_changed() Changed settings: 0x00000001
2023 Jun 15 07:22:41.250425 bluetoothd[5496]:  ../bluez-5.48/src/adapter.c:settings_changed() Pending settings: 0x00000000
2023 Jun 15 07:22:41.250992 bluetoothd[5496]:  ../bluez-5.48/src/adapter.c:adapter_start() adapter /org/bluez/hci0 has been enabled
2023 Jun 15 07:22:41.251513 bluetoothd[5496]:  ../bluez-5.48/src/adapter.c:trigger_passive_scanning()
2023 Jun 15 07:22:41.263809 bluetoothd[5496]:  ../bluez-5.48/src/adapter.c:set_discovery_filter() sender :1.148
2023 Jun 15 07:22:41.267785 bluetoothd[5496]:  ../bluez-5.48/src/adapter.c:parse_discovery_filter_dict() filtered discovery params: transport: 6 rssi: 32767 pathloss: 32767  duplicate data: false discoverable false
2023 Jun 15 07:22:41.272093 bluetoothd[5496]:  ../bluez-5.48/src/adapter.c:set_discovery_filter() successfully pre-set filter
2023 Jun 15 07:22:41.274948 bluetoothd[5496]:  ../bluez-5.48/src/adapter.c:property_set_mode() sending Set Bondable command for index 0
2023 Jun 15 07:22:41.281815 bluetoothd[5496]:  ../bluez-5.48/src/adapter.c:property_set_mode_complete() Success (0x00)
2023 Jun 15 07:22:41.285208 bluetoothd[5496]:  ../bluez-5.48/src/adapter.c:new_settings_callback() Settings: 0x00000ac1
2023 Jun 15 07:22:41.290089 bluetoothd[5496]:  ../bluez-5.48/src/adapter.c:settings_changed() Changed settings: 0x00000010
2023 Jun 15 07:22:41.290693 bluetoothd[5496]:  ../bluez-5.48/src/adapter.c:settings_changed() Pending settings: 0x00000000
