2023 Jun 15 07:22:31.970982 "rtrouted"[4610]:  Conf file /etc/debug.ini open success
2023 Jun 15 07:22:31.971134 "rtrouted"[4610]:  230615-07:22:31.970238 [mod=OS, lvl=INFO] [tid=4610]
2023 Jun 15 07:22:31.973348 "rtrouted"[4610]:  230615-07:22:31.973247 [mod=OS, lvl=INFO] [tid=4610] -=-=-=-=-=-=-=-=-=-=-=-=-=-=-=-=-=-
2023 Jun 15 07:22:31.977870 "rtrouted"[4610]:  230615-07:22:31.977721 [mod=OS, lvl=INFO] [tid=4610] Stack level logging levels:
2023 Jun 15 07:22:31.979573 "rtrouted"[4610]:  230615-07:22:31.979399 [mod=OS, lvl=INFO] [tid=4610] Initial Logging Level for LOG.RDK.TARGET:  FATAL ERROR WARNING INFO
2023 Jun 15 07:22:31.979681 "rtrouted"[4610]:  230615-07:22:31.979482 [mod=OS, lvl=INFO] [tid=4610] Initial Logging Level for LOG.RDK.CC:  FATAL ERROR WARNING INFO
2023 Jun 15 07:22:31.979782 "rtrouted"[4610]:  230615-07:22:31.979511 [mod=OS, lvl=INFO] [tid=4610] Initial Logging Level for LOG.RDK.CDL:  FATAL ERROR WARNING INFO
2023 Jun 15 07:22:31.979896 "rtrouted"[4610]:  230615-07:22:31.979537 [mod=OS, lvl=INFO] [tid=4610] Initial Logging Level for LOG.RDK.SNMP:  FATAL ERROR WARNING INFO
2023 Jun 15 07:22:31.979954 "rtrouted"[4610]:  230615-07:22:31.979618 [mod=OS, lvl=INFO] [tid=4610] Initial Logging Level for LOG.RDK.COND: NONE
2023 Jun 15 07:22:31.980009 "rtrouted"[4610]:  230615-07:22:31.979649 [mod=OS, lvl=INFO] [tid=4610] Initial Logging Level for LOG.RDK.DBG: NONE
2023 Jun 15 07:22:31.980074 "rtrouted"[4610]:  230615-07:22:31.979679 [mod=OS, lvl=INFO] [tid=4610] Initial Logging Level for LOG.RDK.DIRECTFB: NONE
2023 Jun 15 07:22:31.980146 "rtrouted"[4610]:  230615-07:22:31.979704 [mod=OS, lvl=INFO] [tid=4610] Initial Logging Level for LOG.RDK.DISP:  FATAL ERROR INFO
2023 Jun 15 07:22:31.980224 "rtrouted"[4610]:  230615-07:22:31.979735 [mod=OS, lvl=INFO] [tid=4610] Initial Logging Level for LOG.RDK.DLL: NONE
2023 Jun 15 07:22:31.980298 "rtrouted"[4610]:  230615-07:22:31.979761 [mod=OS, lvl=INFO] [tid=4610] Initial Logging Level for LOG.RDK.DVR:  FATAL ERROR WARNING INFO
2023 Jun 15 07:22:31.980399 "rtrouted"[4610]:  230615-07:22:31.979786 [mod=OS, lvl=INFO] [tid=4610] Initial Logging Level for LOG.RDK.REC:  FATAL ERROR WARNING INFO
2023 Jun 15 07:22:31.980459 "rtrouted"[4610]:  230615-07:22:31.979811 [mod=OS, lvl=INFO] [tid=4610] Initial Logging Level for LOG.RDK.RBI:  FATAL ERROR WARNING INFO
2023 Jun 15 07:22:31.980515 "rtrouted"[4610]:  230615-07:22:31.979838 [mod=OS, lvl=INFO] [tid=4610] Initial Logging Level for LOG.RDK.HN:  FATAL ERROR WARNING INFO
2023 Jun 15 07:22:31.980570 "rtrouted"[4610]:  230615-07:22:31.979864 [mod=OS, lvl=INFO] [tid=4610] Initial Logging Level for LOG.RDK.GSTREAMER:  FATAL ERROR WARNING NOTICE INFO DEBUG
2023 Jun 15 07:22:31.980744 "rtrouted"[4610]:  230615-07:22:31.979889 [mod=OS, lvl=INFO] [tid=4610] Initial Logging Level for LOG.RDK.HNSRC:  FATAL ERROR WARNING NOTICE INFO DEBUG TRACE1
2023 Jun 15 07:22:31.980806 "rtrouted"[4610]:  230615-07:22:31.979914 [mod=OS, lvl=INFO] [tid=4610] Initial Logging Level for LOG.RDK.MPSINK:  FATAL ERROR WARNING NOTICE INFO DEBUG TRACE1
2023 Jun 15 07:22:31.981784 "rtrouted"[4610]:  230615-07:22:31.979938 [mod=OS, lvl=INFO] [tid=4610] Initial Logging Level for LOG.RDK.EVENT:  FATAL ERROR
2023 Jun 15 07:22:31.981847 "rtrouted"[4610]:  230615-07:22:31.981342 [mod=OS, lvl=INFO] [tid=4610] Initial Logging Level for LOG.RDK.ED: NONE
2023 Jun 15 07:22:31.981915 "rtrouted"[4610]:  230615-07:22:31.981588 [mod=OS, lvl=INFO] [tid=4610] Initial Logging Level for LOG.RDK.FILESYS:  FATAL ERROR WARNING INFO
2023 Jun 15 07:22:31.982798 "rtrouted"[4610]:  230615-07:22:31.981618 [mod=OS, lvl=INFO] [tid=4610] Initial Logging Level for LOG.RDK.FILTER:  ERROR
2023 Jun 15 07:22:31.982927 "rtrouted"[4610]:  230615-07:22:31.982805 [mod=OS, lvl=INFO] [tid=4610] Initial Logging Level for LOG.RDK.FP:  FATAL ERROR WARNING NOTICE INFO
2023 Jun 15 07:22:31.982994 "rtrouted"[4610]:  230615-07:22:31.982843 [mod=OS, lvl=INFO] [tid=4610] Initial Logging Level for LOG.RDK.GFX:  ERROR
2023 Jun 15 07:22:31.983068 "rtrouted"[4610]:  230615-07:22:31.982871 [mod=OS, lvl=INFO] [tid=4610] Initial Logging Level for LOG.RDK.JAVA:  FATAL ERROR WARNING NOTICE
2023 Jun 15 07:22:31.983124 "rtrouted"[4610]:  230615-07:22:31.982900 [mod=OS, lvl=INFO] [tid=4610] Initial Logging Level for LOG.RDK.JNI:  ERROR WARNING TRACE9
2023 Jun 15 07:22:31.983208 "rtrouted"[4610]:  230615-07:22:31.982925 [mod=OS, lvl=INFO] [tid=4610] Initial Logging Level for LOG.RDK.JVM:  FATAL ERROR WARNING NOTICE INFO
2023 Jun 15 07:22:31.983277 "rtrouted"[4610]:  230615-07:22:31.982953 [mod=OS, lvl=INFO] [tid=4610] Initial Logging Level for LOG.RDK.MEDIA:  FATAL ERROR WARNING INFO
2023 Jun 15 07:22:31.983333 "rtrouted"[4610]:  230615-07:22:31.982978 [mod=OS, lvl=INFO] [tid=4610] Initial Logging Level for LOG.RDK.MEM: NONE
2023 Jun 15 07:22:31.988844 "rtrouted"[4610]:  230615-07:22:31.988731 [mod=OS, lvl=INFO] [tid=4610] Initial Logging Level for LOG.RDK.MUTEX: NONE
2023 Jun 15 07:22:31.988966 "rtrouted"[4610]:  230615-07:22:31.988794 [mod=OS, lvl=INFO] [tid=4610] Initial Logging Level for LOG.RDK.NET: NONE
2023 Jun 15 07:22:31.989070 "rtrouted"[4610]:  230615-07:22:31.988823 [mod=OS, lvl=INFO] [tid=4610] Initial Logging Level for LOG.RDK.OS:  FATAL ERROR WARNING INFO
2023 Jun 15 07:22:31.989129 "rtrouted"[4610]:  230615-07:22:31.988848 [mod=OS, lvl=INFO] [tid=4610] Initial Logging Level for LOG.RDK.POD:  FATAL ERROR WARNING INFO
2023 Jun 15 07:22:31.989186 "rtrouted"[4610]:  230615-07:22:31.988873 [mod=OS, lvl=INFO] [tid=4610] Initial Logging Level for LOG.RDK.SI:  FATAL ERROR WARNING
2023 Jun 15 07:22:31.989256 "rtrouted"[4610]:  230615-07:22:31.988897 [mod=OS, lvl=INFO] [tid=4610] Initial Logging Level for LOG.RDK.INBSI:  FATAL ERROR WARNING NOTICE INFO
2023 Jun 15 07:22:31.989313 "rtrouted"[4610]:  230615-07:22:31.988920 [mod=OS, lvl=INFO] [tid=4610] Initial Logging Level for LOG.RDK.STORAGE: NONE
2023 Jun 15 07:22:31.989368 "rtrouted"[4610]:  230615-07:22:31.988944 [mod=OS, lvl=INFO] [tid=4610] Initial Logging Level for LOG.RDK.SYS:  FATAL ERROR WARNING INFO
2023 Jun 15 07:22:31.989423 "rtrouted"[4610]:  230615-07:22:31.988968 [mod=OS, lvl=INFO] [tid=4610] Initial Logging Level for LOG.RDK.TEST:  FATAL ERROR WARNING NOTICE INFO DEBUG
2023 Jun 15 07:22:31.989519 "rtrouted"[4610]:  230615-07:22:31.988992 [mod=OS, lvl=INFO] [tid=4610] Initial Logging Level for LOG.RDK.THREAD: NONE
2023 Jun 15 07:22:31.989585 "rtrouted"[4610]:  230615-07:22:31.989016 [mod=OS, lvl=INFO] [tid=4610] Initial Logging Level for LOG.RDK.UTIL: NONE
2023 Jun 15 07:22:31.989641 "rtrouted"[4610]:  230615-07:22:31.989039 [mod=OS, lvl=INFO] [tid=4610] Initial Logging Level for LOG.RDK.UI: NONE
2023 Jun 15 07:22:31.989760 "rtrouted"[4610]:  230615-07:22:31.989063 [mod=OS, lvl=INFO] [tid=4610] Initial Logging Level for LOG.RDK.QAMSRC:  FATAL ERROR WARNING NOTICE INFO
2023 Jun 15 07:22:31.989820 "rtrouted"[4610]:  230615-07:22:31.989087 [mod=OS, lvl=INFO] [tid=4610] Initial Logging Level for LOG.RDK.VODSRC:  FATAL ERROR WARNING NOTICE INFO
2023 Jun 15 07:22:31.989878 "rtrouted"[4610]:  230615-07:22:31.989111 [mod=OS, lvl=INFO] [tid=4610] Initial Logging Level for LOG.RDK.MS:  FATAL ERROR WARNING NOTICE INFO
2023 Jun 15 07:22:31.989935 "rtrouted"[4610]:  230615-07:22:31.989135 [mod=OS, lvl=INFO] [tid=4610] Initial Logging Level for LOG.RDK.GSTQAM:  FATAL ERROR WARNING NOTICE INFO
2023 Jun 15 07:22:31.990006 "rtrouted"[4610]:  230615-07:22:31.989159 [mod=OS, lvl=INFO] [tid=4610] Initial Logging Level for LOG.RDK.IPPV:  FATAL ERROR WARNING NOTICE INFO
2023 Jun 15 07:22:31.990064 "rtrouted"[4610]:  230615-07:22:31.989183 [mod=OS, lvl=INFO] [tid=4610] Initial Logging Level for LOG.RDK.IPC:  FATAL ERROR WARNING NOTICE INFO
2023 Jun 15 07:22:31.990126 "rtrouted"[4610]:  230615-07:22:31.989206 [mod=OS, lvl=INFO] [tid=4610] Initial Logging Level for LOG.RDK.PXYSRVC:  FATAL ERROR WARNING INFO
2023 Jun 15 07:22:31.990201 "rtrouted"[4610]:  230615-07:22:31.989230 [mod=OS, lvl=INFO] [tid=4610] Initial Logging Level for LOG.RDK.RMFBASE:  FATAL ERROR WARNING INFO
2023 Jun 15 07:22:31.990261 "rtrouted"[4610]:  230615-07:22:31.989254 [mod=OS, lvl=INFO] [tid=4610] Initial Logging Level for LOG.RDK.RDKBROWSER2:  FATAL ERROR WARNING INFO
2023 Jun 15 07:22:31.990318 "rtrouted"[4610]:  230615-07:22:31.989278 [mod=OS, lvl=INFO] [tid=4610] Initial Logging Level for LOG.RDK.TRM: NONE
2023 Jun 15 07:22:31.990375 "rtrouted"[4610]:  230615-07:22:31.989302 [mod=OS, lvl=INFO] [tid=4610] Initial Logging Level for LOG.RDK.IARMBUS:  FATAL ERROR WARNING NOTICE INFO DEBUG
2023 Jun 15 07:22:31.990439 "rtrouted"[4610]:  230615-07:22:31.989327 [mod=OS, lvl=INFO] [tid=4610] Initial Logging Level for LOG.RDK.DSMGR:  FATAL ERROR WARNING NOTICE INFO DEBUG
2023 Jun 15 07:22:31.990508 "rtrouted"[4610]:  230615-07:22:31.989365 [mod=OS, lvl=INFO] [tid=4610] Initial Logging Level for LOG.RDK.IRMGR:  FATAL ERROR WARNING NOTICE INFO DEBUG
2023 Jun 15 07:22:31.990569 "rtrouted"[4610]:  230615-07:22:31.989390 [mod=OS, lvl=INFO] [tid=4610] Initial Logging Level for LOG.RDK.MFRMGR:  FATAL ERROR WARNING NOTICE INFO DEBUG
2023 Jun 15 07:22:31.990626 "rtrouted"[4610]:  230615-07:22:31.989413 [mod=OS, lvl=INFO] [tid=4610] Initial Logging Level for LOG.RDK.POWERMGR:  ERROR DEBUG
2023 Jun 15 07:22:31.990682 "rtrouted"[4610]:  230615-07:22:31.989437 [mod=OS, lvl=INFO] [tid=4610] Initial Logging Level for LOG.RDK.SYSMGR:  FATAL ERROR WARNING NOTICE INFO DEBUG
2023 Jun 15 07:22:31.990817 "rtrouted"[4610]:  230615-07:22:31.989461 [mod=OS, lvl=INFO] [tid=4610] Initial Logging Level for LOG.RDK.TR69MGR:  FATAL ERROR WARNING NOTICE INFO DEBUG
2023 Jun 15 07:22:31.990879 "rtrouted"[4610]:  230615-07:22:31.989485 [mod=OS, lvl=INFO] [tid=4610] Initial Logging Level for LOG.RDK.VREXMGR:  FATAL ERROR WARNING NOTICE INFO DEBUG
2023 Jun 15 07:22:31.990939 "rtrouted"[4610]:  230615-07:22:31.989508 [mod=OS, lvl=INFO] [tid=4610] Initial Logging Level for LOG.RDK.TRH:  FATAL ERROR WARNING INFO
2023 Jun 15 07:22:31.991007 "rtrouted"[4610]:  230615-07:22:31.989540 [mod=OS, lvl=INFO] [tid=4610] Initial Logging Level for LOG.RDK.SDVAGENT:  FATAL ERROR WARNING INFO
2023 Jun 15 07:22:31.991064 "rtrouted"[4610]:  230615-07:22:31.989564 [mod=OS, lvl=INFO] [tid=4610] Initial Logging Level for LOG.RDK.RF4CEMGR:  FATAL ERROR WARNING INFO
2023 Jun 15 07:22:31.991121 "rtrouted"[4610]:  230615-07:22:31.989588 [mod=OS, lvl=INFO] [tid=4610] Initial Logging Level for LOG.RDK.LPRFSERVER:  FATAL ERROR WARNING INFO
2023 Jun 15 07:22:31.991185 "rtrouted"[4610]:  230615-07:22:31.989612 [mod=OS, lvl=INFO] [tid=4610] Initial Logging Level for LOG.RDK.CEF:  FATAL ERROR WARNING NOTICE INFO DEBUG
2023 Jun 15 07:22:31.991248 "rtrouted"[4610]:  230615-07:22:31.989635 [mod=OS, lvl=INFO] [tid=4610] Initial Logging Level for LOG.RDK.WIFIWPA:  ERROR WARNING INFO DEBUG
2023 Jun 15 07:22:31.991325 "rtrouted"[4610]:  230615-07:22:31.989658 [mod=OS, lvl=INFO] [tid=4610] Initial Logging Level for LOG.RDK.NETSRVMGR:  FATAL ERROR WARNING NOTICE INFO
2023 Jun 15 07:22:31.991392 "rtrouted"[4610]:  230615-07:22:31.989681 [mod=OS, lvl=INFO] [tid=4610] Initial Logging Level for LOG.RDK.WIFIHAL:  FATAL ERROR WARNING NOTICE INFO
2023 Jun 15 07:22:31.991465 "rtrouted"[4610]:  230615-07:22:31.989705 [mod=OS, lvl=INFO] [tid=4610] Initial Logging Level for LOG.RDK.WEBPAVIDEO:  FATAL ERROR WARNING NOTICE INFO
2023 Jun 15 07:22:31.991539 "rtrouted"[4610]:  230615-07:22:31.989728 [mod=OS, lvl=INFO] [tid=4610] Initial Logging Level for LOG.RDK.TR69HOSTIF:  FATAL ERROR WARNING NOTICE INFO
2023 Jun 15 07:22:31.991596 "rtrouted"[4610]:  230615-07:22:31.989760 [mod=OS, lvl=INFO] [tid=4610] Initial Logging Level for LOG.RDK.PARODUS:  FATAL ERROR WARNING NOTICE INFO
2023 Jun 15 07:22:31.991668 "rtrouted"[4610]:  230615-07:22:31.989785 [mod=OS, lvl=INFO] [tid=4610] Initial Logging Level for LOG.RDK.PARODUSIF:  FATAL ERROR WARNING NOTICE INFO
2023 Jun 15 07:22:31.991741 "rtrouted"[4610]:  230615-07:22:31.989809 [mod=OS, lvl=INFO] [tid=4610] Initial Logging Level for LOG.RDK.BTRMGR:  FATAL ERROR WARNING NOTICE INFO DEBUG
2023 Jun 15 07:22:31.991879 "rtrouted"[4610]:  230615-07:22:31.989832 [mod=OS, lvl=INFO] [tid=4610] Initial Logging Level for LOG.RDK.BTRCORE:  FATAL ERROR WARNING NOTICE INFO DEBUG
2023 Jun 15 07:22:31.991938 "rtrouted"[4610]:  230615-07:22:31.989856 [mod=OS, lvl=INFO] [tid=4610] Initial Logging Level for LOG.RDK.BTRLEMGR:  FATAL ERROR WARNING NOTICE INFO DEBUG
2023 Jun 15 07:22:31.991995 "rtrouted"[4610]:  230615-07:22:31.989878 [mod=OS, lvl=INFO] [tid=4610] Initial Logging Level for LOG.RDK.CVR:  FATAL ERROR WARNING NOTICE INFO
2023 Jun 15 07:22:31.992065 "rtrouted"[4610]:  230615-07:22:31.989901 [mod=OS, lvl=INFO] [tid=4610] Initial Logging Level for LOG.RDK.CVRUPLOAD:  FATAL ERROR WARNING NOTICE INFO
2023 Jun 15 07:22:31.992134 "rtrouted"[4610]:  230615-07:22:31.989924 [mod=OS, lvl=INFO] [tid=4610] Initial Logging Level for LOG.RDK.CVRPOLL:  FATAL ERROR WARNING NOTICE INFO
2023 Jun 15 07:22:31.992192 "rtrouted"[4610]:  230615-07:22:31.989949 [mod=OS, lvl=INFO] [tid=4610] Initial Logging Level for LOG.RDK.THUMBNAILUPLOAD:  FATAL ERROR WARNING NOTICE INFO
2023 Jun 15 07:22:31.992251 "rtrouted"[4610]:  230615-07:22:31.989973 [mod=OS, lvl=INFO] [tid=4610] Initial Logging Level for LOG.RDK.SMARTTHUMBNAIL:  FATAL ERROR WARNING NOTICE INFO
2023 Jun 15 07:22:31.992322 "rtrouted"[4610]:  230615-07:22:31.989997 [mod=OS, lvl=INFO] [tid=4610] Initial Logging Level for LOG.RDK.RMS:  FATAL ERROR WARNING NOTICE INFO
2023 Jun 15 07:22:31.992391 "rtrouted"[4610]:  230615-07:22:31.990022 [mod=OS, lvl=INFO] [tid=4610] Initial Logging Level for LOG.RDK.METRICS:  FATAL ERROR WARNING NOTICE INFO
2023 Jun 15 07:22:31.992473 "rtrouted"[4610]:  230615-07:22:31.990053 [mod=OS, lvl=INFO] [tid=4610] Initial Logging Level for LOG.RDK.PLUGINS:  FATAL ERROR WARNING NOTICE INFO
2023 Jun 15 07:22:31.992550 "rtrouted"[4610]:  230615-07:22:31.990076 [mod=OS, lvl=INFO] [tid=4610] Initial Logging Level for LOG.RDK.WEBPA:  FATAL ERROR WARNING NOTICE INFO
2023 Jun 15 07:22:31.992697 "rtrouted"[4610]:  230615-07:22:31.990103 [mod=OS, lvl=INFO] [tid=4610] Initial Logging Level for LOG.RDK.BINDING:  FATAL ERROR WARNING NOTICE INFO
2023 Jun 15 07:22:31.992770 "rtrouted"[4610]:  230615-07:22:31.990127 [mod=OS, lvl=INFO] [tid=4610] Initial Logging Level for LOG.RDK.WRTC:  FATAL ERROR WARNING NOTICE INFO
2023 Jun 15 07:22:31.992834 "rtrouted"[4610]:  230615-07:22:31.990162 [mod=OS, lvl=INFO] [tid=4610] Initial Logging Level for LOG.RDK.VIDEOANALYTICS:  FATAL ERROR WARNING NOTICE INFO
2023 Jun 15 07:22:31.992891 "rtrouted"[4610]:  230615-07:22:31.990190 [mod=OS, lvl=INFO] [tid=4610] Initial Logging Level for LOG.RDK.AUDIOANALYTICS:  FATAL ERROR WARNING NOTICE INFO
2023 Jun 15 07:22:31.993026 "rtrouted"[4610]:  230615-07:22:31.990215 [mod=OS, lvl=INFO] [tid=4610] Initial Logging Level for LOG.RDK.STORAGEMGR:  FATAL ERROR WARNING NOTICE INFO
2023 Jun 15 07:22:31.993085 "rtrouted"[4610]:  230615-07:22:31.990239 [mod=OS, lvl=INFO] [tid=4610] Initial Logging Level for LOG.RDK.OVERLAY:  FATAL ERROR WARNING NOTICE INFO
2023 Jun 15 07:22:31.993142 "rtrouted"[4610]:  230615-07:22:31.990262 [mod=OS, lvl=INFO] [tid=4610] Initial Logging Level for LOG.RDK.HTTPCLIENT:  FATAL ERROR WARNING NOTICE INFO
2023 Jun 15 07:22:31.993216 "rtrouted"[4610]:  230615-07:22:31.990284 [mod=OS, lvl=INFO] [tid=4610] Initial Logging Level for LOG.RDK.RFCCONFIG:  FATAL ERROR WARNING NOTICE INFO
2023 Jun 15 07:22:31.993273 "rtrouted"[4610]:  230615-07:22:31.990307 [mod=OS, lvl=INFO] [tid=4610] Initial Logging Level for LOG.RDK.CPUPROCANALYZER:  ERROR WARNING INFO
2023 Jun 15 07:22:31.993329 "rtrouted"[4610]:  230615-07:22:31.990329 [mod=OS, lvl=INFO] [tid=4610] Initial Logging Level for LOG.RDK.XCV:  FATAL ERROR WARNING NOTICE INFO
2023 Jun 15 07:22:31.993386 "rtrouted"[4610]:  230615-07:22:31.990352 [mod=OS, lvl=INFO] [tid=4610] Initial Logging Level for LOG.RDK.AKER:  FATAL ERROR WARNING NOTICE INFO
2023 Jun 15 07:22:31.993442 "rtrouted"[4610]:  230615-07:22:31.990375 [mod=OS, lvl=INFO] [tid=4610] Initial Logging Level for LOG.RDK.RTMESSAGE:  FATAL ERROR WARNING NOTICE INFO
2023 Jun 15 07:22:31.993498 "rtrouted"[4610]:  230615-07:22:31.990399 [mod=OS, lvl=INFO] [tid=4610] Initial Logging Level for LOG.RDK.RBUS:  FATAL ERROR WARNING NOTICE INFO
2023 Jun 15 07:22:31.993554 "rtrouted"[4610]:  230615-07:22:31.990422 [mod=OS, lvl=INFO] [tid=4610] Initial Logging Level for LOG.RDK.RBUSCORE:  FATAL ERROR WARNING NOTICE INFO
2023 Jun 15 07:22:31.993622 "rtrouted"[4610]:  230615-07:22:31.990451 [mod=OS, lvl=INFO] [tid=4610] Initial Logging Level for LOG.RDK.DYNAMICLOG:  FATAL ERROR WARNING NOTICE INFO
2023 Jun 15 07:22:31.993679 "rtrouted"[4610]:  230615-07:22:31.990474 [mod=OS, lvl=INFO] [tid=4610] Initial Logging Level for LOG.RDK.LEDMGR:  FATAL ERROR WARNING NOTICE INFO
2023 Jun 15 07:22:31.993736 "rtrouted"[4610]:  230615-07:22:31.990496 [mod=OS, lvl=INFO] [tid=4610] Initial Logging Level for LOG.RDK.DEVICECTL:  FATAL ERROR WARNING NOTICE INFO
2023 Jun 15 07:22:31.993792 "rtrouted"[4610]:  230615-07:22:31.990520 [mod=OS, lvl=INFO] [tid=4610] Initial Logging Level for LOG.RDK.XWCONFIG:  FATAL ERROR WARNING NOTICE INFO
2023 Jun 15 07:22:31.993849 "rtrouted"[4610]:  230615-07:22:31.990555 [mod=OS, lvl=INFO] [tid=4610] Initial Logging Level for LOG.RDK.LIBSYSCALLWRAPPER:  FATAL ERROR WARNING NOTICE INFO DEBUG
2023 Jun 15 07:22:31.993986 "rtrouted"[4610]:  230615-07:22:31.990586 [mod=OS, lvl=INFO] [tid=4610] Initial Logging Level for LOG.RDK.PRVNMGR:  FATAL ERROR WARNING NOTICE INFO
2023 Jun 15 07:22:31.994047 "rtrouted"[4610]:  230615-07:22:31.990611 [mod=OS, lvl=INFO] [tid=4610] Initial Logging Level for LOG.RDK.SPDTST:  FATAL ERROR WARNING NOTICE INFO DEBUG TRACE1 TRACE2 TRACE3 TRACE4 TRACE5 TRACE6 TRACE7 TRACE8 TRACE9
2023 Jun 15 07:22:31.994116 "rtrouted"[4610]:  230615-07:22:31.990634 [mod=OS, lvl=INFO] [tid=4610] Initial Logging Level for LOG.RDK.BREAKPAD:  FATAL ERROR WARNING NOTICE INFO DEBUG
2023 Jun 15 07:22:31.994175 "rtrouted"[4610]:  230615-07:22:31.990656 [mod=OS, lvl=INFO] [tid=4610] Initial Logging Level for LOG.RDK.BLE:  FATAL ERROR WARNING NOTICE INFO DEBUG
2023 Jun 15 07:22:31.994240 "rtrouted"[4610]:  230615-07:22:31.990678 [mod=OS, lvl=INFO] [tid=4610] Initial Logging Level for LOG.RDK.HWST:  ERROR
2023 Jun 15 07:22:31.994297 "rtrouted"[4610]:  230615-07:22:31.990700 [mod=OS, lvl=INFO] [tid=4610] Initial Logging Level for LOG.RDK.IAVENCODER:  FATAL ERROR WARNING NOTICE INFO
2023 Jun 15 07:22:31.994354 "rtrouted"[4610]:  230615-07:22:31.990724 [mod=OS, lvl=INFO] [tid=4610] Initial Logging Level for LOG.RDK.WEBCONFIG:  FATAL ERROR WARNING NOTICE INFO
2023 Jun 15 07:22:31.994422 "rtrouted"[4610]:  230615-07:22:31.990748 [mod=OS, lvl=INFO] [tid=4610] Initial Logging Level for LOG.RDK.WATCHDOG:  FATAL ERROR WARNING NOTICE INFO
2023 Jun 15 07:22:31.994482 "rtrouted"[4610]:  230615-07:22:31.990773 [mod=OS, lvl=INFO] [tid=4610] Initial Logging Level for LOG.RDK.SMARTRC:  FATAL ERROR WARNING NOTICE INFO
2023 Jun 15 07:22:31.994538 "rtrouted"[4610]:  230615-07:22:31.990803 [mod=OS, lvl=INFO] [tid=4610] Initial Logging Level for LOG.RDK.XSTREAM:  FATAL ERROR WARNING NOTICE INFO
2023 Jun 15 07:22:31.994607 "rtrouted"[4610]:  230615-07:22:31.990829 [mod=OS, lvl=INFO] [tid=4610] Initial Logging Level for LOG.RDK.XAUDIO:  FATAL ERROR WARNING NOTICE INFO
2023 Jun 15 07:22:31.994679 "rtrouted"[4610]:  230615-07:22:31.990852 [mod=OS, lvl=INFO] [tid=4610] Initial Logging Level for LOG.RDK.XSENSOR:  FATAL ERROR WARNING NOTICE INFO
2023 Jun 15 07:22:31.994749 "rtrouted"[4610]:  230615-07:22:31.990875 [mod=OS, lvl=INFO] [tid=4610] Initial Logging Level for LOG.RDK.BATTMGR:  FATAL ERROR WARNING NOTICE INFO
2023 Jun 15 07:22:31.994817 "rtrouted"[4610]:  230615-07:22:31.990900 [mod=OS, lvl=INFO] [tid=4610] Initial Logging Level for LOG.RDK.BUTTONMGR:  FATAL ERROR WARNING NOTICE INFO
2023 Jun 15 07:22:31.994947 "rtrouted"[4610]:  230615-07:22:31.990923 [mod=OS, lvl=INFO] [tid=4610] Initial Logging Level for LOG.RDK.ADVSEC:  FATAL ERROR WARNING NOTICE INFO DEBUG
2023 Jun 15 07:22:31.995118 "rtrouted"[4610]:  230615-07:22:31.990956 [mod=OS, lvl=INFO] [tid=4610] Initial Logging Level for LOG.RDK.XDNS:  FATAL ERROR WARNING NOTICE INFO DEBUG TRACE1 TRACE2 TRACE3 TRACE4 TRACE5 TRACE6 TRACE7 TRACE8 TRACE9
2023 Jun 15 07:22:31.995180 "rtrouted"[4610]:  230615-07:22:31.990979 [mod=OS, lvl=INFO] [tid=4610] Initial Logging Level for LOG.RDK.XWBANDMON:  FATAL ERROR WARNING NOTICE INFO
2023 Jun 15 07:22:31.995239 "rtrouted"[4610]:  230615-07:22:31.991001 [mod=OS, lvl=INFO] [tid=4610] Initial Logging Level for LOG.RDK.XWWATCHDOG:  FATAL ERROR WARNING NOTICE INFO
2023 Jun 15 07:22:31.995297 "rtrouted"[4610]:  230615-07:22:31.991023 [mod=OS, lvl=INFO] [tid=4610] Initial Logging Level for LOG.RDK.SYSTIMEMGR:  FATAL ERROR WARNING NOTICE INFO
2023 Jun 15 07:22:31.995355 "rtrouted"[4610]:  230615-07:22:31.991045 [mod=OS, lvl=INFO] [tid=4610] Initial Logging Level for LOG.RDK.DHCP:  FATAL ERROR WARNING NOTICE INFO DEBUG
2023 Jun 15 07:22:31.995413 "rtrouted"[4610]:  230615-07:22:31.991067 [mod=OS, lvl=INFO] [tid=4610] Initial Logging Level for LOG.RDK.T2:  FATAL ERROR WARNING NOTICE INFO
2023 Jun 15 07:22:31.995471 "rtrouted"[4610]:  230615-07:22:31.991103 [mod=OS, lvl=INFO] [tid=4610] Initial Logging Level for LOG.RDK.MEDIAPIPE:  FATAL ERROR WARNING NOTICE INFO
2023 Jun 15 07:22:31.995541 "rtrouted"[4610]:  230615-07:22:31.991127 [mod=OS, lvl=INFO] [tid=4610] Initial Logging Level for LOG.RDK.FWUPG:  FATAL ERROR WARNING NOTICE INFO
2023 Jun 15 07:22:31.995600 "rtrouted"[4610]:  230615-07:22:31.991152 [mod=OS, lvl=INFO] [tid=4610] Initial Logging Level for LOG.RDK.REMOTEDEBUGGER:  FATAL ERROR WARNING NOTICE INFO DEBUG
2023 Jun 15 07:22:31.995658 "rtrouted"[4610]:  230615-07:22:31.991177 [mod=OS, lvl=INFO] [tid=4610] Initial Logging Level for LOG.RDK.RDKCPROVIDER:  FATAL ERROR WARNING NOTICE INFO
2023 Jun 15 07:22:31.995715 "rtrouted"[4610]:  230615-07:22:31.991200 [mod=OS, lvl=INFO] [tid=4610] Initial Logging Level for LOG.RDK.WANCNCTVTYCHK:  FATAL ERROR WARNING NOTICE INFO
2023 Jun 15 07:22:31.995773 "rtrouted"[4610]:  230615-07:22:31.991221 [mod=OS, lvl=INFO] [tid=4610] Initial Logging Level for LOG.RDK.NLMON:  FATAL ERROR WARNING NOTICE INFO
2023 Jun 15 07:22:31.995831 "rtrouted"[4610]:  230615-07:22:31.991243 [mod=OS, lvl=INFO] [tid=4610] Initial Logging Level for LOG.RDK.DCM:  FATAL ERROR WARNING NOTICE INFO
2023 Jun 15 07:22:31.995890 "rtrouted"[4610]:  230615-07:22:31.991266 [mod=OS, lvl=INFO] [tid=4610] Initial Logging Level for LOG.RDK.SUBS.REND:  FATAL ERROR WARNING INFO
2023 Jun 15 07:22:31.995949 "rtrouted"[4610]:  230615-07:22:31.991295 [mod=OS, lvl=INFO] [tid=4610] Initial Logging Level for LOG.RDK.SUBS.GFX:  FATAL ERROR WARNING INFO
2023 Jun 15 07:22:32.004585 "rtrouted"[4610]:  230615-07:22:31.991324 [mod=OS, lvl=INFO] [tid=4610] Initial Logging Level for LOG.RDK.SUBS.CORE:  FATAL ERROR WARNING INFO
2023 Jun 15 07:22:32.004745 "rtrouted"[4610]:  230615-07:22:31.991358 [mod=OS, lvl=INFO] [tid=4610] -=-=-=-=-=-=-=-=-=-=-=-=-=-=-=-=-=-
2023 Jun 15 07:28:01.009396 "rtrouted"[4610]:  230615-07:28:01.008386 [mod=RTMESSAGE, lvl=WARN] [tid=4639] read:Connection reset by peer
2023 Jun 15 07:28:01.009533 "rtrouted"[4610]:  230615-07:28:01.008386 [mod=RTMESSAGE, lvl=WARN] [tid=4639] read:Connection reset by peer
2023 Jun 15 07:28:01.009642 "rtrouted"[4610]:  230615-07:28:01.008510 [mod=RTMESSAGE, lvl=WARN] [tid=4639] client identity:unix://:0/13 name:rbus.telemetry2_0_client.INBOX.19260
2023 Jun 15 07:28:01.009699 "rtrouted"[4610]:  230615-07:28:01.008510 [mod=RTMESSAGE, lvl=WARN] [tid=4639] client identity:unix://:0/13 name:rbus.telemetry2_0_client.INBOX.19260
