2023 Jun 15 07:22:33.861610 sh[5208]:  RFC_ENABLE_MOCASSH:
Restarting Dropbear due to global ip address changes
Restarting Dropbear due to global ip address changes
Restarting Dropbear due to global ip address changes
Restarting Dropbear due to global ip address changes
Restarting Dropbear due to global ip address changes
Restarting Dropbear due to global ip address changes
Restarting Dropbear due to global ip address changes
Restarting Dropbear due to global ip address changes
2023 Jun 15 07:22:39.298702 sh[7090]:  RFC_ENABLE_MOCASSH:true
Restarting Dropbear due to global ip address changes
2023 Jun 15 07:22:41.975700 sh[8154]:  RFC_ENABLE_MOCASSH:true
Restarting Dropbear due to global ip address changes
2023 Jun 15 07:22:43.090428 sh[8565]:  RFC_ENABLE_MOCASSH:true
2023 Jun 15 07:22:48.525221 dropbear[9630]:  Running in background
2023 Jun 15 07:23:18.631959 dropbear[12308]:  Child connection from 2601:9c0:57f:fd20:aa4a:63ff:fe1e:5ade:58356
2023 Jun 15 07:23:18.883001 dropbear[12308]:  Pubkey auth succeeded for 'root' with key sha1!! cb:b6:ab:d6:04:69:c4:6b:d4:b0:1b:74:7c:fe:1a:6a:2f:68:d7:18 from 2601:9c0:57f:fd20:aa4a:63ff:fe1e:5ade:58356
2023 Jun 15 07:23:19.028282 dropbear[12308]:  Exit (root): Disconnect received
2023 Jun 15 07:23:19.977116 dropbear[12428]:  Child connection from 2601:9c0:57f:fd20:aa4a:63ff:fe1e:5ade:58360
2023 Jun 15 07:23:20.340068 dropbear[12428]:  Pubkey auth succeeded for 'root' with key sha1!! cb:b6:ab:d6:04:69:c4:6b:d4:b0:1b:74:7c:fe:1a:6a:2f:68:d7:18 from 2601:9c0:57f:fd20:aa4a:63ff:fe1e:5ade:58360
2023 Jun 15 07:23:20.501569 dropbear[12428]:  Exit (root): Disconnect received
2023 Jun 15 07:23:21.905565 dropbear[12637]:  Child connection from 2601:9c0:57f:fd20:aa4a:63ff:fe1e:5ade:58390
2023 Jun 15 07:23:22.173904 dropbear[12637]:  Pubkey auth succeeded for 'root' with key sha1!! cb:b6:ab:d6:04:69:c4:6b:d4:b0:1b:74:7c:fe:1a:6a:2f:68:d7:18 from 2601:9c0:57f:fd20:aa4a:63ff:fe1e:5ade:58390
2023 Jun 15 07:23:22.312230 dropbear[12637]:  Exit (root): Disconnect received
2023 Jun 15 07:23:23.286677 dropbear[12738]:  Child connection from 2601:9c0:57f:fd20:aa4a:63ff:fe1e:5ade:58404
2023 Jun 15 07:23:23.619294 dropbear[12738]:  Pubkey auth succeeded for 'root' with key sha1!! cb:b6:ab:d6:04:69:c4:6b:d4:b0:1b:74:7c:fe:1a:6a:2f:68:d7:18 from 2601:9c0:57f:fd20:aa4a:63ff:fe1e:5ade:58404
2023 Jun 15 07:23:23.756643 dropbear[12738]:  Exit (root): Disconnect received
2023 Jun 15 07:23:25.475431 dropbear[12823]:  Child connection from 2601:9c0:57f:fd20:aa4a:63ff:fe1e:5ade:58408
2023 Jun 15 07:23:25.810151 dropbear[12823]:  Pubkey auth succeeded for 'root' with key sha1!! cb:b6:ab:d6:04:69:c4:6b:d4:b0:1b:74:7c:fe:1a:6a:2f:68:d7:18 from 2601:9c0:57f:fd20:aa4a:63ff:fe1e:5ade:58408
2023 Jun 15 07:23:25.943286 dropbear[12823]:  Exit (root): Disconnect received
2023 Jun 15 07:26:37.640335 dropbear[17981]:  Child connection from 2601:9c0:57f:fd20:aa4a:63ff:fe1e:5ade:58736
2023 Jun 15 07:26:37.960058 dropbear[17981]:  Pubkey auth succeeded for 'root' with key sha1!! cb:b6:ab:d6:04:69:c4:6b:d4:b0:1b:74:7c:fe:1a:6a:2f:68:d7:18 from 2601:9c0:57f:fd20:aa4a:63ff:fe1e:5ade:58736
2023 Jun 15 07:26:38.094236 dropbear[17981]:  Exit (root): Disconnect received
2023 Jun 15 07:26:38.927240 dropbear[17990]:  Child connection from 2601:9c0:57f:fd20:aa4a:63ff:fe1e:5ade:58738
2023 Jun 15 07:26:39.249498 dropbear[17990]:  Pubkey auth succeeded for 'root' with key sha1!! cb:b6:ab:d6:04:69:c4:6b:d4:b0:1b:74:7c:fe:1a:6a:2f:68:d7:18 from 2601:9c0:57f:fd20:aa4a:63ff:fe1e:5ade:58738
2023 Jun 15 07:26:39.381572 dropbear[17990]:  Exit (root): Disconnect received
2023 Jun 15 07:26:40.211912 dropbear[18014]:  Child connection from 2601:9c0:57f:fd20:aa4a:63ff:fe1e:5ade:58746
2023 Jun 15 07:26:40.546024 dropbear[18014]:  Pubkey auth succeeded for 'root' with key sha1!! cb:b6:ab:d6:04:69:c4:6b:d4:b0:1b:74:7c:fe:1a:6a:2f:68:d7:18 from 2601:9c0:57f:fd20:aa4a:63ff:fe1e:5ade:58746
2023 Jun 15 07:26:40.678981 dropbear[18014]:  Exit (root): Disconnect received
2023 Jun 15 07:26:41.635328 dropbear[18020]:  Child connection from 2601:9c0:57f:fd20:aa4a:63ff:fe1e:5ade:58748
2023 Jun 15 07:26:41.970086 dropbear[18020]:  Pubkey auth succeeded for 'root' with key sha1!! cb:b6:ab:d6:04:69:c4:6b:d4:b0:1b:74:7c:fe:1a:6a:2f:68:d7:18 from 2601:9c0:57f:fd20:aa4a:63ff:fe1e:5ade:58748
2023 Jun 15 07:26:42.094507 dropbear[18020]:  Exit (root): Disconnect received
2023 Jun 15 07:26:42.980749 dropbear[18030]:  Child connection from 2601:9c0:57f:fd20:aa4a:63ff:fe1e:5ade:58750
2023 Jun 15 07:26:43.300608 dropbear[18030]:  Pubkey auth succeeded for 'root' with key sha1!! cb:b6:ab:d6:04:69:c4:6b:d4:b0:1b:74:7c:fe:1a:6a:2f:68:d7:18 from 2601:9c0:57f:fd20:aa4a:63ff:fe1e:5ade:58750
2023 Jun 15 07:26:43.436487 dropbear[18030]:  Exit (root): Disconnect received
2023 Jun 15 07:26:44.334669 dropbear[18036]:  Child connection from 2601:9c0:57f:fd20:aa4a:63ff:fe1e:5ade:58752
2023 Jun 15 07:26:44.583374 dropbear[18036]:  Pubkey auth succeeded for 'root' with key sha1!! cb:b6:ab:d6:04:69:c4:6b:d4:b0:1b:74:7c:fe:1a:6a:2f:68:d7:18 from 2601:9c0:57f:fd20:aa4a:63ff:fe1e:5ade:58752
2023 Jun 15 07:26:44.718003 dropbear[18036]:  Exit (root): Disconnect received
2023 Jun 15 07:26:45.749928 dropbear[18054]:  Child connection from 2601:9c0:57f:fd20:aa4a:63ff:fe1e:5ade:58754
2023 Jun 15 07:26:46.085035 dropbear[18054]:  Pubkey auth succeeded for 'root' with key sha1!! cb:b6:ab:d6:04:69:c4:6b:d4:b0:1b:74:7c:fe:1a:6a:2f:68:d7:18 from 2601:9c0:57f:fd20:aa4a:63ff:fe1e:5ade:58754
2023 Jun 15 07:26:46.350002 dropbear[18054]:  Exit (root): Disconnect received
2023 Jun 15 07:26:47.275286 dropbear[18061]:  Child connection from 2601:9c0:57f:fd20:aa4a:63ff:fe1e:5ade:58756
2023 Jun 15 07:26:47.617190 dropbear[18061]:  Pubkey auth succeeded for 'root' with key sha1!! cb:b6:ab:d6:04:69:c4:6b:d4:b0:1b:74:7c:fe:1a:6a:2f:68:d7:18 from 2601:9c0:57f:fd20:aa4a:63ff:fe1e:5ade:58756
2023 Jun 15 07:26:47.749773 dropbear[18061]:  Exit (root): Disconnect received
2023 Jun 15 07:26:48.677290 dropbear[18071]:  Child connection from 2601:9c0:57f:fd20:aa4a:63ff:fe1e:5ade:58758
2023 Jun 15 07:26:49.014304 dropbear[18071]:  Pubkey auth succeeded for 'root' with key sha1!! cb:b6:ab:d6:04:69:c4:6b:d4:b0:1b:74:7c:fe:1a:6a:2f:68:d7:18 from 2601:9c0:57f:fd20:aa4a:63ff:fe1e:5ade:58758
2023 Jun 15 07:26:49.159125 dropbear[18071]:  Exit (root): Disconnect received
2023 Jun 15 07:28:07.133612 dropbear[19329]:  Child connection from 2601:9c0:57f:fd20:aa4a:63ff:fe1e:5ade:58798
2023 Jun 15 07:28:07.455209 dropbear[19329]:  Pubkey auth succeeded for 'root' with key sha1!! cb:b6:ab:d6:04:69:c4:6b:d4:b0:1b:74:7c:fe:1a:6a:2f:68:d7:18 from 2601:9c0:57f:fd20:aa4a:63ff:fe1e:5ade:58798
2023 Jun 15 07:28:07.589800 dropbear[19329]:  Exit (root): Disconnect received
2023 Jun 15 07:28:08.504227 dropbear[19341]:  Child connection from 2601:9c0:57f:fd20:aa4a:63ff:fe1e:5ade:58800
2023 Jun 15 07:28:08.763655 dropbear[19341]:  Pubkey auth succeeded for 'root' with key sha1!! cb:b6:ab:d6:04:69:c4:6b:d4:b0:1b:74:7c:fe:1a:6a:2f:68:d7:18 from 2601:9c0:57f:fd20:aa4a:63ff:fe1e:5ade:58800
2023 Jun 15 07:28:08.923764 dropbear[19341]:  Exit (root): Disconnect received
2023 Jun 15 07:29:09.815384 dropbear[20874]:  Child connection from 2601:9c0:57f:fd20:aa4a:63ff:fe1e:5ade:58840
2023 Jun 15 07:29:10.128387 dropbear[20874]:  Pubkey auth succeeded for 'root' with key sha1!! cb:b6:ab:d6:04:69:c4:6b:d4:b0:1b:74:7c:fe:1a:6a:2f:68:d7:18 from 2601:9c0:57f:fd20:aa4a:63ff:fe1e:5ade:58840
2023 Jun 15 07:29:10.263672 dropbear[20874]:  Exit (root): Disconnect received
2023 Jun 15 07:29:11.134506 dropbear[20881]:  Child connection from 2601:9c0:57f:fd20:aa4a:63ff:fe1e:5ade:58842
2023 Jun 15 07:29:11.387311 dropbear[20881]:  Pubkey auth succeeded for 'root' with key sha1!! cb:b6:ab:d6:04:69:c4:6b:d4:b0:1b:74:7c:fe:1a:6a:2f:68:d7:18 from 2601:9c0:57f:fd20:aa4a:63ff:fe1e:5ade:58842
2023 Jun 15 07:29:11.564558 dropbear[20881]:  Exit (root): Disconnect received
2023 Jun 15 07:29:14.498391 dropbear[20898]:  Child connection from 2601:9c0:57f:fd20:aa4a:63ff:fe1e:5ade:58844
2023 Jun 15 07:29:14.828045 dropbear[20898]:  Pubkey auth succeeded for 'root' with key sha1!! cb:b6:ab:d6:04:69:c4:6b:d4:b0:1b:74:7c:fe:1a:6a:2f:68:d7:18 from 2601:9c0:57f:fd20:aa4a:63ff:fe1e:5ade:58844
2023 Jun 15 07:29:14.963498 dropbear[20898]:  Exit (root): Disconnect received
2023 Jun 15 07:29:15.858161 dropbear[20908]:  Child connection from 2601:9c0:57f:fd20:aa4a:63ff:fe1e:5ade:58846
2023 Jun 15 07:29:16.192946 dropbear[20908]:  Pubkey auth succeeded for 'root' with key sha1!! cb:b6:ab:d6:04:69:c4:6b:d4:b0:1b:74:7c:fe:1a:6a:2f:68:d7:18 from 2601:9c0:57f:fd20:aa4a:63ff:fe1e:5ade:58846
2023 Jun 15 07:29:16.462863 dropbear[20908]:  Exit (root): Disconnect received
2023 Jun 15 07:29:17.337121 dropbear[20923]:  Child connection from 2601:9c0:57f:fd20:aa4a:63ff:fe1e:5ade:58848
2023 Jun 15 07:29:17.664403 dropbear[20923]:  Pubkey auth succeeded for 'root' with key sha1!! cb:b6:ab:d6:04:69:c4:6b:d4:b0:1b:74:7c:fe:1a:6a:2f:68:d7:18 from 2601:9c0:57f:fd20:aa4a:63ff:fe1e:5ade:58848
2023 Jun 15 07:29:17.798860 dropbear[20923]:  Exit (root): Disconnect received
2023 Jun 15 07:29:18.653783 dropbear[20929]:  Child connection from 2601:9c0:57f:fd20:aa4a:63ff:fe1e:5ade:58850
2023 Jun 15 07:29:18.899034 dropbear[20929]:  Pubkey auth succeeded for 'root' with key sha1!! cb:b6:ab:d6:04:69:c4:6b:d4:b0:1b:74:7c:fe:1a:6a:2f:68:d7:18 from 2601:9c0:57f:fd20:aa4a:63ff:fe1e:5ade:58850
2023 Jun 15 07:29:19.517987 dropbear[20929]:  Exit (root): Disconnect received
2023 Jun 15 07:29:30.810681 dropbear[21337]:  Child connection from 2601:9c0:57f:fd20:aa4a:63ff:fe1e:5ade:58876
2023 Jun 15 07:29:31.135361 dropbear[21337]:  Pubkey auth succeeded for 'root' with key sha1!! cb:b6:ab:d6:04:69:c4:6b:d4:b0:1b:74:7c:fe:1a:6a:2f:68:d7:18 from 2601:9c0:57f:fd20:aa4a:63ff:fe1e:5ade:58876
2023 Jun 15 07:29:31.270865 dropbear[21337]:  Exit (root): Disconnect received
2023 Jun 15 07:29:32.191110 dropbear[21362]:  Child connection from 2601:9c0:57f:fd20:aa4a:63ff:fe1e:5ade:58878
2023 Jun 15 07:29:32.523654 dropbear[21362]:  Pubkey auth succeeded for 'root' with key sha1!! cb:b6:ab:d6:04:69:c4:6b:d4:b0:1b:74:7c:fe:1a:6a:2f:68:d7:18 from 2601:9c0:57f:fd20:aa4a:63ff:fe1e:5ade:58878
2023 Jun 15 07:29:32.788541 dropbear[21362]:  Exit (root): Disconnect received
2023 Jun 15 07:29:33.642563 dropbear[21369]:  Child connection from 2601:9c0:57f:fd20:aa4a:63ff:fe1e:5ade:58880
2023 Jun 15 07:29:33.867594 dropbear[21369]:  Pubkey auth succeeded for 'root' with key sha1!! cb:b6:ab:d6:04:69:c4:6b:d4:b0:1b:74:7c:fe:1a:6a:2f:68:d7:18 from 2601:9c0:57f:fd20:aa4a:63ff:fe1e:5ade:58880
2023 Jun 15 07:29:34.002727 dropbear[21369]:  Exit (root): Disconnect received
2023 Jun 15 07:29:34.891012 dropbear[21380]:  Child connection from 2601:9c0:57f:fd20:aa4a:63ff:fe1e:5ade:58882
2023 Jun 15 07:29:35.210819 dropbear[21380]:  Pubkey auth succeeded for 'root' with key sha1!! cb:b6:ab:d6:04:69:c4:6b:d4:b0:1b:74:7c:fe:1a:6a:2f:68:d7:18 from 2601:9c0:57f:fd20:aa4a:63ff:fe1e:5ade:58882
2023 Jun 15 07:29:37.408576 dropbear[21380]:  Exit (root): Disconnect received
2023 Jun 15 07:29:39.061488 dropbear[21436]:  Child connection from 2601:9c0:57f:fd20:aa4a:63ff:fe1e:5ade:58892
2023 Jun 15 07:29:39.310749 dropbear[21436]:  Pubkey auth succeeded for 'root' with key sha1!! cb:b6:ab:d6:04:69:c4:6b:d4:b0:1b:74:7c:fe:1a:6a:2f:68:d7:18 from 2601:9c0:57f:fd20:aa4a:63ff:fe1e:5ade:58892
2023 Jun 15 07:29:39.449577 dropbear[21436]:  Exit (root): Disconnect received
2023 Jun 15 07:29:40.352670 dropbear[21456]:  Child connection from 2601:9c0:57f:fd20:aa4a:63ff:fe1e:5ade:58906
2023 Jun 15 07:29:40.685841 dropbear[21456]:  Pubkey auth succeeded for 'root' with key sha1!! cb:b6:ab:d6:04:69:c4:6b:d4:b0:1b:74:7c:fe:1a:6a:2f:68:d7:18 from 2601:9c0:57f:fd20:aa4a:63ff:fe1e:5ade:58906
2023 Jun 15 07:29:41.345583 dropbear[21456]:  Exit (root): Disconnect received
2023 Jun 15 07:29:42.202917 dropbear[21464]:  Child connection from 2601:9c0:57f:fd20:aa4a:63ff:fe1e:5ade:58908
2023 Jun 15 07:29:42.508021 dropbear[21464]:  Pubkey auth succeeded for 'root' with key sha1!! cb:b6:ab:d6:04:69:c4:6b:d4:b0:1b:74:7c:fe:1a:6a:2f:68:d7:18 from 2601:9c0:57f:fd20:aa4a:63ff:fe1e:5ade:58908
2023 Jun 15 07:29:42.631732 dropbear[21464]:  Exit (root): Disconnect received
2023 Jun 15 07:29:43.508276 dropbear[21479]:  Child connection from 2601:9c0:57f:fd20:aa4a:63ff:fe1e:5ade:58912
2023 Jun 15 07:29:43.762582 dropbear[21479]:  Pubkey auth succeeded for 'root' with key sha1!! cb:b6:ab:d6:04:69:c4:6b:d4:b0:1b:74:7c:fe:1a:6a:2f:68:d7:18 from 2601:9c0:57f:fd20:aa4a:63ff:fe1e:5ade:58912
2023 Jun 15 07:29:43.898551 dropbear[21479]:  Exit (root): Disconnect received
2023 Jun 15 07:29:44.778785 dropbear[21483]:  Child connection from 2601:9c0:57f:fd20:aa4a:63ff:fe1e:5ade:58914
2023 Jun 15 07:29:45.102771 dropbear[21483]:  Pubkey auth succeeded for 'root' with key sha1!! cb:b6:ab:d6:04:69:c4:6b:d4:b0:1b:74:7c:fe:1a:6a:2f:68:d7:18 from 2601:9c0:57f:fd20:aa4a:63ff:fe1e:5ade:58914
2023 Jun 15 07:29:45.234350 dropbear[21483]:  Exit (root): Disconnect received
2023 Jun 15 07:29:46.250528 dropbear[21495]:  Child connection from 2601:9c0:57f:fd20:aa4a:63ff:fe1e:5ade:58916
2023 Jun 15 07:29:46.582647 dropbear[21495]:  Pubkey auth succeeded for 'root' with key sha1!! cb:b6:ab:d6:04:69:c4:6b:d4:b0:1b:74:7c:fe:1a:6a:2f:68:d7:18 from 2601:9c0:57f:fd20:aa4a:63ff:fe1e:5ade:58916
2023 Jun 15 07:29:46.730483 dropbear[21495]:  Exit (root): Disconnect received
2023 Jun 15 07:29:47.615268 dropbear[21507]:  Child connection from 2601:9c0:57f:fd20:aa4a:63ff:fe1e:5ade:58918
2023 Jun 15 07:29:47.864460 dropbear[21507]:  Pubkey auth succeeded for 'root' with key sha1!! cb:b6:ab:d6:04:69:c4:6b:d4:b0:1b:74:7c:fe:1a:6a:2f:68:d7:18 from 2601:9c0:57f:fd20:aa4a:63ff:fe1e:5ade:58918
2023 Jun 15 07:29:47.998525 dropbear[21507]:  Exit (root): Disconnect received
2023 Jun 15 07:29:48.877744 dropbear[21517]:  Child connection from 2601:9c0:57f:fd20:aa4a:63ff:fe1e:5ade:58920
2023 Jun 15 07:29:49.142749 dropbear[21517]:  Pubkey auth succeeded for 'root' with key sha1!! cb:b6:ab:d6:04:69:c4:6b:d4:b0:1b:74:7c:fe:1a:6a:2f:68:d7:18 from 2601:9c0:57f:fd20:aa4a:63ff:fe1e:5ade:58920
2023 Jun 15 07:29:49.450265 dropbear[21517]:  Exit (root): Disconnect received
2023 Jun 15 07:29:50.426862 dropbear[21523]:  Child connection from 2601:9c0:57f:fd20:aa4a:63ff:fe1e:5ade:58924
2023 Jun 15 07:29:50.680957 dropbear[21523]:  Pubkey auth succeeded for 'root' with key sha1!! cb:b6:ab:d6:04:69:c4:6b:d4:b0:1b:74:7c:fe:1a:6a:2f:68:d7:18 from 2601:9c0:57f:fd20:aa4a:63ff:fe1e:5ade:58924
2023 Jun 15 07:29:50.893182 dropbear[21523]:  Exit (root): Disconnect received
2023 Jun 15 07:29:51.670031 dropbear[21545]:  Child connection from 2601:9c0:57f:fd20:aa4a:63ff:fe1e:5ade:58928
2023 Jun 15 07:29:51.994942 dropbear[21545]:  Pubkey auth succeeded for 'root' with key sha1!! cb:b6:ab:d6:04:69:c4:6b:d4:b0:1b:74:7c:fe:1a:6a:2f:68:d7:18 from 2601:9c0:57f:fd20:aa4a:63ff:fe1e:5ade:58928
2023 Jun 15 07:29:52.129829 dropbear[21545]:  Exit (root): Disconnect received
2023 Jun 15 07:29:53.026140 dropbear[21559]:  Child connection from 2601:9c0:57f:fd20:aa4a:63ff:fe1e:5ade:58930
2023 Jun 15 07:29:53.272704 dropbear[21559]:  Pubkey auth succeeded for 'root' with key sha1!! cb:b6:ab:d6:04:69:c4:6b:d4:b0:1b:74:7c:fe:1a:6a:2f:68:d7:18 from 2601:9c0:57f:fd20:aa4a:63ff:fe1e:5ade:58930
2023 Jun 15 07:29:53.407342 dropbear[21559]:  Exit (root): Disconnect received
2023 Jun 15 07:29:54.224704 dropbear[21565]:  Child connection from 2601:9c0:57f:fd20:aa4a:63ff:fe1e:5ade:58932
2023 Jun 15 07:29:54.545277 dropbear[21565]:  Pubkey auth succeeded for 'root' with key sha1!! cb:b6:ab:d6:04:69:c4:6b:d4:b0:1b:74:7c:fe:1a:6a:2f:68:d7:18 from 2601:9c0:57f:fd20:aa4a:63ff:fe1e:5ade:58932
2023 Jun 15 07:29:54.679487 dropbear[21565]:  Exit (root): Disconnect received
2023 Jun 15 07:30:22.807149 dropbear[22711]:  Child connection from 2601:9c0:57f:fd20:aa4a:63ff:fe1e:5ade:58952
2023 Jun 15 07:30:23.134351 dropbear[22711]:  Pubkey auth succeeded for 'root' with key sha1!! cb:b6:ab:d6:04:69:c4:6b:d4:b0:1b:74:7c:fe:1a:6a:2f:68:d7:18 from 2601:9c0:57f:fd20:aa4a:63ff:fe1e:5ade:58952
2023 Jun 15 07:30:23.270058 dropbear[22711]:  Exit (root): Disconnect received
2023 Jun 15 07:30:24.344031 dropbear[22744]:  Child connection from 2601:9c0:57f:fd20:aa4a:63ff:fe1e:5ade:58956
2023 Jun 15 07:30:24.688078 dropbear[22744]:  Pubkey auth succeeded for 'root' with key sha1!! cb:b6:ab:d6:04:69:c4:6b:d4:b0:1b:74:7c:fe:1a:6a:2f:68:d7:18 from 2601:9c0:57f:fd20:aa4a:63ff:fe1e:5ade:58956
2023 Jun 15 07:30:24.847409 dropbear[22744]:  Exit (root): Disconnect received
2023 Jun 15 07:30:26.277399 dropbear[22754]:  Child connection from 2601:9c0:57f:fd20:aa4a:63ff:fe1e:5ade:58958
2023 Jun 15 07:30:26.305997 dropbear[22756]:  Child connection from 2601:9c0:57f:fd20:aa4a:63ff:fe1e:5ade:58960
2023 Jun 15 07:30:26.620029 dropbear[22754]:  Pubkey auth succeeded for 'root' with key sha1!! cb:b6:ab:d6:04:69:c4:6b:d4:b0:1b:74:7c:fe:1a:6a:2f:68:d7:18 from 2601:9c0:57f:fd20:aa4a:63ff:fe1e:5ade:58958
2023 Jun 15 07:30:26.659881 dropbear[22756]:  Pubkey auth succeeded for 'root' with key sha1!! cb:b6:ab:d6:04:69:c4:6b:d4:b0:1b:74:7c:fe:1a:6a:2f:68:d7:18 from 2601:9c0:57f:fd20:aa4a:63ff:fe1e:5ade:58960
2023 Jun 15 07:30:26.880320 dropbear[22754]:  Exit (root): Disconnect received
2023 Jun 15 07:30:26.880970 dropbear[22756]:  Exit (root): Disconnect received
2023 Jun 15 07:30:28.035380 dropbear[22885]:  Child connection from 2601:9c0:57f:fd20:aa4a:63ff:fe1e:5ade:58964
2023 Jun 15 07:30:28.064578 dropbear[22886]:  Child connection from 2601:9c0:57f:fd20:aa4a:63ff:fe1e:5ade:58966
2023 Jun 15 07:30:28.368174 dropbear[22886]:  Pubkey auth succeeded for 'root' with key sha1!! cb:b6:ab:d6:04:69:c4:6b:d4:b0:1b:74:7c:fe:1a:6a:2f:68:d7:18 from 2601:9c0:57f:fd20:aa4a:63ff:fe1e:5ade:58966
2023 Jun 15 07:30:28.409354 dropbear[22885]:  Pubkey auth succeeded for 'root' with key sha1!! cb:b6:ab:d6:04:69:c4:6b:d4:b0:1b:74:7c:fe:1a:6a:2f:68:d7:18 from 2601:9c0:57f:fd20:aa4a:63ff:fe1e:5ade:58964
2023 Jun 15 07:30:28.558383 dropbear[22886]:  Exit (root): Disconnect received
2023 Jun 15 07:30:28.590830 dropbear[22885]:  Exit (root): Disconnect received
2023 Jun 15 07:30:29.583010 dropbear[22903]:  Child connection from 2601:9c0:57f:fd20:aa4a:63ff:fe1e:5ade:58968
2023 Jun 15 07:30:29.640757 dropbear[22905]:  Child connection from 2601:9c0:57f:fd20:aa4a:63ff:fe1e:5ade:58970
2023 Jun 15 07:30:29.939405 dropbear[22903]:  Pubkey auth succeeded for 'root' with key sha1!! cb:b6:ab:d6:04:69:c4:6b:d4:b0:1b:74:7c:fe:1a:6a:2f:68:d7:18 from 2601:9c0:57f:fd20:aa4a:63ff:fe1e:5ade:58968
2023 Jun 15 07:30:29.982002 dropbear[22905]:  Pubkey auth succeeded for 'root' with key sha1!! cb:b6:ab:d6:04:69:c4:6b:d4:b0:1b:74:7c:fe:1a:6a:2f:68:d7:18 from 2601:9c0:57f:fd20:aa4a:63ff:fe1e:5ade:58970
2023 Jun 15 07:30:30.133665 dropbear[22903]:  Exit (root): Disconnect received
2023 Jun 15 07:30:30.166892 dropbear[22905]:  Exit (root): Disconnect received
2023 Jun 15 07:30:31.067270 dropbear[23136]:  Child connection from 2601:9c0:57f:fd20:aa4a:63ff:fe1e:5ade:58976
2023 Jun 15 07:30:31.156197 dropbear[23137]:  Child connection from 2601:9c0:57f:fd20:aa4a:63ff:fe1e:5ade:58978
2023 Jun 15 07:30:31.400291 dropbear[23136]:  Pubkey auth succeeded for 'root' with key sha1!! cb:b6:ab:d6:04:69:c4:6b:d4:b0:1b:74:7c:fe:1a:6a:2f:68:d7:18 from 2601:9c0:57f:fd20:aa4a:63ff:fe1e:5ade:58976
2023 Jun 15 07:30:31.497932 dropbear[23137]:  Pubkey auth succeeded for 'root' with key sha1!! cb:b6:ab:d6:04:69:c4:6b:d4:b0:1b:74:7c:fe:1a:6a:2f:68:d7:18 from 2601:9c0:57f:fd20:aa4a:63ff:fe1e:5ade:58978
2023 Jun 15 07:30:31.645510 dropbear[23137]:  Exit (root): Disconnect received
2023 Jun 15 07:30:32.992726 dropbear[23148]:  Child connection from 2601:9c0:57f:fd20:aa4a:63ff:fe1e:5ade:58980
2023 Jun 15 07:30:33.312906 dropbear[23148]:  Pubkey auth succeeded for 'root' with key sha1!! cb:b6:ab:d6:04:69:c4:6b:d4:b0:1b:74:7c:fe:1a:6a:2f:68:d7:18 from 2601:9c0:57f:fd20:aa4a:63ff:fe1e:5ade:58980
2023 Jun 15 07:30:33.449768 dropbear[23148]:  Exit (root): Disconnect received
2023 Jun 15 07:30:34.363643 dropbear[23164]:  Child connection from 2601:9c0:57f:fd20:aa4a:63ff:fe1e:5ade:58982
2023 Jun 15 07:30:34.636651 dropbear[23164]:  Pubkey auth succeeded for 'root' with key sha1!! cb:b6:ab:d6:04:69:c4:6b:d4:b0:1b:74:7c:fe:1a:6a:2f:68:d7:18 from 2601:9c0:57f:fd20:aa4a:63ff:fe1e:5ade:58982
2023 Jun 15 07:30:35.161671 dropbear[23164]:  Exit (root): Disconnect received
2023 Jun 15 07:30:36.679805 dropbear[23195]:  Child connection from 2601:9c0:57f:fd20:aa4a:63ff:fe1e:5ade:58984
2023 Jun 15 07:30:37.005588 dropbear[23195]:  Pubkey auth succeeded for 'root' with key sha1!! cb:b6:ab:d6:04:69:c4:6b:d4:b0:1b:74:7c:fe:1a:6a:2f:68:d7:18 from 2601:9c0:57f:fd20:aa4a:63ff:fe1e:5ade:58984
2023 Jun 15 07:30:37.137583 dropbear[23195]:  Exit (root): Disconnect received
2023 Jun 15 07:30:38.424790 dropbear[23212]:  Child connection from 2601:9c0:57f:fd20:aa4a:63ff:fe1e:5ade:58986
2023 Jun 15 07:30:38.693402 dropbear[23212]:  Pubkey auth succeeded for 'root' with key sha1!! cb:b6:ab:d6:04:69:c4:6b:d4:b0:1b:74:7c:fe:1a:6a:2f:68:d7:18 from 2601:9c0:57f:fd20:aa4a:63ff:fe1e:5ade:58986
2023 Jun 15 07:30:38.896555 dropbear[23212]:  Exit (root): Disconnect received
2023 Jun 15 07:30:39.748584 dropbear[23228]:  Child connection from 2601:9c0:57f:fd20:aa4a:63ff:fe1e:5ade:58988
2023 Jun 15 07:30:40.127971 dropbear[23228]:  Pubkey auth succeeded for 'root' with key sha1!! cb:b6:ab:d6:04:69:c4:6b:d4:b0:1b:74:7c:fe:1a:6a:2f:68:d7:18 from 2601:9c0:57f:fd20:aa4a:63ff:fe1e:5ade:58988
2023 Jun 15 07:30:40.293868 dropbear[23228]:  Exit (root): Disconnect received
2023 Jun 15 07:30:41.747991 dropbear[23240]:  Child connection from 2601:9c0:57f:fd20:aa4a:63ff:fe1e:5ade:58998
2023 Jun 15 07:30:42.019008 dropbear[23240]:  Pubkey auth succeeded for 'root' with key sha1!! cb:b6:ab:d6:04:69:c4:6b:d4:b0:1b:74:7c:fe:1a:6a:2f:68:d7:18 from 2601:9c0:57f:fd20:aa4a:63ff:fe1e:5ade:58998
2023 Jun 15 07:30:42.201209 dropbear[23240]:  Exit (root): Disconnect received
2023 Jun 15 07:30:43.082356 dropbear[23250]:  Child connection from 2601:9c0:57f:fd20:aa4a:63ff:fe1e:5ade:59000
2023 Jun 15 07:30:43.457997 dropbear[23250]:  Pubkey auth succeeded for 'root' with key sha1!! cb:b6:ab:d6:04:69:c4:6b:d4:b0:1b:74:7c:fe:1a:6a:2f:68:d7:18 from 2601:9c0:57f:fd20:aa4a:63ff:fe1e:5ade:59000
2023 Jun 15 07:30:43.595692 dropbear[23250]:  Exit (root): Disconnect received
2023 Jun 15 07:30:44.576748 dropbear[23256]:  Child connection from 2601:9c0:57f:fd20:aa4a:63ff:fe1e:5ade:59002
2023 Jun 15 07:30:44.806214 dropbear[23256]:  Pubkey auth succeeded for 'root' with key sha1!! cb:b6:ab:d6:04:69:c4:6b:d4:b0:1b:74:7c:fe:1a:6a:2f:68:d7:18 from 2601:9c0:57f:fd20:aa4a:63ff:fe1e:5ade:59002
2023 Jun 15 07:30:44.938184 dropbear[23256]:  Exit (root): Disconnect received
2023 Jun 15 07:30:45.804568 dropbear[23272]:  Child connection from 2601:9c0:57f:fd20:aa4a:63ff:fe1e:5ade:59004
2023 Jun 15 07:30:46.134738 dropbear[23272]:  Pubkey auth succeeded for 'root' with key sha1!! cb:b6:ab:d6:04:69:c4:6b:d4:b0:1b:74:7c:fe:1a:6a:2f:68:d7:18 from 2601:9c0:57f:fd20:aa4a:63ff:fe1e:5ade:59004
2023 Jun 15 07:30:46.270272 dropbear[23272]:  Exit (root): Disconnect received
2023 Jun 15 07:30:57.145922 dropbear[23329]:  Child connection from 2601:9c0:57f:fd20:aa4a:63ff:fe1e:5ade:59008
2023 Jun 15 07:30:57.483187 dropbear[23329]:  Pubkey auth succeeded for 'root' with key sha1!! cb:b6:ab:d6:04:69:c4:6b:d4:b0:1b:74:7c:fe:1a:6a:2f:68:d7:18 from 2601:9c0:57f:fd20:aa4a:63ff:fe1e:5ade:59008
2023 Jun 15 07:30:57.619518 dropbear[23329]:  Exit (root): Disconnect received
2023 Jun 15 07:30:58.527056 dropbear[23339]:  Child connection from 2601:9c0:57f:fd20:aa4a:63ff:fe1e:5ade:59010
2023 Jun 15 07:30:58.768936 dropbear[23339]:  Pubkey auth succeeded for 'root' with key sha1!! cb:b6:ab:d6:04:69:c4:6b:d4:b0:1b:74:7c:fe:1a:6a:2f:68:d7:18 from 2601:9c0:57f:fd20:aa4a:63ff:fe1e:5ade:59010
2023 Jun 15 07:30:58.902854 dropbear[23339]:  Exit (root): Disconnect received
2023 Jun 15 07:31:04.718499 dropbear[23427]:  Child connection from 2601:9c0:57f:fd20:aa4a:63ff:fe1e:5ade:59030
2023 Jun 15 07:31:04.979133 dropbear[23427]:  Pubkey auth succeeded for 'root' with key sha1!! cb:b6:ab:d6:04:69:c4:6b:d4:b0:1b:74:7c:fe:1a:6a:2f:68:d7:18 from 2601:9c0:57f:fd20:aa4a:63ff:fe1e:5ade:59030
2023 Jun 15 07:31:05.144652 dropbear[23427]:  Exit (root): Disconnect received
2023 Jun 15 07:31:06.029396 dropbear[23443]:  Child connection from 2601:9c0:57f:fd20:aa4a:63ff:fe1e:5ade:59032
2023 Jun 15 07:31:06.333915 dropbear[23443]:  Pubkey auth succeeded for 'root' with key sha1!! cb:b6:ab:d6:04:69:c4:6b:d4:b0:1b:74:7c:fe:1a:6a:2f:68:d7:18 from 2601:9c0:57f:fd20:aa4a:63ff:fe1e:5ade:59032
2023 Jun 15 07:31:06.597063 dropbear[23443]:  Exit (root): Disconnect received
2023 Jun 15 07:31:07.470466 dropbear[23468]:  Child connection from 2601:9c0:57f:fd20:aa4a:63ff:fe1e:5ade:59034
2023 Jun 15 07:31:07.715422 dropbear[23468]:  Pubkey auth succeeded for 'root' with key sha1!! cb:b6:ab:d6:04:69:c4:6b:d4:b0:1b:74:7c:fe:1a:6a:2f:68:d7:18 from 2601:9c0:57f:fd20:aa4a:63ff:fe1e:5ade:59034
2023 Jun 15 07:31:07.899352 dropbear[23468]:  Exit (root): Disconnect received
2023 Jun 15 07:31:08.706214 dropbear[23474]:  Child connection from 2601:9c0:57f:fd20:aa4a:63ff:fe1e:5ade:59036
2023 Jun 15 07:31:08.958726 dropbear[23474]:  Pubkey auth succeeded for 'root' with key sha1!! cb:b6:ab:d6:04:69:c4:6b:d4:b0:1b:74:7c:fe:1a:6a:2f:68:d7:18 from 2601:9c0:57f:fd20:aa4a:63ff:fe1e:5ade:59036
2023 Jun 15 07:31:11.113037 dropbear[23474]:  Exit (root): Disconnect received
2023 Jun 15 07:31:12.316877 dropbear[23504]:  Child connection from 2601:9c0:57f:fd20:aa4a:63ff:fe1e:5ade:59050
2023 Jun 15 07:31:12.574130 dropbear[23504]:  Pubkey auth succeeded for 'root' with key sha1!! cb:b6:ab:d6:04:69:c4:6b:d4:b0:1b:74:7c:fe:1a:6a:2f:68:d7:18 from 2601:9c0:57f:fd20:aa4a:63ff:fe1e:5ade:59050
2023 Jun 15 07:31:12.713600 dropbear[23504]:  Exit (root): Disconnect received
2023 Jun 15 07:31:13.688739 dropbear[23514]:  Child connection from 2601:9c0:57f:fd20:aa4a:63ff:fe1e:5ade:59054
2023 Jun 15 07:31:13.969693 dropbear[23514]:  Pubkey auth succeeded for 'root' with key sha1!! cb:b6:ab:d6:04:69:c4:6b:d4:b0:1b:74:7c:fe:1a:6a:2f:68:d7:18 from 2601:9c0:57f:fd20:aa4a:63ff:fe1e:5ade:59054
2023 Jun 15 07:31:14.317218 dropbear[23514]:  Exit (root): Disconnect received
2023 Jun 15 07:31:15.303879 dropbear[23584]:  Child connection from 2601:9c0:57f:fd20:aa4a:63ff:fe1e:5ade:59056
2023 Jun 15 07:31:15.564019 dropbear[23584]:  Pubkey auth succeeded for 'root' with key sha1!! cb:b6:ab:d6:04:69:c4:6b:d4:b0:1b:74:7c:fe:1a:6a:2f:68:d7:18 from 2601:9c0:57f:fd20:aa4a:63ff:fe1e:5ade:59056
2023 Jun 15 07:31:15.774084 dropbear[23584]:  Exit (root): Disconnect received
2023 Jun 15 07:31:16.604697 dropbear[23602]:  Child connection from 2601:9c0:57f:fd20:aa4a:63ff:fe1e:5ade:59058
2023 Jun 15 07:31:16.910051 dropbear[23602]:  Pubkey auth succeeded for 'root' with key sha1!! cb:b6:ab:d6:04:69:c4:6b:d4:b0:1b:74:7c:fe:1a:6a:2f:68:d7:18 from 2601:9c0:57f:fd20:aa4a:63ff:fe1e:5ade:59058
2023 Jun 15 07:31:17.559511 dropbear[23602]:  Exit (root): Disconnect received
2023 Jun 15 07:31:33.467712 dropbear[23997]:  Child connection from 2601:9c0:57f:fd20:aa4a:63ff:fe1e:5ade:59066
2023 Jun 15 07:31:33.817698 dropbear[23997]:  Pubkey auth succeeded for 'root' with key sha1!! cb:b6:ab:d6:04:69:c4:6b:d4:b0:1b:74:7c:fe:1a:6a:2f:68:d7:18 from 2601:9c0:57f:fd20:aa4a:63ff:fe1e:5ade:59066
2023 Jun 15 07:31:33.950113 dropbear[23997]:  Exit (root): Disconnect received
2023 Jun 15 07:31:34.851274 dropbear[24008]:  Child connection from 2601:9c0:57f:fd20:aa4a:63ff:fe1e:5ade:59068
2023 Jun 15 07:31:35.116996 dropbear[24008]:  Pubkey auth succeeded for 'root' with key sha1!! cb:b6:ab:d6:04:69:c4:6b:d4:b0:1b:74:7c:fe:1a:6a:2f:68:d7:18 from 2601:9c0:57f:fd20:aa4a:63ff:fe1e:5ade:59068
2023 Jun 15 07:31:35.235063 dropbear[24008]:  Exit (root): Disconnect received
2023 Jun 15 07:31:41.220282 dropbear[24055]:  Child connection from 2601:9c0:57f:fd20:aa4a:63ff:fe1e:5ade:59076
2023 Jun 15 07:31:41.524813 dropbear[24055]:  Pubkey auth succeeded for 'root' with key sha1!! cb:b6:ab:d6:04:69:c4:6b:d4:b0:1b:74:7c:fe:1a:6a:2f:68:d7:18 from 2601:9c0:57f:fd20:aa4a:63ff:fe1e:5ade:59076
2023 Jun 15 07:31:41.661181 dropbear[24055]:  Exit (root): Disconnect received
2023 Jun 15 07:31:42.734305 dropbear[24069]:  Child connection from 2601:9c0:57f:fd20:aa4a:63ff:fe1e:5ade:59078
2023 Jun 15 07:31:42.915940 dropbear[24074]:  Child connection from 2601:9c0:57f:fd20:aa4a:63ff:fe1e:5ade:59080
2023 Jun 15 07:31:43.047967 dropbear[24069]:  Pubkey auth succeeded for 'root' with key sha1!! cb:b6:ab:d6:04:69:c4:6b:d4:b0:1b:74:7c:fe:1a:6a:2f:68:d7:18 from 2601:9c0:57f:fd20:aa4a:63ff:fe1e:5ade:59078
2023 Jun 15 07:31:43.228646 dropbear[24069]:  Exit (root): Disconnect received
2023 Jun 15 07:31:43.296089 dropbear[24074]:  Pubkey auth succeeded for 'root' with key sha1!! cb:b6:ab:d6:04:69:c4:6b:d4:b0:1b:74:7c:fe:1a:6a:2f:68:d7:18 from 2601:9c0:57f:fd20:aa4a:63ff:fe1e:5ade:59080
2023 Jun 15 07:31:43.480960 dropbear[24074]:  Exit (root): Disconnect received
2023 Jun 15 07:31:44.210776 dropbear[24085]:  Child connection from 2601:9c0:57f:fd20:aa4a:63ff:fe1e:5ade:59082
2023 Jun 15 07:31:44.486407 dropbear[24086]:  Child connection from 2601:9c0:57f:fd20:aa4a:63ff:fe1e:5ade:59084
2023 Jun 15 07:31:44.578110 dropbear[24085]:  Pubkey auth succeeded for 'root' with key sha1!! cb:b6:ab:d6:04:69:c4:6b:d4:b0:1b:74:7c:fe:1a:6a:2f:68:d7:18 from 2601:9c0:57f:fd20:aa4a:63ff:fe1e:5ade:59082
2023 Jun 15 07:31:44.790047 dropbear[24086]:  Pubkey auth succeeded for 'root' with key sha1!! cb:b6:ab:d6:04:69:c4:6b:d4:b0:1b:74:7c:fe:1a:6a:2f:68:d7:18 from 2601:9c0:57f:fd20:aa4a:63ff:fe1e:5ade:59084
2023 Jun 15 07:31:44.981949 dropbear[24086]:  Exit (root): Disconnect received
2023 Jun 15 07:31:45.142119 dropbear[24085]:  Exit (root): Disconnect received
2023 Jun 15 07:31:59.744777 dropbear[25267]:  Child connection from 2601:9c0:57f:fd20:aa4a:63ff:fe1e:5ade:59268
2023 Jun 15 07:32:00.048790 dropbear[25267]:  Pubkey auth succeeded for 'root' with key sha1!! cb:b6:ab:d6:04:69:c4:6b:d4:b0:1b:74:7c:fe:1a:6a:2f:68:d7:18 from 2601:9c0:57f:fd20:aa4a:63ff:fe1e:5ade:59268
2023 Jun 15 07:32:00.182135 dropbear[25267]:  Exit (root): Disconnect received
2023 Jun 15 07:32:01.140195 dropbear[25415]:  Child connection from 2601:9c0:57f:fd20:aa4a:63ff:fe1e:5ade:59294
2023 Jun 15 07:32:01.552450 dropbear[25415]:  Pubkey auth succeeded for 'root' with key sha1!! cb:b6:ab:d6:04:69:c4:6b:d4:b0:1b:74:7c:fe:1a:6a:2f:68:d7:18 from 2601:9c0:57f:fd20:aa4a:63ff:fe1e:5ade:59294
2023 Jun 15 07:32:01.897953 dropbear[25415]:  Exit (root): Disconnect received
2023 Jun 15 07:32:02.792873 dropbear[25673]:  Child connection from 2601:9c0:57f:fd20:aa4a:63ff:fe1e:5ade:59350
2023 Jun 15 07:32:03.092176 dropbear[25673]:  Pubkey auth succeeded for 'root' with key sha1!! cb:b6:ab:d6:04:69:c4:6b:d4:b0:1b:74:7c:fe:1a:6a:2f:68:d7:18 from 2601:9c0:57f:fd20:aa4a:63ff:fe1e:5ade:59350
2023 Jun 15 07:32:03.281155 dropbear[25673]:  Exit (root): Disconnect received
2023 Jun 15 07:32:04.240815 dropbear[25928]:  Child connection from 2601:9c0:57f:fd20:aa4a:63ff:fe1e:5ade:59364
2023 Jun 15 07:32:04.594693 dropbear[25928]:  Pubkey auth succeeded for 'root' with key sha1!! cb:b6:ab:d6:04:69:c4:6b:d4:b0:1b:74:7c:fe:1a:6a:2f:68:d7:18 from 2601:9c0:57f:fd20:aa4a:63ff:fe1e:5ade:59364
2023 Jun 15 07:32:04.815277 dropbear[25928]:  Exit (root): Disconnect received
2023 Jun 15 07:32:06.159302 dropbear[26181]:  Child connection from 2601:9c0:57f:fd20:aa4a:63ff:fe1e:5ade:59484
2023 Jun 15 07:32:06.459131 dropbear[26181]:  Pubkey auth succeeded for 'root' with key sha1!! cb:b6:ab:d6:04:69:c4:6b:d4:b0:1b:74:7c:fe:1a:6a:2f:68:d7:18 from 2601:9c0:57f:fd20:aa4a:63ff:fe1e:5ade:59484
2023 Jun 15 07:32:06.593275 dropbear[26181]:  Exit (root): Disconnect received
2023 Jun 15 07:32:07.344155 dropbear[26268]:  Child connection from 2601:9c0:57f:fd20:aa4a:63ff:fe1e:5ade:59494
2023 Jun 15 07:32:07.549690 dropbear[26275]:  Child connection from 2601:9c0:57f:fd20:aa4a:63ff:fe1e:5ade:59498
2023 Jun 15 07:32:07.746476 dropbear[26268]:  Pubkey auth succeeded for 'root' with key sha1!! cb:b6:ab:d6:04:69:c4:6b:d4:b0:1b:74:7c:fe:1a:6a:2f:68:d7:18 from 2601:9c0:57f:fd20:aa4a:63ff:fe1e:5ade:59494
2023 Jun 15 07:32:07.907941 dropbear[26275]:  Pubkey auth succeeded for 'root' with key sha1!! cb:b6:ab:d6:04:69:c4:6b:d4:b0:1b:74:7c:fe:1a:6a:2f:68:d7:18 from 2601:9c0:57f:fd20:aa4a:63ff:fe1e:5ade:59498
2023 Jun 15 07:32:07.925919 dropbear[26268]:  Exit (root): Disconnect received
2023 Jun 15 07:32:08.249027 dropbear[26275]:  Exit (root): Disconnect received
2023 Jun 15 07:32:08.877629 dropbear[26306]:  Child connection from 2601:9c0:57f:fd20:aa4a:63ff:fe1e:5ade:59500
2023 Jun 15 07:32:09.042995 dropbear[26307]:  Child connection from 2601:9c0:57f:fd20:aa4a:63ff:fe1e:5ade:59502
2023 Jun 15 07:32:09.204575 dropbear[26306]:  Pubkey auth succeeded for 'root' with key sha1!! cb:b6:ab:d6:04:69:c4:6b:d4:b0:1b:74:7c:fe:1a:6a:2f:68:d7:18 from 2601:9c0:57f:fd20:aa4a:63ff:fe1e:5ade:59500
2023 Jun 15 07:32:09.371545 dropbear[26307]:  Pubkey auth succeeded for 'root' with key sha1!! cb:b6:ab:d6:04:69:c4:6b:d4:b0:1b:74:7c:fe:1a:6a:2f:68:d7:18 from 2601:9c0:57f:fd20:aa4a:63ff:fe1e:5ade:59502
2023 Jun 15 07:32:09.413104 dropbear[26306]:  Exit (root): Disconnect received
2023 Jun 15 07:32:09.573015 dropbear[26307]:  Exit (root): Disconnect received
2023 Jun 15 07:32:10.231171 dropbear[26391]:  Child connection from 2601:9c0:57f:fd20:aa4a:63ff:fe1e:5ade:59538
2023 Jun 15 07:32:10.424512 dropbear[26405]:  Child connection from 2601:9c0:57f:fd20:aa4a:63ff:fe1e:5ade:59540
2023 Jun 15 07:32:10.610083 dropbear[26391]:  Pubkey auth succeeded for 'root' with key sha1!! cb:b6:ab:d6:04:69:c4:6b:d4:b0:1b:74:7c:fe:1a:6a:2f:68:d7:18 from 2601:9c0:57f:fd20:aa4a:63ff:fe1e:5ade:59538
2023 Jun 15 07:32:10.810866 dropbear[26405]:  Pubkey auth succeeded for 'root' with key sha1!! cb:b6:ab:d6:04:69:c4:6b:d4:b0:1b:74:7c:fe:1a:6a:2f:68:d7:18 from 2601:9c0:57f:fd20:aa4a:63ff:fe1e:5ade:59540
2023 Jun 15 07:32:10.841709 dropbear[26391]:  Exit (root): Disconnect received
2023 Jun 15 07:32:11.167924 dropbear[26405]:  Exit (root): Disconnect received
2023 Jun 15 07:32:11.616905 dropbear[26540]:  Child connection from 2601:9c0:57f:fd20:aa4a:63ff:fe1e:5ade:59562
2023 Jun 15 07:32:11.921285 dropbear[26540]:  Pubkey auth succeeded for 'root' with key sha1!! cb:b6:ab:d6:04:69:c4:6b:d4:b0:1b:74:7c:fe:1a:6a:2f:68:d7:18 from 2601:9c0:57f:fd20:aa4a:63ff:fe1e:5ade:59562
2023 Jun 15 07:32:12.028559 dropbear[26540]:  Exit (root): Disconnect received
2023 Jun 15 07:32:13.408210 dropbear[26644]:  Child connection from 2601:9c0:57f:fd20:aa4a:63ff:fe1e:5ade:59588
2023 Jun 15 07:32:13.774280 dropbear[26644]:  Pubkey auth succeeded for 'root' with key sha1!! cb:b6:ab:d6:04:69:c4:6b:d4:b0:1b:74:7c:fe:1a:6a:2f:68:d7:18 from 2601:9c0:57f:fd20:aa4a:63ff:fe1e:5ade:59588
2023 Jun 15 07:32:13.912229 dropbear[26644]:  Exit (root): Disconnect received
2023 Jun 15 07:32:14.880758 dropbear[26698]:  Child connection from 2601:9c0:57f:fd20:aa4a:63ff:fe1e:5ade:59590
2023 Jun 15 07:32:15.131243 dropbear[26698]:  Pubkey auth succeeded for 'root' with key sha1!! cb:b6:ab:d6:04:69:c4:6b:d4:b0:1b:74:7c:fe:1a:6a:2f:68:d7:18 from 2601:9c0:57f:fd20:aa4a:63ff:fe1e:5ade:59590
2023 Jun 15 07:32:15.609364 dropbear[26698]:  Exit (root): Disconnect received
2023 Jun 15 07:32:45.897732 dropbear[28741]:  Child connection from 2601:9c0:57f:fd20:aa4a:63ff:fe1e:5ade:59772
2023 Jun 15 07:32:46.277471 dropbear[28741]:  Pubkey auth succeeded for 'root' with key sha1!! cb:b6:ab:d6:04:69:c4:6b:d4:b0:1b:74:7c:fe:1a:6a:2f:68:d7:18 from 2601:9c0:57f:fd20:aa4a:63ff:fe1e:5ade:59772
2023 Jun 15 07:32:46.434478 dropbear[28741]:  Exit (root): Disconnect received
2023 Jun 15 07:32:47.607399 dropbear[28868]:  Child connection from 2601:9c0:57f:fd20:aa4a:63ff:fe1e:5ade:59808
2023 Jun 15 07:32:48.003831 dropbear[28868]:  Pubkey auth succeeded for 'root' with key sha1!! cb:b6:ab:d6:04:69:c4:6b:d4:b0:1b:74:7c:fe:1a:6a:2f:68:d7:18 from 2601:9c0:57f:fd20:aa4a:63ff:fe1e:5ade:59808
2023 Jun 15 07:32:48.138752 dropbear[28868]:  Exit (root): Disconnect received
2023 Jun 15 07:32:49.050523 dropbear[28908]:  Child connection from 2601:9c0:57f:fd20:aa4a:63ff:fe1e:5ade:59908
2023 Jun 15 07:32:49.399642 dropbear[28908]:  Pubkey auth succeeded for 'root' with key sha1!! cb:b6:ab:d6:04:69:c4:6b:d4:b0:1b:74:7c:fe:1a:6a:2f:68:d7:18 from 2601:9c0:57f:fd20:aa4a:63ff:fe1e:5ade:59908
2023 Jun 15 07:32:49.618816 dropbear[28908]:  Exit (root): Disconnect received
2023 Jun 15 07:33:01.700519 dropbear[30156]:  Child connection from 2601:9c0:57f:fd20:aa4a:63ff:fe1e:5ade:60158
2023 Jun 15 07:33:01.954285 dropbear[30156]:  Pubkey auth succeeded for 'root' with key sha1!! cb:b6:ab:d6:04:69:c4:6b:d4:b0:1b:74:7c:fe:1a:6a:2f:68:d7:18 from 2601:9c0:57f:fd20:aa4a:63ff:fe1e:5ade:60158
2023 Jun 15 07:33:02.091620 dropbear[30156]:  Exit (root): Disconnect received
2023 Jun 15 07:33:03.047051 dropbear[30231]:  Child connection from 2601:9c0:57f:fd20:aa4a:63ff:fe1e:5ade:60162
2023 Jun 15 07:33:03.352656 dropbear[30231]:  Pubkey auth succeeded for 'root' with key sha1!! cb:b6:ab:d6:04:69:c4:6b:d4:b0:1b:74:7c:fe:1a:6a:2f:68:d7:18 from 2601:9c0:57f:fd20:aa4a:63ff:fe1e:5ade:60162
2023 Jun 15 07:33:03.494100 dropbear[30231]:  Exit (root): Disconnect received
2023 Jun 15 07:33:06.401591 dropbear[30633]:  Child connection from 2601:9c0:57f:fd20:aa4a:63ff:fe1e:5ade:60186
2023 Jun 15 07:33:06.728494 dropbear[30633]:  Pubkey auth succeeded for 'root' with key sha1!! cb:b6:ab:d6:04:69:c4:6b:d4:b0:1b:74:7c:fe:1a:6a:2f:68:d7:18 from 2601:9c0:57f:fd20:aa4a:63ff:fe1e:5ade:60186
2023 Jun 15 07:33:06.945490 dropbear[30633]:  Exit (root): Disconnect received
2023 Jun 15 07:33:07.750837 dropbear[30671]:  Child connection from 2601:9c0:57f:fd20:aa4a:63ff:fe1e:5ade:60192
2023 Jun 15 07:33:08.118424 dropbear[30671]:  Pubkey auth succeeded for 'root' with key sha1!! cb:b6:ab:d6:04:69:c4:6b:d4:b0:1b:74:7c:fe:1a:6a:2f:68:d7:18 from 2601:9c0:57f:fd20:aa4a:63ff:fe1e:5ade:60192
2023 Jun 15 07:33:08.251008 dropbear[30671]:  Exit (root): Disconnect received
2023 Jun 15 07:33:09.096356 dropbear[30718]:  Child connection from 2601:9c0:57f:fd20:aa4a:63ff:fe1e:5ade:60194
2023 Jun 15 07:33:09.440617 dropbear[30718]:  Pubkey auth succeeded for 'root' with key sha1!! cb:b6:ab:d6:04:69:c4:6b:d4:b0:1b:74:7c:fe:1a:6a:2f:68:d7:18 from 2601:9c0:57f:fd20:aa4a:63ff:fe1e:5ade:60194
2023 Jun 15 07:33:09.634655 dropbear[30718]:  Exit (root): Disconnect received
2023 Jun 15 07:33:10.481924 dropbear[30752]:  Child connection from 2601:9c0:57f:fd20:aa4a:63ff:fe1e:5ade:60202
2023 Jun 15 07:33:10.807777 dropbear[30752]:  Pubkey auth succeeded for 'root' with key sha1!! cb:b6:ab:d6:04:69:c4:6b:d4:b0:1b:74:7c:fe:1a:6a:2f:68:d7:18 from 2601:9c0:57f:fd20:aa4a:63ff:fe1e:5ade:60202
2023 Jun 15 07:33:10.943815 dropbear[30752]:  Exit (root): Disconnect received
2023 Jun 15 07:33:12.553111 dropbear[30789]:  Child connection from 2601:9c0:57f:fd20:aa4a:63ff:fe1e:5ade:60216
2023 Jun 15 07:33:12.875598 dropbear[30789]:  Pubkey auth succeeded for 'root' with key sha1!! cb:b6:ab:d6:04:69:c4:6b:d4:b0:1b:74:7c:fe:1a:6a:2f:68:d7:18 from 2601:9c0:57f:fd20:aa4a:63ff:fe1e:5ade:60216
2023 Jun 15 07:33:12.993751 dropbear[30789]:  Exit (root): Disconnect received
2023 Jun 15 07:33:13.899727 dropbear[30845]:  Child connection from 2601:9c0:57f:fd20:aa4a:63ff:fe1e:5ade:60220
2023 Jun 15 07:33:14.226291 dropbear[30845]:  Pubkey auth succeeded for 'root' with key sha1!! cb:b6:ab:d6:04:69:c4:6b:d4:b0:1b:74:7c:fe:1a:6a:2f:68:d7:18 from 2601:9c0:57f:fd20:aa4a:63ff:fe1e:5ade:60220
2023 Jun 15 07:33:14.980827 dropbear[30845]:  Exit (root): Disconnect received
2023 Jun 15 07:33:18.505589 dropbear[30915]:  Child connection from 2601:9c0:57f:fd20:aa4a:63ff:fe1e:5ade:60252
2023 Jun 15 07:33:18.831525 dropbear[30915]:  Pubkey auth succeeded for 'root' with key sha1!! cb:b6:ab:d6:04:69:c4:6b:d4:b0:1b:74:7c:fe:1a:6a:2f:68:d7:18 from 2601:9c0:57f:fd20:aa4a:63ff:fe1e:5ade:60252
2023 Jun 15 07:33:19.021942 dropbear[30915]:  Exit (root): Disconnect received
2023 Jun 15 07:33:19.866524 dropbear[30929]:  Child connection from 2601:9c0:57f:fd20:aa4a:63ff:fe1e:5ade:60258
2023 Jun 15 07:33:20.125374 dropbear[30929]:  Pubkey auth succeeded for 'root' with key sha1!! cb:b6:ab:d6:04:69:c4:6b:d4:b0:1b:74:7c:fe:1a:6a:2f:68:d7:18 from 2601:9c0:57f:fd20:aa4a:63ff:fe1e:5ade:60258
2023 Jun 15 07:33:20.479061 dropbear[30929]:  Exit (root): Disconnect received
2023 Jun 15 07:33:21.355202 dropbear[30938]:  Child connection from 2601:9c0:57f:fd20:aa4a:63ff:fe1e:5ade:60262
2023 Jun 15 07:33:21.609155 dropbear[30938]:  Pubkey auth succeeded for 'root' with key sha1!! cb:b6:ab:d6:04:69:c4:6b:d4:b0:1b:74:7c:fe:1a:6a:2f:68:d7:18 from 2601:9c0:57f:fd20:aa4a:63ff:fe1e:5ade:60262
2023 Jun 15 07:33:21.743337 dropbear[30938]:  Exit (root): Disconnect received
2023 Jun 15 07:33:22.551071 dropbear[30972]:  Child connection from 2601:9c0:57f:fd20:aa4a:63ff:fe1e:5ade:60266
2023 Jun 15 07:33:22.801208 dropbear[30972]:  Pubkey auth succeeded for 'root' with key sha1!! cb:b6:ab:d6:04:69:c4:6b:d4:b0:1b:74:7c:fe:1a:6a:2f:68:d7:18 from 2601:9c0:57f:fd20:aa4a:63ff:fe1e:5ade:60266
2023 Jun 15 07:33:22.934550 dropbear[30972]:  Exit (root): Disconnect received
2023 Jun 15 07:33:23.748973 dropbear[30977]:  Child connection from 2601:9c0:57f:fd20:aa4a:63ff:fe1e:5ade:60268
2023 Jun 15 07:33:24.007989 dropbear[30977]:  Pubkey auth succeeded for 'root' with key sha1!! cb:b6:ab:d6:04:69:c4:6b:d4:b0:1b:74:7c:fe:1a:6a:2f:68:d7:18 from 2601:9c0:57f:fd20:aa4a:63ff:fe1e:5ade:60268
2023 Jun 15 07:33:24.143090 dropbear[30977]:  Exit (root): Disconnect received
2023 Jun 15 07:33:25.082082 dropbear[30988]:  Child connection from 2601:9c0:57f:fd20:aa4a:63ff:fe1e:5ade:60270
2023 Jun 15 07:33:25.311850 dropbear[30988]:  Pubkey auth succeeded for 'root' with key sha1!! cb:b6:ab:d6:04:69:c4:6b:d4:b0:1b:74:7c:fe:1a:6a:2f:68:d7:18 from 2601:9c0:57f:fd20:aa4a:63ff:fe1e:5ade:60270
2023 Jun 15 07:33:25.450693 dropbear[30988]:  Exit (root): Disconnect received
2023 Jun 15 07:33:25.636068 dropbear[30993]:  Child connection from 2601:9c0:57f:fd20:aa4a:63ff:fe1e:5ade:60272
2023 Jun 15 07:33:25.967319 dropbear[30993]:  Pubkey auth succeeded for 'root' with key sha1!! cb:b6:ab:d6:04:69:c4:6b:d4:b0:1b:74:7c:fe:1a:6a:2f:68:d7:18 from 2601:9c0:57f:fd20:aa4a:63ff:fe1e:5ade:60272
2023 Jun 15 07:33:26.103043 dropbear[30993]:  Exit (root): Disconnect received
2023 Jun 15 07:33:26.301037 dropbear[30999]:  Child connection from 2601:9c0:57f:fd20:aa4a:63ff:fe1e:5ade:60274
2023 Jun 15 07:33:26.640679 dropbear[30999]:  Pubkey auth succeeded for 'root' with key sha1!! cb:b6:ab:d6:04:69:c4:6b:d4:b0:1b:74:7c:fe:1a:6a:2f:68:d7:18 from 2601:9c0:57f:fd20:aa4a:63ff:fe1e:5ade:60274
2023 Jun 15 07:33:26.778795 dropbear[30999]:  Exit (root): Disconnect received
2023 Jun 15 07:33:26.945537 dropbear[31013]:  Child connection from 2601:9c0:57f:fd20:aa4a:63ff:fe1e:5ade:60276
2023 Jun 15 07:33:27.266292 dropbear[31013]:  Pubkey auth succeeded for 'root' with key sha1!! cb:b6:ab:d6:04:69:c4:6b:d4:b0:1b:74:7c:fe:1a:6a:2f:68:d7:18 from 2601:9c0:57f:fd20:aa4a:63ff:fe1e:5ade:60276
2023 Jun 15 07:33:27.461763 dropbear[31013]:  Exit (root): Disconnect received
2023 Jun 15 07:33:27.728466 dropbear[31125]:  Child connection from 2601:9c0:57f:fd20:aa4a:63ff:fe1e:5ade:60280
2023 Jun 15 07:33:28.057345 dropbear[31125]:  Pubkey auth succeeded for 'root' with key sha1!! cb:b6:ab:d6:04:69:c4:6b:d4:b0:1b:74:7c:fe:1a:6a:2f:68:d7:18 from 2601:9c0:57f:fd20:aa4a:63ff:fe1e:5ade:60280
2023 Jun 15 07:33:32.403563 dropbear[31125]:  Exit (root): Disconnect received
2023 Jun 15 07:33:33.264375 dropbear[31269]:  Child connection from 2601:9c0:57f:fd20:aa4a:63ff:fe1e:5ade:60284
2023 Jun 15 07:33:33.524660 dropbear[31269]:  Pubkey auth succeeded for 'root' with key sha1!! cb:b6:ab:d6:04:69:c4:6b:d4:b0:1b:74:7c:fe:1a:6a:2f:68:d7:18 from 2601:9c0:57f:fd20:aa4a:63ff:fe1e:5ade:60284
2023 Jun 15 07:33:33.658968 dropbear[31269]:  Exit (root): Disconnect received
2023 Jun 15 07:33:34.510289 dropbear[31446]:  Child connection from 2601:9c0:57f:fd20:aa4a:63ff:fe1e:5ade:60286
2023 Jun 15 07:33:34.835157 dropbear[31446]:  Pubkey auth succeeded for 'root' with key sha1!! cb:b6:ab:d6:04:69:c4:6b:d4:b0:1b:74:7c:fe:1a:6a:2f:68:d7:18 from 2601:9c0:57f:fd20:aa4a:63ff:fe1e:5ade:60286
2023 Jun 15 07:33:34.967829 dropbear[31446]:  Exit (root): Disconnect received
2023 Jun 15 07:33:35.888787 dropbear[31451]:  Child connection from 2601:9c0:57f:fd20:aa4a:63ff:fe1e:5ade:60288
2023 Jun 15 07:33:36.211616 dropbear[31451]:  Pubkey auth succeeded for 'root' with key sha1!! cb:b6:ab:d6:04:69:c4:6b:d4:b0:1b:74:7c:fe:1a:6a:2f:68:d7:18 from 2601:9c0:57f:fd20:aa4a:63ff:fe1e:5ade:60288
2023 Jun 15 07:33:36.346564 dropbear[31451]:  Exit (root): Disconnect received
2023 Jun 15 07:33:37.316634 dropbear[31489]:  Child connection from 2601:9c0:57f:fd20:aa4a:63ff:fe1e:5ade:60290
2023 Jun 15 07:33:37.569765 dropbear[31489]:  Pubkey auth succeeded for 'root' with key sha1!! cb:b6:ab:d6:04:69:c4:6b:d4:b0:1b:74:7c:fe:1a:6a:2f:68:d7:18 from 2601:9c0:57f:fd20:aa4a:63ff:fe1e:5ade:60290
2023 Jun 15 07:33:37.707587 dropbear[31489]:  Exit (root): Disconnect received
2023 Jun 15 07:33:38.972308 dropbear[31520]:  Child connection from 2601:9c0:57f:fd20:aa4a:63ff:fe1e:5ade:60296
2023 Jun 15 07:33:39.349310 dropbear[31520]:  Pubkey auth succeeded for 'root' with key sha1!! cb:b6:ab:d6:04:69:c4:6b:d4:b0:1b:74:7c:fe:1a:6a:2f:68:d7:18 from 2601:9c0:57f:fd20:aa4a:63ff:fe1e:5ade:60296
2023 Jun 15 07:33:39.482136 dropbear[31520]:  Exit (root): Disconnect received
2023 Jun 15 07:33:40.398982 dropbear[31537]:  Child connection from 2601:9c0:57f:fd20:aa4a:63ff:fe1e:5ade:60302
2023 Jun 15 07:33:40.642877 dropbear[31537]:  Pubkey auth succeeded for 'root' with key sha1!! cb:b6:ab:d6:04:69:c4:6b:d4:b0:1b:74:7c:fe:1a:6a:2f:68:d7:18 from 2601:9c0:57f:fd20:aa4a:63ff:fe1e:5ade:60302
2023 Jun 15 07:33:41.292546 dropbear[31537]:  Exit (root): Disconnect received
2023 Jun 15 07:33:42.234592 dropbear[31545]:  Child connection from 2601:9c0:57f:fd20:aa4a:63ff:fe1e:5ade:60308
2023 Jun 15 07:33:42.562304 dropbear[31545]:  Pubkey auth succeeded for 'root' with key sha1!! cb:b6:ab:d6:04:69:c4:6b:d4:b0:1b:74:7c:fe:1a:6a:2f:68:d7:18 from 2601:9c0:57f:fd20:aa4a:63ff:fe1e:5ade:60308
2023 Jun 15 07:33:42.699189 dropbear[31545]:  Exit (root): Disconnect received
2023 Jun 15 07:33:43.545064 dropbear[31567]:  Child connection from 2601:9c0:57f:fd20:aa4a:63ff:fe1e:5ade:60310
2023 Jun 15 07:33:43.868065 dropbear[31567]:  Pubkey auth succeeded for 'root' with key sha1!! cb:b6:ab:d6:04:69:c4:6b:d4:b0:1b:74:7c:fe:1a:6a:2f:68:d7:18 from 2601:9c0:57f:fd20:aa4a:63ff:fe1e:5ade:60310
2023 Jun 15 07:33:44.002969 dropbear[31567]:  Exit (root): Disconnect received
2023 Jun 15 07:33:44.900854 dropbear[31574]:  Child connection from 2601:9c0:57f:fd20:aa4a:63ff:fe1e:5ade:60314
2023 Jun 15 07:33:45.204008 dropbear[31574]:  Pubkey auth succeeded for 'root' with key sha1!! cb:b6:ab:d6:04:69:c4:6b:d4:b0:1b:74:7c:fe:1a:6a:2f:68:d7:18 from 2601:9c0:57f:fd20:aa4a:63ff:fe1e:5ade:60314
2023 Jun 15 07:33:45.375792 dropbear[31574]:  Exit (root): Disconnect received
2023 Jun 15 07:33:46.235300 dropbear[31665]:  Child connection from 2601:9c0:57f:fd20:aa4a:63ff:fe1e:5ade:60318
2023 Jun 15 07:33:46.476058 dropbear[31665]:  Pubkey auth succeeded for 'root' with key sha1!! cb:b6:ab:d6:04:69:c4:6b:d4:b0:1b:74:7c:fe:1a:6a:2f:68:d7:18 from 2601:9c0:57f:fd20:aa4a:63ff:fe1e:5ade:60318
2023 Jun 15 07:33:46.610884 dropbear[31665]:  Exit (root): Disconnect received
2023 Jun 15 07:33:47.483661 dropbear[31671]:  Child connection from 2601:9c0:57f:fd20:aa4a:63ff:fe1e:5ade:60328
2023 Jun 15 07:33:47.728704 dropbear[31671]:  Pubkey auth succeeded for 'root' with key sha1!! cb:b6:ab:d6:04:69:c4:6b:d4:b0:1b:74:7c:fe:1a:6a:2f:68:d7:18 from 2601:9c0:57f:fd20:aa4a:63ff:fe1e:5ade:60328
2023 Jun 15 07:33:47.941727 dropbear[31671]:  Exit (root): Disconnect received
2023 Jun 15 07:33:48.850182 dropbear[31693]:  Child connection from 2601:9c0:57f:fd20:aa4a:63ff:fe1e:5ade:60336
2023 Jun 15 07:33:49.169241 dropbear[31693]:  Pubkey auth succeeded for 'root' with key sha1!! cb:b6:ab:d6:04:69:c4:6b:d4:b0:1b:74:7c:fe:1a:6a:2f:68:d7:18 from 2601:9c0:57f:fd20:aa4a:63ff:fe1e:5ade:60336
2023 Jun 15 07:33:49.303181 dropbear[31693]:  Exit (root): Disconnect received
2023 Jun 15 07:33:50.227017 dropbear[31704]:  Child connection from 2601:9c0:57f:fd20:aa4a:63ff:fe1e:5ade:60338
2023 Jun 15 07:33:50.507961 dropbear[31705]:  Child connection from 2601:9c0:57f:fd20:aa4a:63ff:fe1e:5ade:60340
2023 Jun 15 07:33:50.623920 dropbear[31704]:  Pubkey auth succeeded for 'root' with key sha1!! cb:b6:ab:d6:04:69:c4:6b:d4:b0:1b:74:7c:fe:1a:6a:2f:68:d7:18 from 2601:9c0:57f:fd20:aa4a:63ff:fe1e:5ade:60338
2023 Jun 15 07:33:50.833824 dropbear[31704]:  Exit (root): Disconnect received
2023 Jun 15 07:33:50.875829 dropbear[31705]:  Pubkey auth succeeded for 'root' with key sha1!! cb:b6:ab:d6:04:69:c4:6b:d4:b0:1b:74:7c:fe:1a:6a:2f:68:d7:18 from 2601:9c0:57f:fd20:aa4a:63ff:fe1e:5ade:60340
2023 Jun 15 07:33:51.082700 dropbear[31705]:  Exit (root): Disconnect received
2023 Jun 15 07:33:51.744885 dropbear[31717]:  Child connection from 2601:9c0:57f:fd20:aa4a:63ff:fe1e:5ade:60342
2023 Jun 15 07:33:52.080653 dropbear[31717]:  Pubkey auth succeeded for 'root' with key sha1!! cb:b6:ab:d6:04:69:c4:6b:d4:b0:1b:74:7c:fe:1a:6a:2f:68:d7:18 from 2601:9c0:57f:fd20:aa4a:63ff:fe1e:5ade:60342
2023 Jun 15 07:33:52.215319 dropbear[31717]:  Exit (root): Disconnect received
2023 Jun 15 07:33:52.290566 dropbear[31746]:  Child connection from 2601:9c0:57f:fd20:aa4a:63ff:fe1e:5ade:60350
2023 Jun 15 07:33:52.548904 dropbear[31746]:  Pubkey auth succeeded for 'root' with key sha1!! cb:b6:ab:d6:04:69:c4:6b:d4:b0:1b:74:7c:fe:1a:6a:2f:68:d7:18 from 2601:9c0:57f:fd20:aa4a:63ff:fe1e:5ade:60350
2023 Jun 15 07:33:52.728153 dropbear[31746]:  Exit (root): Disconnect received
2023 Jun 15 07:33:53.086390 dropbear[31762]:  Child connection from 2601:9c0:57f:fd20:aa4a:63ff:fe1e:5ade:60362
2023 Jun 15 07:33:53.343858 dropbear[31762]:  Pubkey auth succeeded for 'root' with key sha1!! cb:b6:ab:d6:04:69:c4:6b:d4:b0:1b:74:7c:fe:1a:6a:2f:68:d7:18 from 2601:9c0:57f:fd20:aa4a:63ff:fe1e:5ade:60362
2023 Jun 15 07:33:53.554145 dropbear[31762]:  Exit (root): Disconnect received
2023 Jun 15 07:33:53.590738 dropbear[31768]:  Child connection from 2601:9c0:57f:fd20:aa4a:63ff:fe1e:5ade:60364
2023 Jun 15 07:33:53.828836 dropbear[31768]:  Pubkey auth succeeded for 'root' with key sha1!! cb:b6:ab:d6:04:69:c4:6b:d4:b0:1b:74:7c:fe:1a:6a:2f:68:d7:18 from 2601:9c0:57f:fd20:aa4a:63ff:fe1e:5ade:60364
2023 Jun 15 07:33:53.997223 dropbear[31768]:  Exit (root): Disconnect received
2023 Jun 15 07:33:54.386256 dropbear[31777]:  Child connection from 2601:9c0:57f:fd20:aa4a:63ff:fe1e:5ade:60366
2023 Jun 15 07:33:54.634765 dropbear[31777]:  Pubkey auth succeeded for 'root' with key sha1!! cb:b6:ab:d6:04:69:c4:6b:d4:b0:1b:74:7c:fe:1a:6a:2f:68:d7:18 from 2601:9c0:57f:fd20:aa4a:63ff:fe1e:5ade:60366
2023 Jun 15 07:33:54.777584 dropbear[31777]:  Exit (root): Disconnect received
2023 Jun 15 07:33:55.616342 dropbear[31786]:  Child connection from 2601:9c0:57f:fd20:aa4a:63ff:fe1e:5ade:60368
2023 Jun 15 07:33:55.864490 dropbear[31786]:  Pubkey auth succeeded for 'root' with key sha1!! cb:b6:ab:d6:04:69:c4:6b:d4:b0:1b:74:7c:fe:1a:6a:2f:68:d7:18 from 2601:9c0:57f:fd20:aa4a:63ff:fe1e:5ade:60368
2023 Jun 15 07:33:56.065805 dropbear[31786]:  Exit (root): Disconnect received
2023 Jun 15 07:33:56.804642 dropbear[31793]:  Child connection from 2601:9c0:57f:fd20:aa4a:63ff:fe1e:5ade:60370
2023 Jun 15 07:33:57.124834 dropbear[31793]:  Pubkey auth succeeded for 'root' with key sha1!! cb:b6:ab:d6:04:69:c4:6b:d4:b0:1b:74:7c:fe:1a:6a:2f:68:d7:18 from 2601:9c0:57f:fd20:aa4a:63ff:fe1e:5ade:60370
2023 Jun 15 07:33:57.377325 dropbear[31793]:  Exit (root): Disconnect received
2023 Jun 15 07:33:58.124554 dropbear[31809]:  Child connection from 2601:9c0:57f:fd20:aa4a:63ff:fe1e:5ade:60372
2023 Jun 15 07:33:58.458196 dropbear[31809]:  Pubkey auth succeeded for 'root' with key sha1!! cb:b6:ab:d6:04:69:c4:6b:d4:b0:1b:74:7c:fe:1a:6a:2f:68:d7:18 from 2601:9c0:57f:fd20:aa4a:63ff:fe1e:5ade:60372
2023 Jun 15 07:33:58.594146 dropbear[31809]:  Exit (root): Disconnect received
2023 Jun 15 07:33:59.431061 dropbear[31818]:  Child connection from 2601:9c0:57f:fd20:aa4a:63ff:fe1e:5ade:60374
2023 Jun 15 07:33:59.763190 dropbear[31818]:  Pubkey auth succeeded for 'root' with key sha1!! cb:b6:ab:d6:04:69:c4:6b:d4:b0:1b:74:7c:fe:1a:6a:2f:68:d7:18 from 2601:9c0:57f:fd20:aa4a:63ff:fe1e:5ade:60374
2023 Jun 15 07:33:59.899153 dropbear[31818]:  Exit (root): Disconnect received
2023 Jun 15 07:34:00.717342 dropbear[31825]:  Child connection from 2601:9c0:57f:fd20:aa4a:63ff:fe1e:5ade:60376
2023 Jun 15 07:34:00.969886 dropbear[31825]:  Pubkey auth succeeded for 'root' with key sha1!! cb:b6:ab:d6:04:69:c4:6b:d4:b0:1b:74:7c:fe:1a:6a:2f:68:d7:18 from 2601:9c0:57f:fd20:aa4a:63ff:fe1e:5ade:60376
2023 Jun 15 07:34:01.102996 dropbear[31825]:  Exit (root): Disconnect received
2023 Jun 15 07:34:01.964275 dropbear[31836]:  Child connection from 2601:9c0:57f:fd20:aa4a:63ff:fe1e:5ade:60378
2023 Jun 15 07:34:02.297318 dropbear[31836]:  Pubkey auth succeeded for 'root' with key sha1!! cb:b6:ab:d6:04:69:c4:6b:d4:b0:1b:74:7c:fe:1a:6a:2f:68:d7:18 from 2601:9c0:57f:fd20:aa4a:63ff:fe1e:5ade:60378
2023 Jun 15 07:34:02.451250 dropbear[31836]:  Exit (root): Disconnect received
2023 Jun 15 07:35:04.863119 dropbear[1254]:  Child connection from 2601:9c0:57f:fd20:aa4a:63ff:fe1e:5ade:60478
2023 Jun 15 07:35:05.096317 dropbear[1254]:  Pubkey auth succeeded for 'root' with key sha1!! cb:b6:ab:d6:04:69:c4:6b:d4:b0:1b:74:7c:fe:1a:6a:2f:68:d7:18 from 2601:9c0:57f:fd20:aa4a:63ff:fe1e:5ade:60478
2023 Jun 15 07:35:05.306799 dropbear[1254]:  Exit (root): Disconnect received
2023 Jun 15 07:35:06.162630 dropbear[1276]:  Child connection from 2601:9c0:57f:fd20:aa4a:63ff:fe1e:5ade:60480
2023 Jun 15 07:35:06.423952 dropbear[1276]:  Pubkey auth succeeded for 'root' with key sha1!! cb:b6:ab:d6:04:69:c4:6b:d4:b0:1b:74:7c:fe:1a:6a:2f:68:d7:18 from 2601:9c0:57f:fd20:aa4a:63ff:fe1e:5ade:60480
2023 Jun 15 07:35:06.585544 dropbear[1276]:  Exit (root): Disconnect received
2023 Jun 15 07:35:08.943731 dropbear[1302]:  Child connection from 2601:9c0:57f:fd20:aa4a:63ff:fe1e:5ade:60482
2023 Jun 15 07:35:09.199090 dropbear[1302]:  Pubkey auth succeeded for 'root' with key sha1!! cb:b6:ab:d6:04:69:c4:6b:d4:b0:1b:74:7c:fe:1a:6a:2f:68:d7:18 from 2601:9c0:57f:fd20:aa4a:63ff:fe1e:5ade:60482
2023 Jun 15 07:35:09.402787 dropbear[1302]:  Exit (root): Disconnect received
2023 Jun 15 07:37:28.858884 dropbear[2840]:  Child connection from 2601:9c0:57f:fd20:aa4a:63ff:fe1e:5ade:60568
2023 Jun 15 07:37:29.124467 dropbear[2840]:  Pubkey auth succeeded for 'root' with key sha1!! cb:b6:ab:d6:04:69:c4:6b:d4:b0:1b:74:7c:fe:1a:6a:2f:68:d7:18 from 2601:9c0:57f:fd20:aa4a:63ff:fe1e:5ade:60568
2023 Jun 15 07:37:29.258169 dropbear[2840]:  Exit (root): Disconnect received
2023 Jun 15 07:37:30.289388 dropbear[2853]:  Child connection from 2601:9c0:57f:fd20:aa4a:63ff:fe1e:5ade:60570
2023 Jun 15 07:37:30.547719 dropbear[2853]:  Pubkey auth succeeded for 'root' with key sha1!! cb:b6:ab:d6:04:69:c4:6b:d4:b0:1b:74:7c:fe:1a:6a:2f:68:d7:18 from 2601:9c0:57f:fd20:aa4a:63ff:fe1e:5ade:60570
2023 Jun 15 07:37:30.682740 dropbear[2853]:  Exit (root): Disconnect received
2023 Jun 15 07:37:31.633308 dropbear[2873]:  Child connection from 2601:9c0:57f:fd20:aa4a:63ff:fe1e:5ade:60572
2023 Jun 15 07:37:31.891909 dropbear[2873]:  Pubkey auth succeeded for 'root' with key sha1!! cb:b6:ab:d6:04:69:c4:6b:d4:b0:1b:74:7c:fe:1a:6a:2f:68:d7:18 from 2601:9c0:57f:fd20:aa4a:63ff:fe1e:5ade:60572
2023 Jun 15 07:37:32.025793 dropbear[2873]:  Exit (root): Disconnect received
2023 Jun 15 07:37:33.757152 dropbear[2892]:  Child connection from 2601:9c0:57f:fd20:aa4a:63ff:fe1e:5ade:60580
2023 Jun 15 07:37:34.087728 dropbear[2892]:  Pubkey auth succeeded for 'root' with key sha1!! cb:b6:ab:d6:04:69:c4:6b:d4:b0:1b:74:7c:fe:1a:6a:2f:68:d7:18 from 2601:9c0:57f:fd20:aa4a:63ff:fe1e:5ade:60580
2023 Jun 15 07:37:34.224756 dropbear[2892]:  Exit (root): Disconnect received
2023 Jun 15 07:37:35.364130 dropbear[2903]:  Child connection from 2601:9c0:57f:fd20:aa4a:63ff:fe1e:5ade:60584
2023 Jun 15 07:37:35.707612 dropbear[2903]:  Pubkey auth succeeded for 'root' with key sha1!! cb:b6:ab:d6:04:69:c4:6b:d4:b0:1b:74:7c:fe:1a:6a:2f:68:d7:18 from 2601:9c0:57f:fd20:aa4a:63ff:fe1e:5ade:60584
2023 Jun 15 07:37:35.842022 dropbear[2903]:  Exit (root): Disconnect received
2023 Jun 15 07:37:39.339717 dropbear[2945]:  Child connection from 2601:9c0:57f:fd20:aa4a:63ff:fe1e:5ade:60588
2023 Jun 15 07:37:39.666665 dropbear[2945]:  Pubkey auth succeeded for 'root' with key sha1!! cb:b6:ab:d6:04:69:c4:6b:d4:b0:1b:74:7c:fe:1a:6a:2f:68:d7:18 from 2601:9c0:57f:fd20:aa4a:63ff:fe1e:5ade:60588
2023 Jun 15 07:37:39.805555 dropbear[2945]:  Exit (root): Disconnect received
2023 Jun 15 07:37:42.641748 dropbear[3174]:  Child connection from 2601:9c0:57f:fd20:aa4a:63ff:fe1e:5ade:60598
2023 Jun 15 07:37:42.970580 dropbear[3174]:  Pubkey auth succeeded for 'root' with key sha1!! cb:b6:ab:d6:04:69:c4:6b:d4:b0:1b:74:7c:fe:1a:6a:2f:68:d7:18 from 2601:9c0:57f:fd20:aa4a:63ff:fe1e:5ade:60598
2023 Jun 15 07:37:43.105958 dropbear[3174]:  Exit (root): Disconnect received
2023 Jun 15 07:37:44.047086 dropbear[3191]:  Child connection from 2601:9c0:57f:fd20:aa4a:63ff:fe1e:5ade:60600
2023 Jun 15 07:37:44.304469 dropbear[3191]:  Pubkey auth succeeded for 'root' with key sha1!! cb:b6:ab:d6:04:69:c4:6b:d4:b0:1b:74:7c:fe:1a:6a:2f:68:d7:18 from 2601:9c0:57f:fd20:aa4a:63ff:fe1e:5ade:60600
2023 Jun 15 07:37:44.440109 dropbear[3191]:  Exit (root): Disconnect received
2023 Jun 15 07:37:45.670358 dropbear[3196]:  Child connection from 2601:9c0:57f:fd20:aa4a:63ff:fe1e:5ade:60604
2023 Jun 15 07:37:46.004600 dropbear[3196]:  Pubkey auth succeeded for 'root' with key sha1!! cb:b6:ab:d6:04:69:c4:6b:d4:b0:1b:74:7c:fe:1a:6a:2f:68:d7:18 from 2601:9c0:57f:fd20:aa4a:63ff:fe1e:5ade:60604
2023 Jun 15 07:37:46.267774 dropbear[3196]:  Exit (root): Disconnect received
2023 Jun 15 07:37:47.318992 dropbear[3207]:  Child connection from 2601:9c0:57f:fd20:aa4a:63ff:fe1e:5ade:60606
2023 Jun 15 07:37:47.652380 dropbear[3207]:  Pubkey auth succeeded for 'root' with key sha1!! cb:b6:ab:d6:04:69:c4:6b:d4:b0:1b:74:7c:fe:1a:6a:2f:68:d7:18 from 2601:9c0:57f:fd20:aa4a:63ff:fe1e:5ade:60606
2023 Jun 15 07:37:47.785644 dropbear[3207]:  Exit (root): Disconnect received
2023 Jun 15 07:37:48.856804 dropbear[3219]:  Child connection from 2601:9c0:57f:fd20:aa4a:63ff:fe1e:5ade:60608
2023 Jun 15 07:37:49.190500 dropbear[3219]:  Pubkey auth succeeded for 'root' with key sha1!! cb:b6:ab:d6:04:69:c4:6b:d4:b0:1b:74:7c:fe:1a:6a:2f:68:d7:18 from 2601:9c0:57f:fd20:aa4a:63ff:fe1e:5ade:60608
2023 Jun 15 07:37:49.326889 dropbear[3219]:  Exit (root): Disconnect received
2023 Jun 15 07:37:50.328784 dropbear[3234]:  Child connection from 2601:9c0:57f:fd20:aa4a:63ff:fe1e:5ade:60610
2023 Jun 15 07:37:50.600186 dropbear[3234]:  Pubkey auth succeeded for 'root' with key sha1!! cb:b6:ab:d6:04:69:c4:6b:d4:b0:1b:74:7c:fe:1a:6a:2f:68:d7:18 from 2601:9c0:57f:fd20:aa4a:63ff:fe1e:5ade:60610
2023 Jun 15 07:37:50.870514 dropbear[3234]:  Exit (root): Disconnect received
2023 Jun 15 07:37:51.784155 dropbear[3241]:  Child connection from 2601:9c0:57f:fd20:aa4a:63ff:fe1e:5ade:60612
2023 Jun 15 07:37:52.037626 dropbear[3241]:  Pubkey auth succeeded for 'root' with key sha1!! cb:b6:ab:d6:04:69:c4:6b:d4:b0:1b:74:7c:fe:1a:6a:2f:68:d7:18 from 2601:9c0:57f:fd20:aa4a:63ff:fe1e:5ade:60612
2023 Jun 15 07:37:52.170586 dropbear[3241]:  Exit (root): Disconnect received
2023 Jun 15 07:38:04.594504 dropbear[3345]:  Child connection from 2601:9c0:57f:fd20:aa4a:63ff:fe1e:5ade:60622
2023 Jun 15 07:38:04.902691 dropbear[3345]:  Pubkey auth succeeded for 'root' with key sha1!! cb:b6:ab:d6:04:69:c4:6b:d4:b0:1b:74:7c:fe:1a:6a:2f:68:d7:18 from 2601:9c0:57f:fd20:aa4a:63ff:fe1e:5ade:60622
2023 Jun 15 07:38:05.169090 dropbear[3345]:  Exit (root): Disconnect received
2023 Jun 15 07:38:06.109275 dropbear[3357]:  Child connection from 2601:9c0:57f:fd20:aa4a:63ff:fe1e:5ade:60624
2023 Jun 15 07:38:06.446428 dropbear[3357]:  Pubkey auth succeeded for 'root' with key sha1!! cb:b6:ab:d6:04:69:c4:6b:d4:b0:1b:74:7c:fe:1a:6a:2f:68:d7:18 from 2601:9c0:57f:fd20:aa4a:63ff:fe1e:5ade:60624
2023 Jun 15 07:38:08.707872 dropbear[3357]:  Exit (root): Disconnect received
2023 Jun 15 07:38:09.954003 dropbear[3521]:  Child connection from 2601:9c0:57f:fd20:aa4a:63ff:fe1e:5ade:60634
2023 Jun 15 07:38:10.277959 dropbear[3521]:  Pubkey auth succeeded for 'root' with key sha1!! cb:b6:ab:d6:04:69:c4:6b:d4:b0:1b:74:7c:fe:1a:6a:2f:68:d7:18 from 2601:9c0:57f:fd20:aa4a:63ff:fe1e:5ade:60634
2023 Jun 15 07:38:10.934789 dropbear[3521]:  Exit (root): Disconnect received
2023 Jun 15 07:38:11.901624 dropbear[3539]:  Child connection from 2601:9c0:57f:fd20:aa4a:63ff:fe1e:5ade:60644
2023 Jun 15 07:38:12.234401 dropbear[3539]:  Pubkey auth succeeded for 'root' with key sha1!! cb:b6:ab:d6:04:69:c4:6b:d4:b0:1b:74:7c:fe:1a:6a:2f:68:d7:18 from 2601:9c0:57f:fd20:aa4a:63ff:fe1e:5ade:60644
2023 Jun 15 07:38:12.443482 dropbear[3539]:  Exit (root): Disconnect received
2023 Jun 15 07:38:13.345885 dropbear[3548]:  Child connection from 2601:9c0:57f:fd20:aa4a:63ff:fe1e:5ade:60646
2023 Jun 15 07:38:13.675392 dropbear[3548]:  Pubkey auth succeeded for 'root' with key sha1!! cb:b6:ab:d6:04:69:c4:6b:d4:b0:1b:74:7c:fe:1a:6a:2f:68:d7:18 from 2601:9c0:57f:fd20:aa4a:63ff:fe1e:5ade:60646
2023 Jun 15 07:38:13.814030 dropbear[3548]:  Exit (root): Disconnect received
2023 Jun 15 07:38:14.723189 dropbear[3560]:  Child connection from 2601:9c0:57f:fd20:aa4a:63ff:fe1e:5ade:60648
2023 Jun 15 07:38:14.987850 dropbear[3560]:  Pubkey auth succeeded for 'root' with key sha1!! cb:b6:ab:d6:04:69:c4:6b:d4:b0:1b:74:7c:fe:1a:6a:2f:68:d7:18 from 2601:9c0:57f:fd20:aa4a:63ff:fe1e:5ade:60648
2023 Jun 15 07:38:15.300111 dropbear[3560]:  Exit (root): Disconnect received
2023 Jun 15 07:38:16.293533 dropbear[3570]:  Child connection from 2601:9c0:57f:fd20:aa4a:63ff:fe1e:5ade:60652
2023 Jun 15 07:38:16.625126 dropbear[3570]:  Pubkey auth succeeded for 'root' with key sha1!! cb:b6:ab:d6:04:69:c4:6b:d4:b0:1b:74:7c:fe:1a:6a:2f:68:d7:18 from 2601:9c0:57f:fd20:aa4a:63ff:fe1e:5ade:60652
2023 Jun 15 07:38:16.763536 dropbear[3570]:  Exit (root): Disconnect received
2023 Jun 15 07:38:17.768973 dropbear[3574]:  Child connection from 2601:9c0:57f:fd20:aa4a:63ff:fe1e:5ade:60654
2023 Jun 15 07:38:18.106766 dropbear[3574]:  Pubkey auth succeeded for 'root' with key sha1!! cb:b6:ab:d6:04:69:c4:6b:d4:b0:1b:74:7c:fe:1a:6a:2f:68:d7:18 from 2601:9c0:57f:fd20:aa4a:63ff:fe1e:5ade:60654
2023 Jun 15 07:38:18.244481 dropbear[3574]:  Exit (root): Disconnect received
2023 Jun 15 07:38:23.395216 dropbear[3595]:  Child connection from 2601:9c0:57f:fd20:aa4a:63ff:fe1e:5ade:60658
2023 Jun 15 07:38:23.739843 dropbear[3595]:  Pubkey auth succeeded for 'root' with key sha1!! cb:b6:ab:d6:04:69:c4:6b:d4:b0:1b:74:7c:fe:1a:6a:2f:68:d7:18 from 2601:9c0:57f:fd20:aa4a:63ff:fe1e:5ade:60658
2023 Jun 15 07:38:23.898825 dropbear[3595]:  Exit (root): Disconnect received
2023 Jun 15 07:38:24.938855 dropbear[3623]:  Child connection from 2601:9c0:57f:fd20:aa4a:63ff:fe1e:5ade:60660
2023 Jun 15 07:38:24.967805 dropbear[3628]:  Child connection from 2601:9c0:57f:fd20:aa4a:63ff:fe1e:5ade:60662
2023 Jun 15 07:38:25.259198 dropbear[3623]:  Pubkey auth succeeded for 'root' with key sha1!! cb:b6:ab:d6:04:69:c4:6b:d4:b0:1b:74:7c:fe:1a:6a:2f:68:d7:18 from 2601:9c0:57f:fd20:aa4a:63ff:fe1e:5ade:60660
2023 Jun 15 07:38:25.299140 dropbear[3628]:  Pubkey auth succeeded for 'root' with key sha1!! cb:b6:ab:d6:04:69:c4:6b:d4:b0:1b:74:7c:fe:1a:6a:2f:68:d7:18 from 2601:9c0:57f:fd20:aa4a:63ff:fe1e:5ade:60662
2023 Jun 15 07:38:25.456971 dropbear[3623]:  Exit (root): Disconnect received
2023 Jun 15 07:38:25.491756 dropbear[3628]:  Exit (root): Disconnect received
2023 Jun 15 07:38:28.052633 dropbear[3722]:  Child connection from 2601:9c0:57f:fd20:aa4a:63ff:fe1e:5ade:60666
2023 Jun 15 07:38:28.081018 dropbear[3723]:  Child connection from 2601:9c0:57f:fd20:aa4a:63ff:fe1e:5ade:60668
2023 Jun 15 07:38:28.372582 dropbear[3722]:  Pubkey auth succeeded for 'root' with key sha1!! cb:b6:ab:d6:04:69:c4:6b:d4:b0:1b:74:7c:fe:1a:6a:2f:68:d7:18 from 2601:9c0:57f:fd20:aa4a:63ff:fe1e:5ade:60666
2023 Jun 15 07:38:28.413399 dropbear[3723]:  Pubkey auth succeeded for 'root' with key sha1!! cb:b6:ab:d6:04:69:c4:6b:d4:b0:1b:74:7c:fe:1a:6a:2f:68:d7:18 from 2601:9c0:57f:fd20:aa4a:63ff:fe1e:5ade:60668
2023 Jun 15 07:38:28.559649 dropbear[3722]:  Exit (root): Disconnect received
2023 Jun 15 07:38:28.616227 dropbear[3723]:  Exit (root): Disconnect received
2023 Jun 15 07:38:29.617392 dropbear[3737]:  Child connection from 2601:9c0:57f:fd20:aa4a:63ff:fe1e:5ade:60670
2023 Jun 15 07:38:29.953770 dropbear[3737]:  Pubkey auth succeeded for 'root' with key sha1!! cb:b6:ab:d6:04:69:c4:6b:d4:b0:1b:74:7c:fe:1a:6a:2f:68:d7:18 from 2601:9c0:57f:fd20:aa4a:63ff:fe1e:5ade:60670
2023 Jun 15 07:38:36.370496 dropbear[3784]:  Child connection from 2601:9c0:57f:fd20:aa4a:63ff:fe1e:5ade:60674
2023 Jun 15 07:38:36.651048 dropbear[3784]:  Pubkey auth succeeded for 'root' with key sha1!! cb:b6:ab:d6:04:69:c4:6b:d4:b0:1b:74:7c:fe:1a:6a:2f:68:d7:18 from 2601:9c0:57f:fd20:aa4a:63ff:fe1e:5ade:60674
2023 Jun 15 07:38:36.792633 dropbear[3784]:  Exit (root): Disconnect received
2023 Jun 15 07:38:38.468303 dropbear[3801]:  Child connection from 2601:9c0:57f:fd20:aa4a:63ff:fe1e:5ade:60676
2023 Jun 15 07:38:38.707890 dropbear[3801]:  Pubkey auth succeeded for 'root' with key sha1!! cb:b6:ab:d6:04:69:c4:6b:d4:b0:1b:74:7c:fe:1a:6a:2f:68:d7:18 from 2601:9c0:57f:fd20:aa4a:63ff:fe1e:5ade:60676
2023 Jun 15 07:38:38.852582 dropbear[3801]:  Exit (root): Disconnect received
2023 Jun 15 07:38:40.256355 dropbear[3831]:  Child connection from 2601:9c0:57f:fd20:aa4a:63ff:fe1e:5ade:60678
2023 Jun 15 07:38:40.533058 dropbear[3831]:  Pubkey auth succeeded for 'root' with key sha1!! cb:b6:ab:d6:04:69:c4:6b:d4:b0:1b:74:7c:fe:1a:6a:2f:68:d7:18 from 2601:9c0:57f:fd20:aa4a:63ff:fe1e:5ade:60678
2023 Jun 15 07:38:40.642390 dropbear[3844]:  Child connection from 2601:9c0:57f:fd20:aa4a:63ff:fe1e:5ade:60680
2023 Jun 15 07:38:40.708299 dropbear[3831]:  Exit (root): Disconnect received
2023 Jun 15 07:38:40.909385 dropbear[3844]:  Pubkey auth succeeded for 'root' with key sha1!! cb:b6:ab:d6:04:69:c4:6b:d4:b0:1b:74:7c:fe:1a:6a:2f:68:d7:18 from 2601:9c0:57f:fd20:aa4a:63ff:fe1e:5ade:60680
2023 Jun 15 07:38:41.047705 dropbear[3844]:  Exit (root): Disconnect received
2023 Jun 15 07:38:42.510190 dropbear[3853]:  Child connection from 2601:9c0:57f:fd20:aa4a:63ff:fe1e:5ade:60688
2023 Jun 15 07:38:42.779720 dropbear[3853]:  Pubkey auth succeeded for 'root' with key sha1!! cb:b6:ab:d6:04:69:c4:6b:d4:b0:1b:74:7c:fe:1a:6a:2f:68:d7:18 from 2601:9c0:57f:fd20:aa4a:63ff:fe1e:5ade:60688
2023 Jun 15 07:38:42.986347 dropbear[3853]:  Exit (root): Disconnect received
2023 Jun 15 07:38:54.483124 dropbear[4119]:  Child connection from 2601:9c0:57f:fd20:aa4a:63ff:fe1e:5ade:60700
2023 Jun 15 07:38:54.826005 dropbear[4119]:  Pubkey auth succeeded for 'root' with key sha1!! cb:b6:ab:d6:04:69:c4:6b:d4:b0:1b:74:7c:fe:1a:6a:2f:68:d7:18 from 2601:9c0:57f:fd20:aa4a:63ff:fe1e:5ade:60700
2023 Jun 15 07:38:54.993731 dropbear[4119]:  Exit (root): Disconnect received
2023 Jun 15 07:39:01.386002 dropbear[4184]:  Child connection from 2601:9c0:57f:fd20:aa4a:63ff:fe1e:5ade:60708
2023 Jun 15 07:39:01.650615 dropbear[4184]:  Pubkey auth succeeded for 'root' with key sha1!! cb:b6:ab:d6:04:69:c4:6b:d4:b0:1b:74:7c:fe:1a:6a:2f:68:d7:18 from 2601:9c0:57f:fd20:aa4a:63ff:fe1e:5ade:60708
2023 Jun 15 07:39:01.957402 dropbear[4184]:  Exit (root): Disconnect received
2023 Jun 15 07:39:03.153276 dropbear[4191]:  Child connection from 2601:9c0:57f:fd20:aa4a:63ff:fe1e:5ade:60710
2023 Jun 15 07:39:03.488616 dropbear[4191]:  Pubkey auth succeeded for 'root' with key sha1!! cb:b6:ab:d6:04:69:c4:6b:d4:b0:1b:74:7c:fe:1a:6a:2f:68:d7:18 from 2601:9c0:57f:fd20:aa4a:63ff:fe1e:5ade:60710
2023 Jun 15 07:39:05.695137 dropbear[4191]:  Exit (root): Disconnect received
2023 Jun 15 07:39:07.848951 dropbear[4235]:  Child connection from 2601:9c0:57f:fd20:aa4a:63ff:fe1e:5ade:60726
2023 Jun 15 07:39:08.146925 dropbear[4235]:  Pubkey auth succeeded for 'root' with key sha1!! cb:b6:ab:d6:04:69:c4:6b:d4:b0:1b:74:7c:fe:1a:6a:2f:68:d7:18 from 2601:9c0:57f:fd20:aa4a:63ff:fe1e:5ade:60726
2023 Jun 15 07:39:08.803132 dropbear[4235]:  Exit (root): Disconnect received
2023 Jun 15 07:39:10.695180 dropbear[4265]:  Child connection from 2601:9c0:57f:fd20:aa4a:63ff:fe1e:5ade:60728
2023 Jun 15 07:39:10.951572 dropbear[4265]:  Pubkey auth succeeded for 'root' with key sha1!! cb:b6:ab:d6:04:69:c4:6b:d4:b0:1b:74:7c:fe:1a:6a:2f:68:d7:18 from 2601:9c0:57f:fd20:aa4a:63ff:fe1e:5ade:60728
2023 Jun 15 07:39:11.091110 dropbear[4265]:  Exit (root): Disconnect received
2023 Jun 15 07:39:12.264814 dropbear[4278]:  Child connection from 2601:9c0:57f:fd20:aa4a:63ff:fe1e:5ade:60736
2023 Jun 15 07:39:12.546380 dropbear[4278]:  Pubkey auth succeeded for 'root' with key sha1!! cb:b6:ab:d6:04:69:c4:6b:d4:b0:1b:74:7c:fe:1a:6a:2f:68:d7:18 from 2601:9c0:57f:fd20:aa4a:63ff:fe1e:5ade:60736
2023 Jun 15 07:39:12.683412 dropbear[4278]:  Exit (root): Disconnect received
2023 Jun 15 07:39:13.714394 dropbear[4288]:  Child connection from 2601:9c0:57f:fd20:aa4a:63ff:fe1e:5ade:60738
